[ 2018-04-28T11:44:30+08:00 ] ::1 /famaotang/Public/famaotang/js/swiper.min.js
ERR: 无法加载模块:Public

[ 2018-04-28T11:44:30+08:00 ] ::1 /famaotang/Public/famaotang/js/app.js
ERR: 无法加载模块:Public

[ 2018-04-28T11:44:30+08:00 ] ::1 /famaotang/Public/famaotang/css/iconfont.css
ERR: 无法加载模块:Public

[ 2018-04-28T11:44:30+08:00 ] ::1 /famaotang/Public/famaotang/js/sm.min.js
ERR: 无法加载模块:Public

[ 2018-04-28T11:44:30+08:00 ] ::1 /famaotang/Public/famaotang/js/zepto.min.js
ERR: 无法加载模块:Public

[ 2018-04-28T11:44:31+08:00 ] ::1 /famaotang/Public/famaotang/css/demo.css
ERR: 无法加载模块:Public

[ 2018-04-28T11:44:31+08:00 ] ::1 /famaotang/Public/famaotang/css/swiper.min.css
ERR: 无法加载模块:Public

[ 2018-04-28T11:44:31+08:00 ] ::1 /famaotang/Public/famaotang/css/sm.min.css
ERR: 无法加载模块:Public

[ 2018-04-28T11:44:31+08:00 ] ::1 /famaotang/Public/famaotang/js/swiper.min.js
ERR: 无法加载模块:Public

[ 2018-04-28T11:44:32+08:00 ] ::1 /famaotang/Public/famaotang/js/zepto.min.js
ERR: 无法加载模块:Public

[ 2018-04-28T11:44:32+08:00 ] ::1 /famaotang/Public/famaotang/js/sm.min.js
ERR: 无法加载模块:Public

[ 2018-04-28T11:44:33+08:00 ] ::1 /famaotang/Public/famaotang/static/icon_min.png
ERR: 无法加载模块:Public

[ 2018-04-28T11:45:49+08:00 ] ::1 /famaotang/Public/famaotang/js/swiper.min.js
ERR: 无法加载模块:Public

[ 2018-04-28T11:45:49+08:00 ] ::1 /famaotang/Public/famaotang/css/swiper.min.css
ERR: 无法加载模块:Public

[ 2018-04-28T11:45:49+08:00 ] ::1 /famaotang/Public/famaotang/css/demo.css
ERR: 无法加载模块:Public

[ 2018-04-28T11:45:49+08:00 ] ::1 /famaotang/Public/famaotang/js/zepto.min.js
ERR: 无法加载模块:Public

[ 2018-04-28T11:45:49+08:00 ] ::1 /famaotang/Public/famaotang/js/app.js
ERR: 无法加载模块:Public

[ 2018-04-28T11:45:49+08:00 ] ::1 /famaotang/Public/famaotang/css/iconfont.css
ERR: 无法加载模块:Public

[ 2018-04-28T11:45:49+08:00 ] ::1 /famaotang/Public/famaotang/js/sm.min.js
ERR: 无法加载模块:Public

[ 2018-04-28T11:45:49+08:00 ] ::1 /famaotang/Public/famaotang/css/sm.min.css
ERR: 无法加载模块:Public

[ 2018-04-28T11:45:49+08:00 ] ::1 /famaotang/Public/famaotang/js/swiper.min.js
ERR: 无法加载模块:Public

[ 2018-04-28T11:45:49+08:00 ] ::1 /famaotang/Public/famaotang/js/zepto.min.js
ERR: 无法加载模块:Public

[ 2018-04-28T11:45:49+08:00 ] ::1 /famaotang/Public/famaotang/js/sm.min.js
ERR: 无法加载模块:Public

[ 2018-04-28T16:17:48+08:00 ] 113.109.123.65 /favicon.ico
INFO: [ app_init ] --START--
INFO: Run Behavior\BuildLiteBehavior [ RunTime:0.000054s ]
INFO: [ app_init ] --END-- [ RunTime:0.000600s ]
ERR: 无法加载模块:Favicon

[ 2018-04-28T17:55:28+08:00 ] 113.109.123.65 /public/uploads/dealer/3183/1524909327_1_9601.jpg
INFO: [ app_init ] --START--
INFO: Run Behavior\BuildLiteBehavior [ RunTime:0.000054s ]
INFO: [ app_init ] --END-- [ RunTime:0.000611s ]
ERR: 无法加载模块:Public

[ 2018-04-28T17:55:38+08:00 ] 113.109.123.65 /public/uploads/dealer/3183/1524909338_1_5214.jpg
INFO: [ app_init ] --START--
INFO: Run Behavior\BuildLiteBehavior [ RunTime:0.000054s ]
INFO: [ app_init ] --END-- [ RunTime:0.000601s ]
ERR: 无法加载模块:Public

[ 2018-04-28T18:00:03+08:00 ] 113.109.123.65 /Public/uploads/product/3183/15248890162_4568.jpg
INFO: [ app_init ] --START--
INFO: Run Behavior\BuildLiteBehavior [ RunTime:0.000055s ]
INFO: [ app_init ] --END-- [ RunTime:0.000580s ]
ERR: 无法加载模块:Public

[ 2018-04-28T18:32:35+08:00 ] 113.109.123.65 /Public/uploads/product/3183/15248890162_4568.jpg
INFO: [ app_init ] --START--
INFO: Run Behavior\BuildLiteBehavior [ RunTime:0.000054s ]
INFO: [ app_init ] --END-- [ RunTime:0.000588s ]
ERR: 无法加载模块:Public

[ 2018-04-28T18:32:54+08:00 ] 113.109.123.65 /Public/uploads/product/3183/15248890162_4568.jpg
INFO: [ app_init ] --START--
INFO: Run Behavior\BuildLiteBehavior [ RunTime:0.000055s ]
INFO: [ app_init ] --END-- [ RunTime:0.000561s ]
ERR: 无法加载模块:Public

[ 2018-04-28T18:41:00+08:00 ] 113.109.123.65 /Public/uploads/product/3183/15248890162_4568.jpg
INFO: [ app_init ] --START--
INFO: Run Behavior\BuildLiteBehavior [ RunTime:0.000055s ]
INFO: [ app_init ] --END-- [ RunTime:0.000607s ]
ERR: 无法加载模块:Public

[ 2018-04-28T18:44:40+08:00 ] 113.109.123.65 /Public/uploads/product/3183/15248890162_4568.jpg
INFO: [ app_init ] --START--
INFO: Run Behavior\BuildLiteBehavior [ RunTime:0.000055s ]
INFO: [ app_init ] --END-- [ RunTime:0.000616s ]
ERR: 无法加载模块:Public

[ 2018-04-28T18:52:58+08:00 ] 58.63.147.5 /Public/uploads/product/3183/15248890162_4568.jpg
INFO: [ app_init ] --START--
INFO: Run Behavior\BuildLiteBehavior [ RunTime:0.000055s ]
INFO: [ app_init ] --END-- [ RunTime:0.000586s ]
ERR: 无法加载模块:Public

[ 2018-04-28T18:53:15+08:00 ] 58.63.147.5 /Public/uploads/product/3183/15248890162_4568.jpg
INFO: [ app_init ] --START--
INFO: Run Behavior\BuildLiteBehavior [ RunTime:0.000055s ]
INFO: [ app_init ] --END-- [ RunTime:0.000656s ]
ERR: 无法加载模块:Public

[ 2018-04-28T18:54:32+08:00 ] 113.109.123.65 /Public/uploads/product/3183/15248890162_4568.jpg
INFO: [ app_init ] --START--
INFO: Run Behavior\BuildLiteBehavior [ RunTime:0.000055s ]
INFO: [ app_init ] --END-- [ RunTime:0.000621s ]
ERR: 无法加载模块:Public

[ 2018-04-28T19:00:42+08:00 ] 113.109.123.65 /Public/qingdou/static/dealer_tj_icon.png
INFO: [ app_init ] --START--
INFO: Run Behavior\BuildLiteBehavior [ RunTime:0.000080s ]
INFO: [ app_init ] --END-- [ RunTime:0.000883s ]
ERR: 无法加载模块:Public

[ 2018-04-28T19:00:50+08:00 ] 113.109.123.65 /Public/qingdou/static/dealer_tj_icon.png
INFO: [ app_init ] --START--
INFO: Run Behavior\BuildLiteBehavior [ RunTime:0.000054s ]
INFO: [ app_init ] --END-- [ RunTime:0.000666s ]
ERR: 无法加载模块:Public

