[ 2018-10-15T03:38:31+08:00 ] 36.157.131.217 /favicon.ico
ERR: 无法加载模块:Favicon

[ 2018-10-15T08:18:26+08:00 ] 36.157.131.217 /favicon.ico
ERR: 无法加载模块:Favicon

[ 2018-10-15T08:19:12+08:00 ] 36.157.131.217 /favicon.ico
ERR: 无法加载模块:Favicon

[ 2018-10-15T08:19:41+08:00 ] 36.157.131.217 /favicon.ico
ERR: 无法加载模块:Favicon

[ 2018-10-15T08:34:54+08:00 ] 117.188.134.183 /favicon.ico
ERR: 无法加载模块:Favicon

[ 2018-10-15T08:49:51+08:00 ] 112.97.57.128 /favicon.ico
ERR: 无法加载模块:Favicon

[ 2018-10-15T08:50:40+08:00 ] 112.97.57.128 /favicon.ico
ERR: 无法加载模块:Favicon

[ 2018-10-15T08:50:42+08:00 ] 112.97.57.128 /favicon.ico
ERR: 无法加载模块:Favicon

[ 2018-10-15T08:51:06+08:00 ] 112.97.57.128 /favicon.ico
ERR: 无法加载模块:Favicon

[ 2018-10-15T08:51:10+08:00 ] 112.97.57.128 /favicon.ico
ERR: 无法加载模块:Favicon

[ 2018-10-15T08:51:18+08:00 ] 112.97.57.128 /favicon.ico
ERR: 无法加载模块:Favicon

[ 2018-10-15T08:51:24+08:00 ] 112.97.57.128 /favicon.ico
ERR: 无法加载模块:Favicon

[ 2018-10-15T08:51:26+08:00 ] 112.97.57.128 /favicon.ico
ERR: 无法加载模块:Favicon

[ 2018-10-15T08:51:34+08:00 ] 112.97.57.128 /favicon.ico
ERR: 无法加载模块:Favicon

[ 2018-10-15T08:51:36+08:00 ] 112.97.57.128 /favicon.ico
ERR: 无法加载模块:Favicon

[ 2018-10-15T08:51:48+08:00 ] 112.97.57.128 /favicon.ico
ERR: 无法加载模块:Favicon

[ 2018-10-15T08:51:53+08:00 ] 112.97.57.128 /favicon.ico
ERR: 无法加载模块:Favicon

[ 2018-10-15T08:52:06+08:00 ] 112.97.57.128 /favicon.ico
ERR: 无法加载模块:Favicon

[ 2018-10-15T08:52:21+08:00 ] 112.97.57.128 /favicon.ico
ERR: 无法加载模块:Favicon

[ 2018-10-15T08:54:17+08:00 ] 175.5.199.138 /favicon.ico
ERR: 无法加载模块:Favicon

[ 2018-10-15T09:04:16+08:00 ] 112.97.57.128 /favicon.ico
ERR: 无法加载模块:Favicon

[ 2018-10-15T09:04:21+08:00 ] 112.97.57.128 /favicon.ico
ERR: 无法加载模块:Favicon

[ 2018-10-15T09:04:25+08:00 ] 112.97.57.128 /favicon.ico
ERR: 无法加载模块:Favicon

[ 2018-10-15T09:08:58+08:00 ] 112.97.57.128 /favicon.ico
ERR: 无法加载模块:Favicon

[ 2018-10-15T09:17:43+08:00 ] 175.5.199.138 /favicon.ico
ERR: 无法加载模块:Favicon

[ 2018-10-15T09:19:16+08:00 ] 1.206.79.208 /favicon.ico
ERR: 无法加载模块:Favicon

[ 2018-10-15T09:26:09+08:00 ] 112.97.57.128 /favicon.ico
ERR: 无法加载模块:Favicon

[ 2018-10-15T09:26:13+08:00 ] 112.97.57.128 /favicon.ico
ERR: 无法加载模块:Favicon

[ 2018-10-15T09:26:21+08:00 ] 112.97.57.128 /favicon.ico
ERR: 无法加载模块:Favicon

[ 2018-10-15T09:27:16+08:00 ] 112.97.57.128 /favicon.ico
ERR: 无法加载模块:Favicon

[ 2018-10-15T09:27:19+08:00 ] 112.97.57.128 /favicon.ico
ERR: 无法加载模块:Favicon

[ 2018-10-15T09:27:25+08:00 ] 112.97.57.128 /favicon.ico
ERR: 无法加载模块:Favicon

[ 2018-10-15T09:27:29+08:00 ] 112.97.57.128 /favicon.ico
ERR: 无法加载模块:Favicon

[ 2018-10-15T09:27:35+08:00 ] 112.97.57.128 /favicon.ico
ERR: 无法加载模块:Favicon

[ 2018-10-15T09:28:15+08:00 ] 112.97.57.128 /favicon.ico
ERR: 无法加载模块:Favicon

[ 2018-10-15T09:28:18+08:00 ] 112.97.57.128 /favicon.ico
ERR: 无法加载模块:Favicon

[ 2018-10-15T09:31:40+08:00 ] 112.97.57.128 /favicon.ico
ERR: 无法加载模块:Favicon

[ 2018-10-15T09:31:49+08:00 ] 112.97.57.128 /favicon.ico
ERR: 无法加载模块:Favicon

[ 2018-10-15T09:33:55+08:00 ] 112.97.57.128 /favicon.ico
ERR: 无法加载模块:Favicon

[ 2018-10-15T09:34:39+08:00 ] 112.97.57.128 /favicon.ico
ERR: 无法加载模块:Favicon

[ 2018-10-15T09:41:32+08:00 ] 113.109.122.173 /favicon.ico
ERR: 无法加载模块:Favicon

[ 2018-10-15T09:41:33+08:00 ] 113.109.122.173 /favicon.ico
ERR: 无法加载模块:Favicon

[ 2018-10-15T09:44:29+08:00 ] 175.5.65.165 /favicon.ico
ERR: 无法加载模块:Favicon

[ 2018-10-15T09:45:26+08:00 ] 112.97.57.128 /favicon.ico
ERR: 无法加载模块:Favicon

[ 2018-10-15T09:45:37+08:00 ] 112.97.57.128 /favicon.ico
ERR: 无法加载模块:Favicon

[ 2018-10-15T09:53:53+08:00 ] 112.97.57.128 /favicon.ico
ERR: 无法加载模块:Favicon

[ 2018-10-15T09:54:01+08:00 ] 112.97.57.128 /favicon.ico
ERR: 无法加载模块:Favicon

[ 2018-10-15T09:59:43+08:00 ] 175.5.65.165 /favicon.ico
ERR: 无法加载模块:Favicon

[ 2018-10-15T10:05:29+08:00 ] 223.104.63.240 /favicon.ico
ERR: 无法加载模块:Favicon

[ 2018-10-15T10:06:37+08:00 ] 175.5.65.165 /favicon.ico
ERR: 无法加载模块:Favicon

[ 2018-10-15T10:38:07+08:00 ] 112.97.57.128 /favicon.ico
ERR: 无法加载模块:Favicon

[ 2018-10-15T10:48:47+08:00 ] 112.97.57.128 /favicon.ico
ERR: 无法加载模块:Favicon

[ 2018-10-15T10:48:57+08:00 ] 112.97.57.128 /favicon.ico
ERR: 无法加载模块:Favicon

[ 2018-10-15T10:57:43+08:00 ] 117.136.79.231 /favicon.ico
ERR: 无法加载模块:Favicon

[ 2018-10-15T11:02:16+08:00 ] 112.97.57.128 /favicon.ico
ERR: 无法加载模块:Favicon

[ 2018-10-15T11:02:31+08:00 ] 112.97.57.128 /favicon.ico
ERR: 无法加载模块:Favicon

[ 2018-10-15T11:06:06+08:00 ] 113.109.122.173 /favicon.ico
ERR: 无法加载模块:Favicon

[ 2018-10-15T11:06:06+08:00 ] 113.109.122.173 /favicon.ico
ERR: 无法加载模块:Favicon

[ 2018-10-15T11:06:13+08:00 ] 175.5.65.165 /favicon.ico
ERR: 无法加载模块:Favicon

[ 2018-10-15T11:47:34+08:00 ] 119.39.248.72 /favicon.ico
ERR: 无法加载模块:Favicon

[ 2018-10-15T11:47:37+08:00 ] 112.97.57.128 /favicon.ico
ERR: 无法加载模块:Favicon

[ 2018-10-15T11:47:47+08:00 ] 112.97.57.128 /favicon.ico
ERR: 无法加载模块:Favicon

[ 2018-10-15T11:47:54+08:00 ] 112.97.57.128 /favicon.ico
ERR: 无法加载模块:Favicon

[ 2018-10-15T11:47:56+08:00 ] 112.97.57.128 /favicon.ico
ERR: 无法加载模块:Favicon

[ 2018-10-15T11:48:05+08:00 ] 112.97.57.128 /favicon.ico
ERR: 无法加载模块:Favicon

[ 2018-10-15T11:48:06+08:00 ] 112.97.57.128 /favicon.ico
ERR: 无法加载模块:Favicon

[ 2018-10-15T11:48:11+08:00 ] 112.97.57.128 /favicon.ico
ERR: 无法加载模块:Favicon

[ 2018-10-15T12:02:00+08:00 ] 106.17.180.150 /favicon.ico
ERR: 无法加载模块:Favicon

[ 2018-10-15T12:07:15+08:00 ] 36.157.187.246 /favicon.ico
ERR: 无法加载模块:Favicon

[ 2018-10-15T12:09:36+08:00 ] 119.39.248.72 /favicon.ico
ERR: 无法加载模块:Favicon

[ 2018-10-15T12:09:54+08:00 ] 116.77.73.251 /favicon.ico
ERR: 无法加载模块:Favicon

[ 2018-10-15T12:10:00+08:00 ] 112.97.57.128 /favicon.ico
ERR: 无法加载模块:Favicon

[ 2018-10-15T12:10:54+08:00 ] 112.97.57.128 /favicon.ico
ERR: 无法加载模块:Favicon

[ 2018-10-15T12:10:58+08:00 ] 112.97.57.128 /favicon.ico
ERR: 无法加载模块:Favicon

[ 2018-10-15T12:10:59+08:00 ] 112.97.57.128 /favicon.ico
ERR: 无法加载模块:Favicon

[ 2018-10-15T12:11:02+08:00 ] 112.97.57.128 /favicon.ico
ERR: 无法加载模块:Favicon

[ 2018-10-15T12:11:27+08:00 ] 112.97.57.128 /favicon.ico
ERR: 无法加载模块:Favicon

[ 2018-10-15T12:11:50+08:00 ] 112.97.57.128 /favicon.ico
ERR: 无法加载模块:Favicon

[ 2018-10-15T12:12:00+08:00 ] 112.97.57.128 /favicon.ico
ERR: 无法加载模块:Favicon

[ 2018-10-15T12:13:55+08:00 ] 36.157.187.246 /favicon.ico
ERR: 无法加载模块:Favicon

[ 2018-10-15T14:55:07+08:00 ] ::1 /famaotang/Public/famaotang/js/swiper.min.js.map
INFO: [ app_init ] --START--
INFO: Run Behavior\BuildLiteBehavior [ RunTime:0.000000s ]
INFO: [ app_init ] --END-- [ RunTime:0.000000s ]
ERR: 无法加载模块:Public

[ 2018-10-15T14:55:07+08:00 ] ::1 /famaotang/Public/famaotang/js/swiper.min.js.map
INFO: [ app_init ] --START--
INFO: Run Behavior\BuildLiteBehavior [ RunTime:0.000000s ]
INFO: [ app_init ] --END-- [ RunTime:0.000000s ]
ERR: 无法加载模块:Public

[ 2018-10-15T14:55:12+08:00 ] ::1 /famaotang/Public/famaotang/js/swiper.min.js.map
INFO: [ app_init ] --START--
INFO: Run Behavior\BuildLiteBehavior [ RunTime:0.000000s ]
INFO: [ app_init ] --END-- [ RunTime:0.000000s ]
ERR: 无法加载模块:Public

[ 2018-10-15T14:55:15+08:00 ] ::1 /famaotang/Public/famaotang/js/swiper.min.js.map
INFO: [ app_init ] --START--
INFO: Run Behavior\BuildLiteBehavior [ RunTime:0.000000s ]
INFO: [ app_init ] --END-- [ RunTime:0.000000s ]
ERR: 无法加载模块:Public

[ 2018-10-15T14:55:17+08:00 ] ::1 /famaotang/Public/famaotang/js/swiper.min.js.map
INFO: [ app_init ] --START--
INFO: Run Behavior\BuildLiteBehavior [ RunTime:0.000000s ]
INFO: [ app_init ] --END-- [ RunTime:0.000000s ]
ERR: 无法加载模块:Public

[ 2018-10-15T14:55:17+08:00 ] ::1 /famaotang/Public/famaotang/js/swiper.min.js.map
INFO: [ app_init ] --START--
INFO: Run Behavior\BuildLiteBehavior [ RunTime:0.000000s ]
INFO: [ app_init ] --END-- [ RunTime:0.000000s ]
ERR: 无法加载模块:Public

[ 2018-10-15T14:55:30+08:00 ] ::1 /famaotang/Public/famaotang/js/swiper.min.js.map
INFO: [ app_init ] --START--
INFO: Run Behavior\BuildLiteBehavior [ RunTime:0.000000s ]
INFO: [ app_init ] --END-- [ RunTime:0.000000s ]
ERR: 无法加载模块:Public

[ 2018-10-15T14:55:33+08:00 ] ::1 /famaotang/Public/famaotang/js/swiper.min.js.map
INFO: [ app_init ] --START--
INFO: Run Behavior\BuildLiteBehavior [ RunTime:0.000000s ]
INFO: [ app_init ] --END-- [ RunTime:0.000000s ]
ERR: 无法加载模块:Public

[ 2018-10-15T14:55:33+08:00 ] ::1 /famaotang/Public/famaotang/js/swiper.min.js.map
INFO: [ app_init ] --START--
INFO: Run Behavior\BuildLiteBehavior [ RunTime:0.000000s ]
INFO: [ app_init ] --END-- [ RunTime:0.000000s ]
ERR: 无法加载模块:Public

[ 2018-10-15T14:55:34+08:00 ] ::1 /famaotang/Public/famaotang/js/swiper.min.js.map
INFO: [ app_init ] --START--
INFO: Run Behavior\BuildLiteBehavior [ RunTime:0.000000s ]
INFO: [ app_init ] --END-- [ RunTime:0.000000s ]
ERR: 无法加载模块:Public

[ 2018-10-15T14:55:37+08:00 ] ::1 /famaotang/Public/famaotang/js/swiper.min.js.map
INFO: [ app_init ] --START--
INFO: Run Behavior\BuildLiteBehavior [ RunTime:0.000000s ]
INFO: [ app_init ] --END-- [ RunTime:0.000000s ]
ERR: 无法加载模块:Public

[ 2018-10-15T14:55:37+08:00 ] ::1 /famaotang/Public/famaotang/js/swiper.min.js.map
INFO: [ app_init ] --START--
INFO: Run Behavior\BuildLiteBehavior [ RunTime:0.000000s ]
INFO: [ app_init ] --END-- [ RunTime:0.000000s ]
ERR: 无法加载模块:Public

[ 2018-10-15T14:55:41+08:00 ] ::1 /famaotang/Public/famaotang/js/swiper.min.js.map
INFO: [ app_init ] --START--
INFO: Run Behavior\BuildLiteBehavior [ RunTime:0.000000s ]
INFO: [ app_init ] --END-- [ RunTime:0.001000s ]
ERR: 无法加载模块:Public

[ 2018-10-15T14:55:43+08:00 ] ::1 /famaotang/Public/famaotang/js/swiper.min.js.map
INFO: [ app_init ] --START--
INFO: Run Behavior\BuildLiteBehavior [ RunTime:0.000000s ]
INFO: [ app_init ] --END-- [ RunTime:0.000000s ]
ERR: 无法加载模块:Public

[ 2018-10-15T14:55:43+08:00 ] ::1 /famaotang/Public/famaotang/js/swiper.min.js.map
INFO: [ app_init ] --START--
INFO: Run Behavior\BuildLiteBehavior [ RunTime:0.000000s ]
INFO: [ app_init ] --END-- [ RunTime:0.000000s ]
ERR: 无法加载模块:Public

[ 2018-10-15T14:58:07+08:00 ] ::1 /famaotang/Public/famaotang/js/swiper.min.js.map
INFO: [ app_init ] --START--
INFO: Run Behavior\BuildLiteBehavior [ RunTime:0.000000s ]
INFO: [ app_init ] --END-- [ RunTime:0.000000s ]
ERR: 无法加载模块:Public

[ 2018-10-15T14:58:07+08:00 ] ::1 /famaotang/Public/famaotang/js/swiper.min.js.map
INFO: [ app_init ] --START--
INFO: Run Behavior\BuildLiteBehavior [ RunTime:0.000000s ]
INFO: [ app_init ] --END-- [ RunTime:0.000000s ]
ERR: 无法加载模块:Public

[ 2018-10-15T14:58:10+08:00 ] ::1 /famaotang/Public/famaotang/js/swiper.min.js.map
INFO: [ app_init ] --START--
INFO: Run Behavior\BuildLiteBehavior [ RunTime:0.000000s ]
INFO: [ app_init ] --END-- [ RunTime:0.000000s ]
ERR: 无法加载模块:Public

[ 2018-10-15T14:58:12+08:00 ] ::1 /famaotang/Public/famaotang/js/swiper.min.js.map
INFO: [ app_init ] --START--
INFO: Run Behavior\BuildLiteBehavior [ RunTime:0.000000s ]
INFO: [ app_init ] --END-- [ RunTime:0.000000s ]
ERR: 无法加载模块:Public

[ 2018-10-15T14:58:22+08:00 ] ::1 /famaotang/Public/famaotang/js/swiper.min.js.map
INFO: [ app_init ] --START--
INFO: Run Behavior\BuildLiteBehavior [ RunTime:0.001000s ]
INFO: [ app_init ] --END-- [ RunTime:0.001000s ]
ERR: 无法加载模块:Public

[ 2018-10-15T14:58:25+08:00 ] ::1 /famaotang/Public/famaotang/js/swiper.min.js.map
INFO: [ app_init ] --START--
INFO: Run Behavior\BuildLiteBehavior [ RunTime:0.000000s ]
INFO: [ app_init ] --END-- [ RunTime:0.000000s ]
ERR: 无法加载模块:Public

[ 2018-10-15T14:58:25+08:00 ] ::1 /famaotang/Public/famaotang/js/swiper.min.js.map
INFO: [ app_init ] --START--
INFO: Run Behavior\BuildLiteBehavior [ RunTime:0.000000s ]
INFO: [ app_init ] --END-- [ RunTime:0.000000s ]
ERR: 无法加载模块:Public

[ 2018-10-15T14:58:29+08:00 ] ::1 /famaotang/Public/famaotang/js/swiper.min.js.map
INFO: [ app_init ] --START--
INFO: Run Behavior\BuildLiteBehavior [ RunTime:0.000000s ]
INFO: [ app_init ] --END-- [ RunTime:0.000000s ]
ERR: 无法加载模块:Public

[ 2018-10-15T14:58:31+08:00 ] ::1 /famaotang/Public/famaotang/js/swiper.min.js.map
INFO: [ app_init ] --START--
INFO: Run Behavior\BuildLiteBehavior [ RunTime:0.000000s ]
INFO: [ app_init ] --END-- [ RunTime:0.000000s ]
ERR: 无法加载模块:Public

[ 2018-10-15T14:58:32+08:00 ] ::1 /famaotang/Public/famaotang/js/swiper.min.js.map
INFO: [ app_init ] --START--
INFO: Run Behavior\BuildLiteBehavior [ RunTime:0.000000s ]
INFO: [ app_init ] --END-- [ RunTime:0.000000s ]
ERR: 无法加载模块:Public

[ 2018-10-15T14:58:34+08:00 ] ::1 /famaotang/Public/famaotang/js/swiper.min.js.map
INFO: [ app_init ] --START--
INFO: Run Behavior\BuildLiteBehavior [ RunTime:0.000000s ]
INFO: [ app_init ] --END-- [ RunTime:0.000000s ]
ERR: 无法加载模块:Public

[ 2018-10-15T14:58:37+08:00 ] ::1 /famaotang/Public/famaotang/js/swiper.min.js.map
INFO: [ app_init ] --START--
INFO: Run Behavior\BuildLiteBehavior [ RunTime:0.000000s ]
INFO: [ app_init ] --END-- [ RunTime:0.000000s ]
ERR: 无法加载模块:Public

[ 2018-10-15T14:58:37+08:00 ] ::1 /famaotang/Public/famaotang/js/swiper.min.js.map
INFO: [ app_init ] --START--
INFO: Run Behavior\BuildLiteBehavior [ RunTime:0.000000s ]
INFO: [ app_init ] --END-- [ RunTime:0.001000s ]
ERR: 无法加载模块:Public

[ 2018-10-15T14:58:41+08:00 ] ::1 /famaotang/Public/famaotang/js/swiper.min.js.map
INFO: [ app_init ] --START--
INFO: Run Behavior\BuildLiteBehavior [ RunTime:0.000000s ]
INFO: [ app_init ] --END-- [ RunTime:0.000000s ]
ERR: 无法加载模块:Public

[ 2018-10-15T14:59:15+08:00 ] ::1 /famaotang/Public/famaotang/js/swiper.min.js.map
INFO: [ app_init ] --START--
INFO: Run Behavior\BuildLiteBehavior [ RunTime:0.000000s ]
INFO: [ app_init ] --END-- [ RunTime:0.001000s ]
ERR: 无法加载模块:Public

[ 2018-10-15T14:59:15+08:00 ] ::1 /famaotang/Public/famaotang/js/swiper.min.js.map
INFO: [ app_init ] --START--
INFO: Run Behavior\BuildLiteBehavior [ RunTime:0.000000s ]
INFO: [ app_init ] --END-- [ RunTime:0.000000s ]
ERR: 无法加载模块:Public

[ 2018-10-15T14:59:22+08:00 ] ::1 /famaotang/Public/famaotang/js/swiper.min.js.map
INFO: [ app_init ] --START--
INFO: Run Behavior\BuildLiteBehavior [ RunTime:0.000000s ]
INFO: [ app_init ] --END-- [ RunTime:0.000000s ]
ERR: 无法加载模块:Public

[ 2018-10-15T14:59:25+08:00 ] ::1 /famaotang/Public/famaotang/js/swiper.min.js.map
INFO: [ app_init ] --START--
INFO: Run Behavior\BuildLiteBehavior [ RunTime:0.000000s ]
INFO: [ app_init ] --END-- [ RunTime:0.000000s ]
ERR: 无法加载模块:Public

[ 2018-10-15T14:59:25+08:00 ] ::1 /famaotang/Public/famaotang/js/swiper.min.js.map
INFO: [ app_init ] --START--
INFO: Run Behavior\BuildLiteBehavior [ RunTime:0.000000s ]
INFO: [ app_init ] --END-- [ RunTime:0.001000s ]
ERR: 无法加载模块:Public

[ 2018-10-15T14:59:27+08:00 ] ::1 /famaotang/Public/famaotang/js/swiper.min.js.map
INFO: [ app_init ] --START--
INFO: Run Behavior\BuildLiteBehavior [ RunTime:0.000000s ]
INFO: [ app_init ] --END-- [ RunTime:0.001000s ]
ERR: 无法加载模块:Public

[ 2018-10-15T14:59:30+08:00 ] ::1 /famaotang/Public/famaotang/js/swiper.min.js.map
INFO: [ app_init ] --START--
INFO: Run Behavior\BuildLiteBehavior [ RunTime:0.000000s ]
INFO: [ app_init ] --END-- [ RunTime:0.000000s ]
ERR: 无法加载模块:Public

[ 2018-10-15T14:59:30+08:00 ] ::1 /famaotang/Public/famaotang/js/swiper.min.js.map
INFO: [ app_init ] --START--
INFO: Run Behavior\BuildLiteBehavior [ RunTime:0.000000s ]
INFO: [ app_init ] --END-- [ RunTime:0.000000s ]
ERR: 无法加载模块:Public

[ 2018-10-15T15:53:20+08:00 ] ::1 /famaotang/Public/famaotang/js/swiper.min.js.map
INFO: [ app_init ] --START--
INFO: Run Behavior\BuildLiteBehavior [ RunTime:0.000000s ]
INFO: [ app_init ] --END-- [ RunTime:0.000000s ]
ERR: 无法加载模块:Public

[ 2018-10-15T15:53:59+08:00 ] ::1 /famaotang/Public/famaotang/js/swiper.min.js.map
INFO: [ app_init ] --START--
INFO: Run Behavior\BuildLiteBehavior [ RunTime:0.000000s ]
INFO: [ app_init ] --END-- [ RunTime:0.001000s ]
ERR: 无法加载模块:Public

[ 2018-10-15T15:54:10+08:00 ] ::1 /famaotang/Public/famaotang/js/swiper.min.js.map
INFO: [ app_init ] --START--
INFO: Run Behavior\BuildLiteBehavior [ RunTime:0.000000s ]
INFO: [ app_init ] --END-- [ RunTime:0.000000s ]
ERR: 无法加载模块:Public

[ 2018-10-15T15:54:18+08:00 ] ::1 /famaotang/Public/famaotang/js/swiper.min.js.map
INFO: [ app_init ] --START--
INFO: Run Behavior\BuildLiteBehavior [ RunTime:0.000000s ]
INFO: [ app_init ] --END-- [ RunTime:0.000000s ]
ERR: 无法加载模块:Public

[ 2018-10-15T15:54:21+08:00 ] ::1 /famaotang/Public/famaotang/js/swiper.min.js.map
INFO: [ app_init ] --START--
INFO: Run Behavior\BuildLiteBehavior [ RunTime:0.000000s ]
INFO: [ app_init ] --END-- [ RunTime:0.000000s ]
ERR: 无法加载模块:Public

[ 2018-10-15T15:54:24+08:00 ] ::1 /famaotang/Public/famaotang/js/swiper.min.js.map
INFO: [ app_init ] --START--
INFO: Run Behavior\BuildLiteBehavior [ RunTime:0.000000s ]
INFO: [ app_init ] --END-- [ RunTime:0.001000s ]
ERR: 无法加载模块:Public

[ 2018-10-15T15:54:24+08:00 ] ::1 /famaotang/Public/famaotang/js/swiper.min.js.map
INFO: [ app_init ] --START--
INFO: Run Behavior\BuildLiteBehavior [ RunTime:0.000000s ]
INFO: [ app_init ] --END-- [ RunTime:0.000000s ]
ERR: 无法加载模块:Public

[ 2018-10-15T15:54:25+08:00 ] ::1 /famaotang/Public/famaotang/js/swiper.min.js.map
INFO: [ app_init ] --START--
INFO: Run Behavior\BuildLiteBehavior [ RunTime:0.000000s ]
INFO: [ app_init ] --END-- [ RunTime:0.000000s ]
ERR: 无法加载模块:Public

[ 2018-10-15T15:54:59+08:00 ] ::1 /famaotang/Public/famaotang/js/swiper.min.js.map
INFO: [ app_init ] --START--
INFO: Run Behavior\BuildLiteBehavior [ RunTime:0.000000s ]
INFO: [ app_init ] --END-- [ RunTime:0.001000s ]
ERR: 无法加载模块:Public

[ 2018-10-15T15:55:01+08:00 ] ::1 /famaotang/Public/famaotang/js/swiper.min.js.map
INFO: [ app_init ] --START--
INFO: Run Behavior\BuildLiteBehavior [ RunTime:0.000000s ]
INFO: [ app_init ] --END-- [ RunTime:0.001000s ]
ERR: 无法加载模块:Public

[ 2018-10-15T15:55:05+08:00 ] ::1 /famaotang/Public/famaotang/js/swiper.min.js.map
INFO: [ app_init ] --START--
INFO: Run Behavior\BuildLiteBehavior [ RunTime:0.000000s ]
INFO: [ app_init ] --END-- [ RunTime:0.000000s ]
ERR: 无法加载模块:Public

[ 2018-10-15T15:55:06+08:00 ] ::1 /famaotang/Public/famaotang/js/swiper.min.js.map
INFO: [ app_init ] --START--
INFO: Run Behavior\BuildLiteBehavior [ RunTime:0.000000s ]
INFO: [ app_init ] --END-- [ RunTime:0.000000s ]
ERR: 无法加载模块:Public

[ 2018-10-15T15:55:06+08:00 ] ::1 /famaotang/Public/famaotang/js/swiper.min.js.map
INFO: [ app_init ] --START--
INFO: Run Behavior\BuildLiteBehavior [ RunTime:0.000000s ]
INFO: [ app_init ] --END-- [ RunTime:0.000000s ]
ERR: 无法加载模块:Public

[ 2018-10-15T15:55:09+08:00 ] ::1 /famaotang/Public/famaotang/js/swiper.min.js.map
INFO: [ app_init ] --START--
INFO: Run Behavior\BuildLiteBehavior [ RunTime:0.000000s ]
INFO: [ app_init ] --END-- [ RunTime:0.001000s ]
ERR: 无法加载模块:Public

[ 2018-10-15T15:55:11+08:00 ] ::1 /famaotang/Public/famaotang/js/swiper.min.js.map
INFO: [ app_init ] --START--
INFO: Run Behavior\BuildLiteBehavior [ RunTime:0.000000s ]
INFO: [ app_init ] --END-- [ RunTime:0.000000s ]
ERR: 无法加载模块:Public

[ 2018-10-15T15:56:30+08:00 ] ::1 /famaotang/Public/famaotang/js/swiper.min.js.map
INFO: [ app_init ] --START--
INFO: Run Behavior\BuildLiteBehavior [ RunTime:0.000000s ]
INFO: [ app_init ] --END-- [ RunTime:0.000000s ]
ERR: 无法加载模块:Public

[ 2018-10-15T15:56:32+08:00 ] ::1 /famaotang/Public/famaotang/js/swiper.min.js.map
INFO: [ app_init ] --START--
INFO: Run Behavior\BuildLiteBehavior [ RunTime:0.000000s ]
INFO: [ app_init ] --END-- [ RunTime:0.000000s ]
ERR: 无法加载模块:Public

[ 2018-10-15T15:56:35+08:00 ] ::1 /famaotang/Public/famaotang/js/swiper.min.js.map
INFO: [ app_init ] --START--
INFO: Run Behavior\BuildLiteBehavior [ RunTime:0.000000s ]
INFO: [ app_init ] --END-- [ RunTime:0.000000s ]
ERR: 无法加载模块:Public

[ 2018-10-15T15:57:50+08:00 ] ::1 /famaotang/Public/famaotang/js/swiper.min.js.map
INFO: [ app_init ] --START--
INFO: Run Behavior\BuildLiteBehavior [ RunTime:0.000000s ]
INFO: [ app_init ] --END-- [ RunTime:0.000000s ]
ERR: 无法加载模块:Public

[ 2018-10-15T15:57:53+08:00 ] ::1 /famaotang/Public/famaotang/js/swiper.min.js.map
INFO: [ app_init ] --START--
INFO: Run Behavior\BuildLiteBehavior [ RunTime:0.000000s ]
INFO: [ app_init ] --END-- [ RunTime:0.000000s ]
ERR: 无法加载模块:Public

[ 2018-10-15T15:58:18+08:00 ] ::1 /famaotang/Public/famaotang/js/swiper.min.js.map
INFO: [ app_init ] --START--
INFO: Run Behavior\BuildLiteBehavior [ RunTime:0.000000s ]
INFO: [ app_init ] --END-- [ RunTime:0.000000s ]
ERR: 无法加载模块:Public

[ 2018-10-15T15:58:20+08:00 ] ::1 /famaotang/Public/famaotang/js/swiper.min.js.map
INFO: [ app_init ] --START--
INFO: Run Behavior\BuildLiteBehavior [ RunTime:0.000000s ]
INFO: [ app_init ] --END-- [ RunTime:0.001000s ]
ERR: 无法加载模块:Public

[ 2018-10-15T15:58:23+08:00 ] ::1 /famaotang/Public/famaotang/js/swiper.min.js.map
INFO: [ app_init ] --START--
INFO: Run Behavior\BuildLiteBehavior [ RunTime:0.000000s ]
INFO: [ app_init ] --END-- [ RunTime:0.001000s ]
ERR: 无法加载模块:Public

[ 2018-10-15T15:58:26+08:00 ] ::1 /famaotang/Public/famaotang/js/swiper.min.js.map
INFO: [ app_init ] --START--
INFO: Run Behavior\BuildLiteBehavior [ RunTime:0.000000s ]
INFO: [ app_init ] --END-- [ RunTime:0.000000s ]
ERR: 无法加载模块:Public

[ 2018-10-15T15:58:28+08:00 ] ::1 /famaotang/Public/famaotang/js/swiper.min.js.map
INFO: [ app_init ] --START--
INFO: Run Behavior\BuildLiteBehavior [ RunTime:0.000000s ]
INFO: [ app_init ] --END-- [ RunTime:0.001000s ]
ERR: 无法加载模块:Public

[ 2018-10-15T15:58:30+08:00 ] ::1 /famaotang/Public/famaotang/js/swiper.min.js.map
INFO: [ app_init ] --START--
INFO: Run Behavior\BuildLiteBehavior [ RunTime:0.000000s ]
INFO: [ app_init ] --END-- [ RunTime:0.001000s ]
ERR: 无法加载模块:Public

[ 2018-10-15T15:58:32+08:00 ] ::1 /famaotang/Public/famaotang/js/swiper.min.js.map
INFO: [ app_init ] --START--
INFO: Run Behavior\BuildLiteBehavior [ RunTime:0.000000s ]
INFO: [ app_init ] --END-- [ RunTime:0.001000s ]
ERR: 无法加载模块:Public

[ 2018-10-15T15:58:34+08:00 ] ::1 /famaotang/Public/famaotang/js/swiper.min.js.map
INFO: [ app_init ] --START--
INFO: Run Behavior\BuildLiteBehavior [ RunTime:0.000000s ]
INFO: [ app_init ] --END-- [ RunTime:0.001000s ]
ERR: 无法加载模块:Public

[ 2018-10-15T15:58:38+08:00 ] ::1 /famaotang/Public/famaotang/js/swiper.min.js.map
INFO: [ app_init ] --START--
INFO: Run Behavior\BuildLiteBehavior [ RunTime:0.000000s ]
INFO: [ app_init ] --END-- [ RunTime:0.000000s ]
ERR: 无法加载模块:Public

[ 2018-10-15T15:58:57+08:00 ] ::1 /famaotang/Public/uploads/product/3183/1524889608_4971.jpg
INFO: [ app_init ] --START--
INFO: Run Behavior\BuildLiteBehavior [ RunTime:0.000000s ]
INFO: [ app_init ] --END-- [ RunTime:0.000000s ]
ERR: 无法加载模块:Public

[ 2018-10-15T15:58:57+08:00 ] ::1 /famaotang/Public/uploads/product/3183/1524889016_1307.jpg
INFO: [ app_init ] --START--
INFO: Run Behavior\BuildLiteBehavior [ RunTime:0.000000s ]
INFO: [ app_init ] --END-- [ RunTime:0.000000s ]
ERR: 无法加载模块:Public

[ 2018-10-15T15:58:58+08:00 ] ::1 /famaotang/Public/famaotang/js/swiper.min.js.map
INFO: [ app_init ] --START--
INFO: Run Behavior\BuildLiteBehavior [ RunTime:0.000000s ]
INFO: [ app_init ] --END-- [ RunTime:0.000000s ]
ERR: 无法加载模块:Public

[ 2018-10-15T15:59:02+08:00 ] ::1 /famaotang/Public/uploads/product/3183/1524889608_4971.jpg
INFO: [ app_init ] --START--
INFO: Run Behavior\BuildLiteBehavior [ RunTime:0.000000s ]
INFO: [ app_init ] --END-- [ RunTime:0.000000s ]
ERR: 无法加载模块:Public

[ 2018-10-15T15:59:02+08:00 ] ::1 /famaotang/Public/famaotang/js/swiper.min.js.map
INFO: [ app_init ] --START--
INFO: Run Behavior\BuildLiteBehavior [ RunTime:0.000000s ]
INFO: [ app_init ] --END-- [ RunTime:0.000000s ]
ERR: 无法加载模块:Public

[ 2018-10-15T15:59:02+08:00 ] ::1 /famaotang/Public/famaotang/js/swiper.min.js.map
INFO: [ app_init ] --START--
INFO: Run Behavior\BuildLiteBehavior [ RunTime:0.000000s ]
INFO: [ app_init ] --END-- [ RunTime:0.001001s ]
ERR: 无法加载模块:Public

[ 2018-10-15T15:59:06+08:00 ] ::1 /famaotang/Public/uploads/product/3183/1524889608_4971.jpg
INFO: [ app_init ] --START--
INFO: Run Behavior\BuildLiteBehavior [ RunTime:0.000000s ]
INFO: [ app_init ] --END-- [ RunTime:0.000000s ]
ERR: 无法加载模块:Public

[ 2018-10-15T15:59:07+08:00 ] ::1 /famaotang/Public/uploads/product/3183/1524889016_1307.jpg
INFO: [ app_init ] --START--
INFO: Run Behavior\BuildLiteBehavior [ RunTime:0.000000s ]
INFO: [ app_init ] --END-- [ RunTime:0.000000s ]
ERR: 无法加载模块:Public

[ 2018-10-15T15:59:07+08:00 ] ::1 /famaotang/Public/uploads/product/3183/1524889608_4971.jpg
INFO: [ app_init ] --START--
INFO: Run Behavior\BuildLiteBehavior [ RunTime:0.000000s ]
INFO: [ app_init ] --END-- [ RunTime:0.000000s ]
ERR: 无法加载模块:Public

[ 2018-10-15T15:59:07+08:00 ] ::1 /famaotang/Public/uploads/product/3183/1524889016_1307.jpg
INFO: [ app_init ] --START--
INFO: Run Behavior\BuildLiteBehavior [ RunTime:0.000000s ]
INFO: [ app_init ] --END-- [ RunTime:0.001000s ]
ERR: 无法加载模块:Public

[ 2018-10-15T15:59:07+08:00 ] ::1 /famaotang/Public/famaotang/js/swiper.min.js.map
INFO: [ app_init ] --START--
INFO: Run Behavior\BuildLiteBehavior [ RunTime:0.000000s ]
INFO: [ app_init ] --END-- [ RunTime:0.000000s ]
ERR: 无法加载模块:Public

[ 2018-10-15T15:59:09+08:00 ] ::1 /famaotang/Public/uploads/product/3183/1524889016_1307.jpg
INFO: [ app_init ] --START--
INFO: Run Behavior\BuildLiteBehavior [ RunTime:0.000000s ]
INFO: [ app_init ] --END-- [ RunTime:0.001000s ]
ERR: 无法加载模块:Public

[ 2018-10-15T15:59:09+08:00 ] ::1 /famaotang/Public/uploads/product/3183/15248890162_4568.jpg
INFO: [ app_init ] --START--
INFO: Run Behavior\BuildLiteBehavior [ RunTime:0.000000s ]
INFO: [ app_init ] --END-- [ RunTime:0.000000s ]
ERR: 无法加载模块:Public

[ 2018-10-15T15:59:09+08:00 ] ::1 /famaotang/Public/famaotang/js/swiper.min.js.map
INFO: [ app_init ] --START--
INFO: Run Behavior\BuildLiteBehavior [ RunTime:0.000000s ]
INFO: [ app_init ] --END-- [ RunTime:0.000000s ]
ERR: 无法加载模块:Public

[ 2018-10-15T15:59:09+08:00 ] ::1 /famaotang/Public/famaotang/js/swiper.min.js.map
INFO: [ app_init ] --START--
INFO: Run Behavior\BuildLiteBehavior [ RunTime:0.000000s ]
INFO: [ app_init ] --END-- [ RunTime:0.001000s ]
ERR: 无法加载模块:Public

[ 2018-10-15T15:59:12+08:00 ] ::1 /famaotang/Public/uploads/product/3183/1524889608_4971.jpg
INFO: [ app_init ] --START--
INFO: Run Behavior\BuildLiteBehavior [ RunTime:0.000000s ]
INFO: [ app_init ] --END-- [ RunTime:0.000000s ]
ERR: 无法加载模块:Public

[ 2018-10-15T15:59:12+08:00 ] ::1 /famaotang/Public/uploads/product/3183/1524889016_1307.jpg
INFO: [ app_init ] --START--
INFO: Run Behavior\BuildLiteBehavior [ RunTime:0.000000s ]
INFO: [ app_init ] --END-- [ RunTime:0.001000s ]
ERR: 无法加载模块:Public

[ 2018-10-15T15:59:13+08:00 ] ::1 /famaotang/Public/uploads/product/3183/1524889608_4971.jpg
INFO: [ app_init ] --START--
INFO: Run Behavior\BuildLiteBehavior [ RunTime:0.000000s ]
INFO: [ app_init ] --END-- [ RunTime:0.000000s ]
ERR: 无法加载模块:Public

[ 2018-10-15T15:59:13+08:00 ] ::1 /famaotang/Public/uploads/product/3183/1524889016_1307.jpg
INFO: [ app_init ] --START--
INFO: Run Behavior\BuildLiteBehavior [ RunTime:0.000000s ]
INFO: [ app_init ] --END-- [ RunTime:0.001000s ]
ERR: 无法加载模块:Public

[ 2018-10-15T15:59:13+08:00 ] ::1 /famaotang/Public/famaotang/js/swiper.min.js.map
INFO: [ app_init ] --START--
INFO: Run Behavior\BuildLiteBehavior [ RunTime:0.000000s ]
INFO: [ app_init ] --END-- [ RunTime:0.000000s ]
ERR: 无法加载模块:Public

[ 2018-10-15T15:59:17+08:00 ] ::1 /famaotang/Public/famaotang/js/swiper.min.js.map
INFO: [ app_init ] --START--
INFO: Run Behavior\BuildLiteBehavior [ RunTime:0.000000s ]
INFO: [ app_init ] --END-- [ RunTime:0.001000s ]
ERR: 无法加载模块:Public

[ 2018-10-15T15:59:20+08:00 ] ::1 /famaotang/Public/famaotang/js/swiper.min.js.map
INFO: [ app_init ] --START--
INFO: Run Behavior\BuildLiteBehavior [ RunTime:0.000000s ]
INFO: [ app_init ] --END-- [ RunTime:0.000000s ]
ERR: 无法加载模块:Public

[ 2018-10-15T15:59:22+08:00 ] ::1 /famaotang/Public/famaotang/js/swiper.min.js.map
INFO: [ app_init ] --START--
INFO: Run Behavior\BuildLiteBehavior [ RunTime:0.000000s ]
INFO: [ app_init ] --END-- [ RunTime:0.000000s ]
ERR: 无法加载模块:Public

[ 2018-10-15T15:59:25+08:00 ] ::1 /famaotang/Public/famaotang/js/swiper.min.js.map
INFO: [ app_init ] --START--
INFO: Run Behavior\BuildLiteBehavior [ RunTime:0.000000s ]
INFO: [ app_init ] --END-- [ RunTime:0.000000s ]
ERR: 无法加载模块:Public

[ 2018-10-15T15:59:25+08:00 ] ::1 /famaotang/Public/famaotang/js/swiper.min.js.map
INFO: [ app_init ] --START--
INFO: Run Behavior\BuildLiteBehavior [ RunTime:0.000000s ]
INFO: [ app_init ] --END-- [ RunTime:0.000000s ]
ERR: 无法加载模块:Public

[ 2018-10-15T15:59:34+08:00 ] ::1 /famaotang/Public/famaotang/js/swiper.min.js.map
INFO: [ app_init ] --START--
INFO: Run Behavior\BuildLiteBehavior [ RunTime:0.000000s ]
INFO: [ app_init ] --END-- [ RunTime:0.000000s ]
ERR: 无法加载模块:Public

[ 2018-10-15T15:59:35+08:00 ] ::1 /famaotang/Public/famaotang/js/swiper.min.js.map
INFO: [ app_init ] --START--
INFO: Run Behavior\BuildLiteBehavior [ RunTime:0.000000s ]
INFO: [ app_init ] --END-- [ RunTime:0.000000s ]
ERR: 无法加载模块:Public

[ 2018-10-15T15:59:43+08:00 ] ::1 /famaotang/Public/famaotang/js/swiper.min.js.map
INFO: [ app_init ] --START--
INFO: Run Behavior\BuildLiteBehavior [ RunTime:0.000000s ]
INFO: [ app_init ] --END-- [ RunTime:0.000000s ]
ERR: 无法加载模块:Public

[ 2018-10-15T15:59:45+08:00 ] ::1 /famaotang/Public/famaotang/js/swiper.min.js.map
INFO: [ app_init ] --START--
INFO: Run Behavior\BuildLiteBehavior [ RunTime:0.000000s ]
INFO: [ app_init ] --END-- [ RunTime:0.000000s ]
ERR: 无法加载模块:Public

[ 2018-10-15T15:59:58+08:00 ] ::1 /famaotang/Public/famaotang/js/swiper.min.js.map
INFO: [ app_init ] --START--
INFO: Run Behavior\BuildLiteBehavior [ RunTime:0.000000s ]
INFO: [ app_init ] --END-- [ RunTime:0.000000s ]
ERR: 无法加载模块:Public

[ 2018-10-15T16:00:00+08:00 ] ::1 /famaotang/Public/famaotang/js/swiper.min.js.map
INFO: [ app_init ] --START--
INFO: Run Behavior\BuildLiteBehavior [ RunTime:0.000000s ]
INFO: [ app_init ] --END-- [ RunTime:0.000000s ]
ERR: 无法加载模块:Public

[ 2018-10-15T16:00:00+08:00 ] ::1 /famaotang/Public/famaotang/js/swiper.min.js.map
INFO: [ app_init ] --START--
INFO: Run Behavior\BuildLiteBehavior [ RunTime:0.000000s ]
INFO: [ app_init ] --END-- [ RunTime:0.000000s ]
ERR: 无法加载模块:Public

[ 2018-10-15T16:00:03+08:00 ] ::1 /famaotang/Public/famaotang/js/swiper.min.js.map
INFO: [ app_init ] --START--
INFO: Run Behavior\BuildLiteBehavior [ RunTime:0.000000s ]
INFO: [ app_init ] --END-- [ RunTime:0.000000s ]
ERR: 无法加载模块:Public

[ 2018-10-15T16:00:06+08:00 ] ::1 /famaotang/Public/famaotang/js/swiper.min.js.map
INFO: [ app_init ] --START--
INFO: Run Behavior\BuildLiteBehavior [ RunTime:0.000000s ]
INFO: [ app_init ] --END-- [ RunTime:0.000000s ]
ERR: 无法加载模块:Public

[ 2018-10-15T16:00:12+08:00 ] ::1 /famaotang/Public/famaotang/js/swiper.min.js.map
INFO: [ app_init ] --START--
INFO: Run Behavior\BuildLiteBehavior [ RunTime:0.000000s ]
INFO: [ app_init ] --END-- [ RunTime:0.000000s ]
ERR: 无法加载模块:Public

[ 2018-10-15T16:00:22+08:00 ] ::1 /famaotang/Public/famaotang/js/swiper.min.js.map
INFO: [ app_init ] --START--
INFO: Run Behavior\BuildLiteBehavior [ RunTime:0.000000s ]
INFO: [ app_init ] --END-- [ RunTime:0.001000s ]
ERR: 无法加载模块:Public

[ 2018-10-15T16:00:27+08:00 ] ::1 /famaotang/Public/famaotang/js/swiper.min.js.map
INFO: [ app_init ] --START--
INFO: Run Behavior\BuildLiteBehavior [ RunTime:0.000000s ]
INFO: [ app_init ] --END-- [ RunTime:0.001000s ]
ERR: 无法加载模块:Public

[ 2018-10-15T16:00:58+08:00 ] ::1 /famaotang/Public/famaotang/js/swiper.min.js.map
INFO: [ app_init ] --START--
INFO: Run Behavior\BuildLiteBehavior [ RunTime:0.000000s ]
INFO: [ app_init ] --END-- [ RunTime:0.001000s ]
ERR: 无法加载模块:Public

[ 2018-10-15T16:01:00+08:00 ] ::1 /famaotang/Public/famaotang/js/swiper.min.js.map
INFO: [ app_init ] --START--
INFO: Run Behavior\BuildLiteBehavior [ RunTime:0.000000s ]
INFO: [ app_init ] --END-- [ RunTime:0.001000s ]
ERR: 无法加载模块:Public

[ 2018-10-15T16:01:02+08:00 ] ::1 /famaotang/Public/famaotang/js/swiper.min.js.map
INFO: [ app_init ] --START--
INFO: Run Behavior\BuildLiteBehavior [ RunTime:0.000000s ]
INFO: [ app_init ] --END-- [ RunTime:0.000000s ]
ERR: 无法加载模块:Public

[ 2018-10-15T16:01:19+08:00 ] ::1 /famaotang/Public/famaotang/js/swiper.min.js.map
INFO: [ app_init ] --START--
INFO: Run Behavior\BuildLiteBehavior [ RunTime:0.000000s ]
INFO: [ app_init ] --END-- [ RunTime:0.000000s ]
ERR: 无法加载模块:Public

[ 2018-10-15T16:01:21+08:00 ] ::1 /famaotang/Public/famaotang/js/swiper.min.js.map
INFO: [ app_init ] --START--
INFO: Run Behavior\BuildLiteBehavior [ RunTime:0.000000s ]
INFO: [ app_init ] --END-- [ RunTime:0.001001s ]
ERR: 无法加载模块:Public

[ 2018-10-15T16:01:23+08:00 ] ::1 /famaotang/Public/famaotang/js/swiper.min.js.map
INFO: [ app_init ] --START--
INFO: Run Behavior\BuildLiteBehavior [ RunTime:0.000000s ]
INFO: [ app_init ] --END-- [ RunTime:0.001000s ]
ERR: 无法加载模块:Public

[ 2018-10-15T16:01:25+08:00 ] ::1 /famaotang/Public/famaotang/js/swiper.min.js.map
INFO: [ app_init ] --START--
INFO: Run Behavior\BuildLiteBehavior [ RunTime:0.000000s ]
INFO: [ app_init ] --END-- [ RunTime:0.000000s ]
ERR: 无法加载模块:Public

[ 2018-10-15T16:01:29+08:00 ] ::1 /famaotang/Public/famaotang/js/swiper.min.js.map
INFO: [ app_init ] --START--
INFO: Run Behavior\BuildLiteBehavior [ RunTime:0.000000s ]
INFO: [ app_init ] --END-- [ RunTime:0.000000s ]
ERR: 无法加载模块:Public

[ 2018-10-15T16:01:38+08:00 ] ::1 /famaotang/Public/famaotang/js/swiper.min.js.map
INFO: [ app_init ] --START--
INFO: Run Behavior\BuildLiteBehavior [ RunTime:0.000000s ]
INFO: [ app_init ] --END-- [ RunTime:0.000000s ]
ERR: 无法加载模块:Public

[ 2018-10-15T16:01:46+08:00 ] ::1 /famaotang/Public/famaotang/js/swiper.min.js.map
INFO: [ app_init ] --START--
INFO: Run Behavior\BuildLiteBehavior [ RunTime:0.000000s ]
INFO: [ app_init ] --END-- [ RunTime:0.000000s ]
ERR: 无法加载模块:Public

[ 2018-10-15T16:01:48+08:00 ] ::1 /famaotang/Public/famaotang/js/swiper.min.js.map
INFO: [ app_init ] --START--
INFO: Run Behavior\BuildLiteBehavior [ RunTime:0.000000s ]
INFO: [ app_init ] --END-- [ RunTime:0.000000s ]
ERR: 无法加载模块:Public

[ 2018-10-15T16:01:56+08:00 ] ::1 /famaotang/Public/famaotang/js/swiper.min.js.map
INFO: [ app_init ] --START--
INFO: Run Behavior\BuildLiteBehavior [ RunTime:0.000000s ]
INFO: [ app_init ] --END-- [ RunTime:0.000000s ]
ERR: 无法加载模块:Public

[ 2018-10-15T16:02:01+08:00 ] ::1 /famaotang/Public/famaotang/js/swiper.min.js.map
INFO: [ app_init ] --START--
INFO: Run Behavior\BuildLiteBehavior [ RunTime:0.000000s ]
INFO: [ app_init ] --END-- [ RunTime:0.000000s ]
ERR: 无法加载模块:Public

[ 2018-10-15T16:02:03+08:00 ] ::1 /famaotang/Public/famaotang/js/swiper.min.js.map
INFO: [ app_init ] --START--
INFO: Run Behavior\BuildLiteBehavior [ RunTime:0.000000s ]
INFO: [ app_init ] --END-- [ RunTime:0.000000s ]
ERR: 无法加载模块:Public

[ 2018-10-15T16:02:04+08:00 ] ::1 /famaotang/Public/famaotang/js/swiper.min.js.map
INFO: [ app_init ] --START--
INFO: Run Behavior\BuildLiteBehavior [ RunTime:0.000000s ]
INFO: [ app_init ] --END-- [ RunTime:0.000000s ]
ERR: 无法加载模块:Public

[ 2018-10-15T16:02:07+08:00 ] ::1 /famaotang/Public/famaotang/js/swiper.min.js.map
INFO: [ app_init ] --START--
INFO: Run Behavior\BuildLiteBehavior [ RunTime:0.000000s ]
INFO: [ app_init ] --END-- [ RunTime:0.000000s ]
ERR: 无法加载模块:Public

[ 2018-10-15T16:02:09+08:00 ] ::1 /famaotang/Public/famaotang/js/swiper.min.js.map
INFO: [ app_init ] --START--
INFO: Run Behavior\BuildLiteBehavior [ RunTime:0.000000s ]
INFO: [ app_init ] --END-- [ RunTime:0.000000s ]
ERR: 无法加载模块:Public

[ 2018-10-15T16:02:17+08:00 ] ::1 /famaotang/Public/famaotang/js/swiper.min.js.map
INFO: [ app_init ] --START--
INFO: Run Behavior\BuildLiteBehavior [ RunTime:0.000000s ]
INFO: [ app_init ] --END-- [ RunTime:0.001000s ]
ERR: 无法加载模块:Public

[ 2018-10-15T16:02:21+08:00 ] ::1 /famaotang/Public/famaotang/js/swiper.min.js.map
INFO: [ app_init ] --START--
INFO: Run Behavior\BuildLiteBehavior [ RunTime:0.000000s ]
INFO: [ app_init ] --END-- [ RunTime:0.000000s ]
ERR: 无法加载模块:Public

[ 2018-10-15T16:02:24+08:00 ] ::1 /famaotang/Public/famaotang/js/swiper.min.js.map
INFO: [ app_init ] --START--
INFO: Run Behavior\BuildLiteBehavior [ RunTime:0.000000s ]
INFO: [ app_init ] --END-- [ RunTime:0.000000s ]
ERR: 无法加载模块:Public

[ 2018-10-15T16:02:25+08:00 ] ::1 /famaotang/Public/famaotang/js/swiper.min.js.map
INFO: [ app_init ] --START--
INFO: Run Behavior\BuildLiteBehavior [ RunTime:0.000000s ]
INFO: [ app_init ] --END-- [ RunTime:0.000000s ]
ERR: 无法加载模块:Public

[ 2018-10-15T16:21:01+08:00 ] ::1 /famaotang/Public/famaotang/js/swiper.min.js.map
INFO: [ app_init ] --START--
INFO: Run Behavior\BuildLiteBehavior [ RunTime:0.000000s ]
INFO: [ app_init ] --END-- [ RunTime:0.000000s ]
ERR: 无法加载模块:Public

[ 2018-10-15T16:28:13+08:00 ] ::1 /famaotang/Public/famaotang/js/swiper.min.js.map
INFO: [ app_init ] --START--
INFO: Run Behavior\BuildLiteBehavior [ RunTime:0.000000s ]
INFO: [ app_init ] --END-- [ RunTime:0.001000s ]
ERR: 无法加载模块:Public

[ 2018-10-15T16:31:34+08:00 ] ::1 /famaotang/Public/famaotang/js/swiper.min.js.map
INFO: [ app_init ] --START--
INFO: Run Behavior\BuildLiteBehavior [ RunTime:0.000000s ]
INFO: [ app_init ] --END-- [ RunTime:0.000000s ]
ERR: 无法加载模块:Public

[ 2018-10-15T16:49:08+08:00 ] ::1 /famaotang/Public/famaotang/js/swiper.min.js.map
INFO: [ app_init ] --START--
INFO: Run Behavior\BuildLiteBehavior [ RunTime:0.000000s ]
INFO: [ app_init ] --END-- [ RunTime:0.001000s ]
ERR: 无法加载模块:Public

[ 2018-10-15T16:49:10+08:00 ] ::1 /famaotang/Public/famaotang/js/swiper.min.js.map
INFO: [ app_init ] --START--
INFO: Run Behavior\BuildLiteBehavior [ RunTime:0.000000s ]
INFO: [ app_init ] --END-- [ RunTime:0.001000s ]
ERR: 无法加载模块:Public

[ 2018-10-15T16:49:21+08:00 ] ::1 /famaotang/Public/famaotang/js/swiper.min.js.map
INFO: [ app_init ] --START--
INFO: Run Behavior\BuildLiteBehavior [ RunTime:0.000000s ]
INFO: [ app_init ] --END-- [ RunTime:0.000000s ]
ERR: 无法加载模块:Public

[ 2018-10-15T16:49:24+08:00 ] ::1 /famaotang/Public/famaotang/js/swiper.min.js.map
INFO: [ app_init ] --START--
INFO: Run Behavior\BuildLiteBehavior [ RunTime:0.000000s ]
INFO: [ app_init ] --END-- [ RunTime:0.000000s ]
ERR: 无法加载模块:Public

[ 2018-10-15T17:01:08+08:00 ] ::1 /famaotang/Public/famaotang/js/swiper.min.js.map
INFO: [ app_init ] --START--
INFO: Run Behavior\BuildLiteBehavior [ RunTime:0.000000s ]
INFO: [ app_init ] --END-- [ RunTime:0.001000s ]
ERR: 无法加载模块:Public

[ 2018-10-15T17:01:09+08:00 ] ::1 /famaotang/Public/famaotang/js/swiper.min.js.map
INFO: [ app_init ] --START--
INFO: Run Behavior\BuildLiteBehavior [ RunTime:0.000000s ]
INFO: [ app_init ] --END-- [ RunTime:0.001000s ]
ERR: 无法加载模块:Public

[ 2018-10-15T17:01:11+08:00 ] ::1 /famaotang/Public/famaotang/js/swiper.min.js.map
INFO: [ app_init ] --START--
INFO: Run Behavior\BuildLiteBehavior [ RunTime:0.000000s ]
INFO: [ app_init ] --END-- [ RunTime:0.000000s ]
ERR: 无法加载模块:Public

[ 2018-10-15T17:01:13+08:00 ] ::1 /famaotang/Public/famaotang/js/swiper.min.js.map
INFO: [ app_init ] --START--
INFO: Run Behavior\BuildLiteBehavior [ RunTime:0.000000s ]
INFO: [ app_init ] --END-- [ RunTime:0.001000s ]
ERR: 无法加载模块:Public

[ 2018-10-15T17:01:14+08:00 ] ::1 /famaotang/Public/famaotang/js/swiper.min.js.map
INFO: [ app_init ] --START--
INFO: Run Behavior\BuildLiteBehavior [ RunTime:0.000000s ]
INFO: [ app_init ] --END-- [ RunTime:0.001000s ]
ERR: 无法加载模块:Public

[ 2018-10-15T17:01:15+08:00 ] ::1 /famaotang/Public/famaotang/js/swiper.min.js.map
INFO: [ app_init ] --START--
INFO: Run Behavior\BuildLiteBehavior [ RunTime:0.000000s ]
INFO: [ app_init ] --END-- [ RunTime:0.000000s ]
ERR: 无法加载模块:Public

[ 2018-10-15T17:01:16+08:00 ] ::1 /famaotang/Public/famaotang/js/swiper.min.js.map
INFO: [ app_init ] --START--
INFO: Run Behavior\BuildLiteBehavior [ RunTime:0.000000s ]
INFO: [ app_init ] --END-- [ RunTime:0.000000s ]
ERR: 无法加载模块:Public

[ 2018-10-15T17:01:18+08:00 ] ::1 /famaotang/Public/famaotang/js/swiper.min.js.map
INFO: [ app_init ] --START--
INFO: Run Behavior\BuildLiteBehavior [ RunTime:0.000000s ]
INFO: [ app_init ] --END-- [ RunTime:0.001000s ]
ERR: 无法加载模块:Public

[ 2018-10-15T17:01:19+08:00 ] ::1 /famaotang/Public/famaotang/js/swiper.min.js.map
INFO: [ app_init ] --START--
INFO: Run Behavior\BuildLiteBehavior [ RunTime:0.000000s ]
INFO: [ app_init ] --END-- [ RunTime:0.000000s ]
ERR: 无法加载模块:Public

[ 2018-10-15T17:01:19+08:00 ] ::1 /famaotang/Public/famaotang/js/swiper.min.js.map
INFO: [ app_init ] --START--
INFO: Run Behavior\BuildLiteBehavior [ RunTime:0.000000s ]
INFO: [ app_init ] --END-- [ RunTime:0.000000s ]
ERR: 无法加载模块:Public

[ 2018-10-15T17:01:26+08:00 ] ::1 /famaotang/Public/famaotang/js/swiper.min.js.map
INFO: [ app_init ] --START--
INFO: Run Behavior\BuildLiteBehavior [ RunTime:0.000000s ]
INFO: [ app_init ] --END-- [ RunTime:0.000000s ]
ERR: 无法加载模块:Public

[ 2018-10-15T17:01:31+08:00 ] ::1 /famaotang/Public/famaotang/js/swiper.min.js.map
INFO: [ app_init ] --START--
INFO: Run Behavior\BuildLiteBehavior [ RunTime:0.000000s ]
INFO: [ app_init ] --END-- [ RunTime:0.000000s ]
ERR: 无法加载模块:Public

[ 2018-10-15T17:01:33+08:00 ] ::1 /famaotang/Public/famaotang/js/swiper.min.js.map
INFO: [ app_init ] --START--
INFO: Run Behavior\BuildLiteBehavior [ RunTime:0.000000s ]
INFO: [ app_init ] --END-- [ RunTime:0.001000s ]
ERR: 无法加载模块:Public

[ 2018-10-15T17:01:35+08:00 ] ::1 /famaotang/Public/famaotang/js/swiper.min.js.map
INFO: [ app_init ] --START--
INFO: Run Behavior\BuildLiteBehavior [ RunTime:0.000000s ]
INFO: [ app_init ] --END-- [ RunTime:0.001000s ]
ERR: 无法加载模块:Public

[ 2018-10-15T17:01:35+08:00 ] ::1 /famaotang/Public/famaotang/js/swiper.min.js.map
INFO: [ app_init ] --START--
INFO: Run Behavior\BuildLiteBehavior [ RunTime:0.000000s ]
INFO: [ app_init ] --END-- [ RunTime:0.000000s ]
ERR: 无法加载模块:Public

[ 2018-10-15T17:01:48+08:00 ] ::1 /famaotang/Public/famaotang/js/swiper.min.js.map
INFO: [ app_init ] --START--
INFO: Run Behavior\BuildLiteBehavior [ RunTime:0.000000s ]
INFO: [ app_init ] --END-- [ RunTime:0.000000s ]
ERR: 无法加载模块:Public

[ 2018-10-15T17:01:50+08:00 ] ::1 /famaotang/Public/famaotang/js/swiper.min.js.map
INFO: [ app_init ] --START--
INFO: Run Behavior\BuildLiteBehavior [ RunTime:0.000000s ]
INFO: [ app_init ] --END-- [ RunTime:0.001000s ]
ERR: 无法加载模块:Public

[ 2018-10-15T17:01:51+08:00 ] ::1 /famaotang/Public/famaotang/js/swiper.min.js.map
INFO: [ app_init ] --START--
INFO: Run Behavior\BuildLiteBehavior [ RunTime:0.000000s ]
INFO: [ app_init ] --END-- [ RunTime:0.000000s ]
ERR: 无法加载模块:Public

[ 2018-10-15T17:02:01+08:00 ] ::1 /famaotang/Public/famaotang/js/swiper.min.js.map
INFO: [ app_init ] --START--
INFO: Run Behavior\BuildLiteBehavior [ RunTime:0.000000s ]
INFO: [ app_init ] --END-- [ RunTime:0.001000s ]
ERR: 无法加载模块:Public

[ 2018-10-15T17:02:03+08:00 ] ::1 /famaotang/Public/famaotang/js/swiper.min.js.map
INFO: [ app_init ] --START--
INFO: Run Behavior\BuildLiteBehavior [ RunTime:0.000000s ]
INFO: [ app_init ] --END-- [ RunTime:0.000000s ]
ERR: 无法加载模块:Public

[ 2018-10-15T17:02:03+08:00 ] ::1 /famaotang/Public/famaotang/js/swiper.min.js.map
INFO: [ app_init ] --START--
INFO: Run Behavior\BuildLiteBehavior [ RunTime:0.000000s ]
INFO: [ app_init ] --END-- [ RunTime:0.000000s ]
ERR: 无法加载模块:Public

[ 2018-10-15T17:02:25+08:00 ] ::1 /famaotang/Public/famaotang/js/swiper.min.js.map
INFO: [ app_init ] --START--
INFO: Run Behavior\BuildLiteBehavior [ RunTime:0.000000s ]
INFO: [ app_init ] --END-- [ RunTime:0.000000s ]
ERR: 无法加载模块:Public

[ 2018-10-15T17:02:26+08:00 ] ::1 /famaotang/Public/famaotang/js/swiper.min.js.map
INFO: [ app_init ] --START--
INFO: Run Behavior\BuildLiteBehavior [ RunTime:0.000000s ]
INFO: [ app_init ] --END-- [ RunTime:0.001000s ]
ERR: 无法加载模块:Public

[ 2018-10-15T17:02:27+08:00 ] ::1 /famaotang/Public/famaotang/js/swiper.min.js.map
INFO: [ app_init ] --START--
INFO: Run Behavior\BuildLiteBehavior [ RunTime:0.000000s ]
INFO: [ app_init ] --END-- [ RunTime:0.000000s ]
ERR: 无法加载模块:Public

[ 2018-10-15T17:02:30+08:00 ] ::1 /famaotang/Public/famaotang/js/swiper.min.js.map
INFO: [ app_init ] --START--
INFO: Run Behavior\BuildLiteBehavior [ RunTime:0.000000s ]
INFO: [ app_init ] --END-- [ RunTime:0.000000s ]
ERR: 无法加载模块:Public

[ 2018-10-15T17:02:34+08:00 ] ::1 /famaotang/Public/famaotang/js/swiper.min.js.map
INFO: [ app_init ] --START--
INFO: Run Behavior\BuildLiteBehavior [ RunTime:0.000000s ]
INFO: [ app_init ] --END-- [ RunTime:0.000000s ]
ERR: 无法加载模块:Public

[ 2018-10-15T17:02:42+08:00 ] ::1 /famaotang/Public/famaotang/js/swiper.min.js.map
INFO: [ app_init ] --START--
INFO: Run Behavior\BuildLiteBehavior [ RunTime:0.000000s ]
INFO: [ app_init ] --END-- [ RunTime:0.000000s ]
ERR: 无法加载模块:Public

[ 2018-10-15T17:02:45+08:00 ] ::1 /famaotang/Public/famaotang/js/swiper.min.js.map
INFO: [ app_init ] --START--
INFO: Run Behavior\BuildLiteBehavior [ RunTime:0.000000s ]
INFO: [ app_init ] --END-- [ RunTime:0.000000s ]
ERR: 无法加载模块:Public

[ 2018-10-15T17:02:47+08:00 ] ::1 /famaotang/Public/famaotang/js/swiper.min.js.map
INFO: [ app_init ] --START--
INFO: Run Behavior\BuildLiteBehavior [ RunTime:0.000000s ]
INFO: [ app_init ] --END-- [ RunTime:0.000000s ]
ERR: 无法加载模块:Public

[ 2018-10-15T17:03:08+08:00 ] ::1 /famaotang/Public/famaotang/js/swiper.min.js.map
INFO: [ app_init ] --START--
INFO: Run Behavior\BuildLiteBehavior [ RunTime:0.000000s ]
INFO: [ app_init ] --END-- [ RunTime:0.000000s ]
ERR: 无法加载模块:Public

[ 2018-10-15T17:03:09+08:00 ] ::1 /famaotang/Public/famaotang/js/swiper.min.js.map
INFO: [ app_init ] --START--
INFO: Run Behavior\BuildLiteBehavior [ RunTime:0.000000s ]
INFO: [ app_init ] --END-- [ RunTime:0.001000s ]
ERR: 无法加载模块:Public

[ 2018-10-15T17:03:12+08:00 ] ::1 /famaotang/Public/famaotang/js/swiper.min.js.map
INFO: [ app_init ] --START--
INFO: Run Behavior\BuildLiteBehavior [ RunTime:0.000000s ]
INFO: [ app_init ] --END-- [ RunTime:0.000000s ]
ERR: 无法加载模块:Public

[ 2018-10-15T17:08:28+08:00 ] ::1 /famaotang/Public/famaotang/js/swiper.min.js.map
INFO: [ app_init ] --START--
INFO: Run Behavior\BuildLiteBehavior [ RunTime:0.000000s ]
INFO: [ app_init ] --END-- [ RunTime:0.000000s ]
ERR: 无法加载模块:Public

[ 2018-10-15T17:08:28+08:00 ] ::1 /famaotang/Public/famaotang/js/swiper.min.js.map
INFO: [ app_init ] --START--
INFO: Run Behavior\BuildLiteBehavior [ RunTime:0.000000s ]
INFO: [ app_init ] --END-- [ RunTime:0.000000s ]
ERR: 无法加载模块:Public

[ 2018-10-15T17:08:32+08:00 ] ::1 /famaotang/Public/famaotang/js/swiper.min.js.map
INFO: [ app_init ] --START--
INFO: Run Behavior\BuildLiteBehavior [ RunTime:0.000000s ]
INFO: [ app_init ] --END-- [ RunTime:0.001000s ]
ERR: 无法加载模块:Public

[ 2018-10-15T17:08:33+08:00 ] ::1 /famaotang/Public/famaotang/js/swiper.min.js.map
INFO: [ app_init ] --START--
INFO: Run Behavior\BuildLiteBehavior [ RunTime:0.000000s ]
INFO: [ app_init ] --END-- [ RunTime:0.001000s ]
ERR: 无法加载模块:Public

[ 2018-10-15T17:08:49+08:00 ] ::1 /famaotang/Public/famaotang/js/swiper.min.js.map
INFO: [ app_init ] --START--
INFO: Run Behavior\BuildLiteBehavior [ RunTime:0.000000s ]
INFO: [ app_init ] --END-- [ RunTime:0.001000s ]
ERR: 无法加载模块:Public

[ 2018-10-15T17:13:36+08:00 ] ::1 /famaotang/Public/famaotang/js/swiper.min.js.map
INFO: [ app_init ] --START--
INFO: Run Behavior\BuildLiteBehavior [ RunTime:0.000000s ]
INFO: [ app_init ] --END-- [ RunTime:0.001000s ]
ERR: 无法加载模块:Public

[ 2018-10-15T17:15:50+08:00 ] ::1 /famaotang/Public/famaotang/js/swiper.min.js.map
INFO: [ app_init ] --START--
INFO: Run Behavior\BuildLiteBehavior [ RunTime:0.000000s ]
INFO: [ app_init ] --END-- [ RunTime:0.000000s ]
ERR: 无法加载模块:Public

[ 2018-10-15T17:15:58+08:00 ] ::1 /famaotang/Public/famaotang/js/swiper.min.js.map
INFO: [ app_init ] --START--
INFO: Run Behavior\BuildLiteBehavior [ RunTime:0.000000s ]
INFO: [ app_init ] --END-- [ RunTime:0.000000s ]
ERR: 无法加载模块:Public

[ 2018-10-15T17:17:25+08:00 ] ::1 /famaotang/Public/famaotang/js/swiper.min.js.map
INFO: [ app_init ] --START--
INFO: Run Behavior\BuildLiteBehavior [ RunTime:0.000000s ]
INFO: [ app_init ] --END-- [ RunTime:0.000000s ]
ERR: 无法加载模块:Public

[ 2018-10-15T17:17:25+08:00 ] ::1 /famaotang/Public/famaotang/js/swiper.min.js.map
INFO: [ app_init ] --START--
INFO: Run Behavior\BuildLiteBehavior [ RunTime:0.000000s ]
INFO: [ app_init ] --END-- [ RunTime:0.000000s ]
ERR: 无法加载模块:Public

[ 2018-10-15T17:35:21+08:00 ] ::1 /famaotang/Public/famaotang/js/swiper.min.js.map
INFO: [ app_init ] --START--
INFO: Run Behavior\BuildLiteBehavior [ RunTime:0.000000s ]
INFO: [ app_init ] --END-- [ RunTime:0.000000s ]
ERR: 无法加载模块:Public

[ 2018-10-15T17:45:44+08:00 ] ::1 /famaotang/Public/famaotang/js/swiper.min.js.map
INFO: [ app_init ] --START--
INFO: Run Behavior\BuildLiteBehavior [ RunTime:0.000000s ]
INFO: [ app_init ] --END-- [ RunTime:0.000000s ]
ERR: 无法加载模块:Public

[ 2018-10-15T17:48:13+08:00 ] ::1 /famaotang/Public/famaotang/js/swiper.min.js.map
INFO: [ app_init ] --START--
INFO: Run Behavior\BuildLiteBehavior [ RunTime:0.000000s ]
INFO: [ app_init ] --END-- [ RunTime:0.001000s ]
ERR: 无法加载模块:Public

[ 2018-10-15T18:01:04+08:00 ] ::1 /famaotang/Public/famaotang/js/swiper.min.js.map
INFO: [ app_init ] --START--
INFO: Run Behavior\BuildLiteBehavior [ RunTime:0.000000s ]
INFO: [ app_init ] --END-- [ RunTime:0.000000s ]
ERR: 无法加载模块:Public

[ 2018-10-15T18:01:05+08:00 ] ::1 /famaotang/Public/famaotang/js/swiper.min.js.map
INFO: [ app_init ] --START--
INFO: Run Behavior\BuildLiteBehavior [ RunTime:0.000000s ]
INFO: [ app_init ] --END-- [ RunTime:0.000000s ]
ERR: 无法加载模块:Public

[ 2018-10-15T18:01:17+08:00 ] ::1 /famaotang/Public/famaotang/js/swiper.min.js.map
INFO: [ app_init ] --START--
INFO: Run Behavior\BuildLiteBehavior [ RunTime:0.000000s ]
INFO: [ app_init ] --END-- [ RunTime:0.000000s ]
ERR: 无法加载模块:Public

