[ 2018-04-29T13:47:19+08:00 ] 106.11.226.141 /
INFO: [ app_init ] --START--
INFO: Run Behavior\BuildLiteBehavior [ RunTime:0.000055s ]
INFO: [ app_init ] --END-- [ RunTime:0.000637s ]
INFO: [ app_begin ] --START--
INFO: Run Behavior\ReadHtmlCacheBehavior [ RunTime:0.000627s ]
INFO: [ app_begin ] --END-- [ RunTime:0.000914s ]
INFO: [ action_begin ] --START--
SQL: SHOW COLUMNS FROM `fw_denyip` [ RunTime:0.0008s ]
SQL: SELECT * FROM `fw_denyip`  [ RunTime:0.0005s ]
INFO: Run Home\Behaviors\DenyipsBehavior [ RunTime:0.023869s ]
INFO: [ action_begin ] --END-- [ RunTime:0.024146s ]
SQL: SHOW COLUMNS FROM `fw_jfmonews` [ RunTime:0.0008s ]
SQL: SELECT `news_id`,`news_title` FROM `fw_jfmonews` WHERE `news_isgg` = 1 AND `news_unitcode` = '3183' ORDER BY news_addtime DESC  [ RunTime:0.0006s ]
SQL: SHOW COLUMNS FROM `fw_adinfo` [ RunTime:0.0021s ]
SQL: SELECT * FROM `fw_adinfo` WHERE `ad_unitcode` = '3183' ORDER BY ad_addtime DESC LIMIT 5   [ RunTime:0.0006s ]
SQL: SELECT * FROM `fw_jfmonews` WHERE `news_type` = 2 AND `news_unitcode` = '3183' ORDER BY news_addtime DESC LIMIT 2   [ RunTime:0.0006s ]
SQL: SHOW COLUMNS FROM `fw_dealer` [ RunTime:0.0013s ]
SQL: SHOW COLUMNS FROM `fw_dltype` [ RunTime:0.0009s ]
SQL: SELECT `dlt_id`,`dlt_name`,`dlt_level` FROM `fw_dltype` WHERE `dlt_unitcode` = '3183' GROUP BY dlt_name,dlt_level ORDER BY dlt_level ASC  [ RunTime:0.0006s ]
SQL: SHOW COLUMNS FROM `fw_orders` [ RunTime:0.0010s ]
SQL: SHOW COLUMNS FROM `fw_product` [ RunTime:0.0009s ]
SQL: SHOW COLUMNS FROM `fw_orderdetail` [ RunTime:0.0009s ]
SQL: SHOW COLUMNS FROM `fw_shipment` [ RunTime:0.0008s ]
SQL: SELECT `od_id`,`od_state`,`od_orderid`,`od_total`,`od_addtime` FROM `fw_orders` WHERE `od_unitcode` = '3183' AND `od_rcdlid` = null AND `od_virtualstock` = 0 AND `od_state` = 0 ORDER BY od_addtime DESC  [ RunTime:0.0006s ]
SQL: SELECT `dl_id`,`dl_name`,`dl_weixin`,`dl_wxheadimg`,`dl_tel`,`dl_address`,`dl_addtime`,`dl_level` FROM `fw_dealer` WHERE `dl_unitcode` = '3183' AND `dl_belong` = null AND `dl_status` = 0 ORDER BY dl_id DESC  [ RunTime:0.0007s ]
NOTIC: [8] Undefined variable: bas_content E:\famaotang\webcore\Apps\Famaotang\Controller\IndexController.class.php 第 221 行.
NOTIC: [8] Undefined variable: bas_logopic E:\famaotang\webcore\Apps\Famaotang\Controller\IndexController.class.php 第 223 行.
NOTIC: [8] Undefined variable: bas_footpic E:\famaotang\webcore\Apps\Famaotang\Controller\IndexController.class.php 第 224 行.
INFO: [ view_parse ] --START--
INFO: [ template_filter ] --START--
INFO: Run Behavior\ContentReplaceBehavior [ RunTime:0.000250s ]
INFO: [ template_filter ] --END-- [ RunTime:0.000545s ]
NOTIC: [8] Use of undefined constant count - assumed 'count' E:\famaotang\webcore\Runtime\Cache\Famaotang\51b0e4d1c2781aa52b29f166cc16ffc2.php 第 235 行.
INFO: Run Behavior\ParseTemplateBehavior [ RunTime:0.046415s ]
INFO: [ view_parse ] --END-- [ RunTime:0.046723s ]
INFO: [ view_filter ] --START--
INFO: Run Behavior\WriteHtmlCacheBehavior [ RunTime:0.000435s ]
INFO: [ view_filter ] --END-- [ RunTime:0.000701s ]
INFO: [ app_end ] --START--
INFO: Run Behavior\ShowPageTraceBehavior [ RunTime:0.000555s ]
INFO: [ app_end ] --END-- [ RunTime:0.000829s ]
NOTIC: [2] ini_set(): A session is active. You cannot change the session module's ini settings at this time E:\famaotang\web\index.php 第 34 行.

