[ 2018-11-05T13:37:49+08:00 ] ::1 /famaotang/Famaotang/Mine
INFO: [ app_begin ] --START--
INFO: Run Behavior\ReadHtmlCacheBehavior [ RunTime:0.001000s ]
INFO: [ app_begin ] --END-- [ RunTime:0.001000s ]
NOTIC: [8192] mysql_connect(): The mysql extension is deprecated and will be removed in the future: use mysqli or PDO instead D:\Aroot\myphp_www\PHPTutorial\WWW\famaotang\Tp\Library\Think\Session\Driver\Db.class.php 第 95 行.
INFO: [ action_begin ] --START--
SQL: SHOW COLUMNS FROM `fw_denyip` [ RunTime:0.0090s ]
SQL: SELECT * FROM `fw_denyip`  [ RunTime:0.0010s ]
INFO: Run Home\Behaviors\DenyipsBehavior [ RunTime:0.019001s ]
INFO: [ action_begin ] --END-- [ RunTime:0.019001s ]
SQL: SHOW COLUMNS FROM `fw_dealer` [ RunTime:0.0080s ]
SQL: SHOW COLUMNS FROM `fw_dltype` [ RunTime:0.0090s ]
SQL: SHOW COLUMNS FROM `fw_fanlidetail` [ RunTime:0.0260s ]
SQL: SHOW COLUMNS FROM `fw_orders` [ RunTime:0.0090s ]
SQL: SELECT * FROM `fw_dealer` WHERE `dl_id` = null AND `dl_unitcode` = '3183' LIMIT 1   [ RunTime:0.0010s ]

[ 2018-11-05T13:37:50+08:00 ] ::1 /famaotang/Famaotang/Dealer/login/ttamp/1541396269/sture/bc2bf87f2c08f74adb4aa5aff60ec86e/tagpage/aHR0cDovL2xvY2FsaG9zdC9mYW1hb3RhbmcvRmFtYW90YW5nL01pbmU=
INFO: [ app_begin ] --START--
INFO: Run Behavior\ReadHtmlCacheBehavior [ RunTime:0.000000s ]
INFO: [ app_begin ] --END-- [ RunTime:0.000000s ]
NOTIC: [8192] mysql_connect(): The mysql extension is deprecated and will be removed in the future: use mysqli or PDO instead D:\Aroot\myphp_www\PHPTutorial\WWW\famaotang\Tp\Library\Think\Session\Driver\Db.class.php 第 95 行.
INFO: [ action_begin ] --START--
SQL: SHOW COLUMNS FROM `fw_denyip` [ RunTime:0.0080s ]
SQL: SELECT * FROM `fw_denyip`  [ RunTime:0.0000s ]
INFO: Run Home\Behaviors\DenyipsBehavior [ RunTime:0.015000s ]
INFO: [ action_begin ] --END-- [ RunTime:0.015000s ]
INFO: [ view_parse ] --START--
INFO: [ template_filter ] --START--
INFO: Run Behavior\ContentReplaceBehavior [ RunTime:0.000000s ]
INFO: [ template_filter ] --END-- [ RunTime:0.000000s ]
INFO: Run Behavior\ParseTemplateBehavior [ RunTime:0.031002s ]
INFO: [ view_parse ] --END-- [ RunTime:0.031002s ]
INFO: [ view_filter ] --START--
INFO: Run Behavior\WriteHtmlCacheBehavior [ RunTime:0.000000s ]
INFO: [ view_filter ] --END-- [ RunTime:0.000000s ]
INFO: [ app_end ] --START--
INFO: Run Behavior\ShowPageTraceBehavior [ RunTime:0.001000s ]
INFO: [ app_end ] --END-- [ RunTime:0.001000s ]
NOTIC: [2] ini_set(): A session is active. You cannot change the session module's ini settings at this time D:\Aroot\myphp_www\PHPTutorial\WWW\famaotang\index.php 第 36 行.

[ 2018-11-05T13:37:51+08:00 ] ::1 /famaotang/Famaotang/Dealer/login
INFO: [ app_begin ] --START--
INFO: Run Behavior\ReadHtmlCacheBehavior [ RunTime:0.001000s ]
INFO: [ app_begin ] --END-- [ RunTime:0.001000s ]
NOTIC: [8192] mysql_connect(): The mysql extension is deprecated and will be removed in the future: use mysqli or PDO instead D:\Aroot\myphp_www\PHPTutorial\WWW\famaotang\Tp\Library\Think\Session\Driver\Db.class.php 第 95 行.
INFO: [ action_begin ] --START--
SQL: SHOW COLUMNS FROM `fw_denyip` [ RunTime:0.0070s ]
SQL: SELECT * FROM `fw_denyip`  [ RunTime:0.0010s ]
INFO: Run Home\Behaviors\DenyipsBehavior [ RunTime:0.017001s ]
INFO: [ action_begin ] --END-- [ RunTime:0.017001s ]
SQL: SHOW COLUMNS FROM `fw_dealer` [ RunTime:0.0080s ]
SQL: SELECT * FROM `fw_dealer` WHERE `dl_username` = 'test' AND `dl_unitcode` = '3183' LIMIT 1   [ RunTime:0.0010s ]
SQL: SHOW COLUMNS FROM `fw_log` [ RunTime:0.0240s ]
SQL: INSERT INTO `fw_log` (`log_qyid`,`log_user`,`log_qycode`,`log_action`,`log_type`,`log_addtime`,`log_ip`,`log_link`,`log_remark`) VALUES ('1','test','3183','经销商账号登录','2','1541396271','0.0.0.0','/famaotang/Famaotang/Dealer/login','') [ RunTime:0.0100s ]
SQL: UPDATE `fw_dealer` SET `dl_logintime`='1541396271' WHERE `dl_username` = 'test' AND `dl_unitcode` = '3183' [ RunTime:0.0000s ]

[ 2018-11-05T13:37:54+08:00 ] ::1 /famaotang/Famaotang/Orders/home
INFO: [ app_begin ] --START--
INFO: Run Behavior\ReadHtmlCacheBehavior [ RunTime:0.000000s ]
INFO: [ app_begin ] --END-- [ RunTime:0.000000s ]
NOTIC: [8192] mysql_connect(): The mysql extension is deprecated and will be removed in the future: use mysqli or PDO instead D:\Aroot\myphp_www\PHPTutorial\WWW\famaotang\Tp\Library\Think\Session\Driver\Db.class.php 第 95 行.
INFO: [ action_begin ] --START--
SQL: SHOW COLUMNS FROM `fw_denyip` [ RunTime:0.0090s ]
SQL: SELECT * FROM `fw_denyip`  [ RunTime:0.0010s ]
INFO: Run Home\Behaviors\DenyipsBehavior [ RunTime:0.016001s ]
INFO: [ action_begin ] --END-- [ RunTime:0.016001s ]
SQL: SHOW COLUMNS FROM `fw_orders` [ RunTime:0.0080s ]
SQL: SHOW COLUMNS FROM `fw_dealer` [ RunTime:0.0080s ]
SQL: SELECT COUNT(*) AS tp_count FROM `fw_orders` WHERE `od_unitcode` = 3183 AND `od_oddlid` = 1 AND `od_state` = 0 AND `od_virtualstock` = 0 LIMIT 1   [ RunTime:0.0000s ]
SQL: SELECT COUNT(*) AS tp_count FROM `fw_orders` WHERE `od_unitcode` = 3183 AND `od_oddlid` = 1 AND `od_state` IN ('1','2') AND `od_virtualstock` = 0 LIMIT 1   [ RunTime:0.0000s ]
SQL: SELECT COUNT(*) AS tp_count FROM `fw_orders` WHERE `od_unitcode` = 3183 AND `od_oddlid` = 1 AND `od_state` = 3 AND `od_virtualstock` = 0 LIMIT 1   [ RunTime:0.0010s ]
SQL: SELECT COUNT(*) AS tp_count FROM `fw_orders` WHERE `od_unitcode` = 3183 AND `od_oddlid` = 1 AND `od_state` = 8 AND `od_virtualstock` = 0 LIMIT 1   [ RunTime:0.0010s ]
SQL: SELECT COUNT(*) AS tp_count FROM `fw_orders` WHERE `od_unitcode` = 3183 AND `od_oddlid` = 1 AND `od_state` = 9 AND `od_virtualstock` = 0 LIMIT 1   [ RunTime:0.0010s ]
SQL: SELECT COUNT(*) AS tp_count FROM `fw_orders` WHERE `od_unitcode` = 3183 AND `od_rcdlid` = 1 AND `od_state` = 0 AND `od_virtualstock` = 0 LIMIT 1   [ RunTime:0.0010s ]
SQL: SELECT COUNT(*) AS tp_count FROM `fw_orders` WHERE `od_unitcode` = 3183 AND `od_rcdlid` = 1 AND `od_state` IN ('1','2') AND `od_virtualstock` = 0 LIMIT 1   [ RunTime:0.0000s ]
SQL: SELECT COUNT(*) AS tp_count FROM `fw_orders` WHERE `od_unitcode` = 3183 AND `od_rcdlid` = 1 AND `od_state` IN ('3') AND `od_virtualstock` = 0 LIMIT 1   [ RunTime:0.0000s ]
SQL: SELECT COUNT(*) AS tp_count FROM `fw_orders` WHERE `od_unitcode` = 3183 AND `od_rcdlid` = 1 AND `od_state` = 8 AND `od_virtualstock` = 0 LIMIT 1   [ RunTime:0.0010s ]
SQL: SELECT COUNT(*) AS tp_count FROM `fw_orders` WHERE `od_unitcode` = 3183 AND `od_rcdlid` = 1 AND `od_state` = 9 AND `od_virtualstock` = 0 LIMIT 1   [ RunTime:0.0010s ]
SQL: SELECT * FROM `fw_dealer` WHERE `dl_id` = 1 LIMIT 1   [ RunTime:0.0010s ]
INFO: [ view_parse ] --START--
INFO: [ template_filter ] --START--
INFO: Run Behavior\ContentReplaceBehavior [ RunTime:0.000000s ]
INFO: [ template_filter ] --END-- [ RunTime:0.000000s ]
INFO: Run Behavior\ParseTemplateBehavior [ RunTime:0.009000s ]
INFO: [ view_parse ] --END-- [ RunTime:0.009000s ]
INFO: [ view_filter ] --START--
INFO: Run Behavior\WriteHtmlCacheBehavior [ RunTime:0.000000s ]
INFO: [ view_filter ] --END-- [ RunTime:0.000000s ]
INFO: [ app_end ] --START--
INFO: Run Behavior\ShowPageTraceBehavior [ RunTime:0.001000s ]
INFO: [ app_end ] --END-- [ RunTime:0.001000s ]
NOTIC: [2] ini_set(): A session is active. You cannot change the session module's ini settings at this time D:\Aroot\myphp_www\PHPTutorial\WWW\famaotang\index.php 第 36 行.

[ 2018-11-05T13:37:57+08:00 ] ::1 /famaotang/Famaotang/Dealer
INFO: [ app_begin ] --START--
INFO: Run Behavior\ReadHtmlCacheBehavior [ RunTime:0.000000s ]
INFO: [ app_begin ] --END-- [ RunTime:0.001000s ]
NOTIC: [8192] mysql_connect(): The mysql extension is deprecated and will be removed in the future: use mysqli or PDO instead D:\Aroot\myphp_www\PHPTutorial\WWW\famaotang\Tp\Library\Think\Session\Driver\Db.class.php 第 95 行.
INFO: [ action_begin ] --START--
SQL: SHOW COLUMNS FROM `fw_denyip` [ RunTime:0.0080s ]
SQL: SELECT * FROM `fw_denyip`  [ RunTime:0.0010s ]
INFO: Run Home\Behaviors\DenyipsBehavior [ RunTime:0.017001s ]
INFO: [ action_begin ] --END-- [ RunTime:0.017001s ]
SQL: SHOW COLUMNS FROM `fw_dealer` [ RunTime:0.0080s ]
SQL: SELECT * FROM `fw_dealer` WHERE `dl_id` = 1 AND `dl_unitcode` = '3183' AND `dl_status` = 1 LIMIT 1   [ RunTime:0.0010s ]
SQL: SHOW COLUMNS FROM `fw_dltype` [ RunTime:0.0080s ]
SQL: SELECT `dlt_id`,`dlt_name`,`dlt_level` FROM `fw_dltype` WHERE `dlt_unitcode` = '3183' AND `dlt_level` IN ('1','2','3','4') ORDER BY dlt_level ASC,dlt_id ASC  [ RunTime:0.0010s ]
SQL: SELECT COUNT(*) AS tp_count FROM `fw_dealer` WHERE `dl_unitcode` = '3183' AND `dl_belong` = 1 AND `dl_type` = 7 AND `dl_status` = 1 LIMIT 1   [ RunTime:0.0010s ]
SQL: SELECT COUNT(*) AS tp_count FROM `fw_dealer` WHERE `dl_unitcode` = '3183' AND `dl_belong` = 1 AND `dl_type` = 8 AND `dl_status` = 1 LIMIT 1   [ RunTime:0.0010s ]
SQL: SELECT COUNT(*) AS tp_count FROM `fw_dealer` WHERE `dl_unitcode` = '3183' AND `dl_belong` = 1 AND `dl_type` = 9 AND `dl_status` = 1 LIMIT 1   [ RunTime:0.0000s ]
SQL: SELECT COUNT(*) AS tp_count FROM `fw_dealer` WHERE `dl_unitcode` = '3183' AND `dl_belong` = 1 AND `dl_type` = 10 AND `dl_status` = 1 LIMIT 1   [ RunTime:0.0000s ]
SQL: SELECT `dlt_id`,`dlt_name`,`dlt_level` FROM `fw_dltype` WHERE `dlt_unitcode` = '3183' AND `dlt_level` IN ('1','2','3','4') ORDER BY dlt_level ASC,dlt_id ASC  [ RunTime:0.0010s ]
SQL: SELECT COUNT(*) AS tp_count FROM `fw_dealer` WHERE `dl_unitcode` = '3183' AND `dl_referee` = 1 AND `dl_type` = 7 AND `dl_status` IN ('0','1','2') LIMIT 1   [ RunTime:0.0010s ]
SQL: SELECT COUNT(*) AS tp_count FROM `fw_dealer` WHERE `dl_unitcode` = '3183' AND `dl_referee` = 1 AND `dl_type` = 8 AND `dl_status` IN ('0','1','2') LIMIT 1   [ RunTime:0.0000s ]
SQL: SELECT COUNT(*) AS tp_count FROM `fw_dealer` WHERE `dl_unitcode` = '3183' AND `dl_referee` = 1 AND `dl_type` = 9 AND `dl_status` IN ('0','1','2') LIMIT 1   [ RunTime:0.0000s ]
SQL: SELECT COUNT(*) AS tp_count FROM `fw_dealer` WHERE `dl_unitcode` = '3183' AND `dl_referee` = 1 AND `dl_type` = 10 AND `dl_status` IN ('0','1','2') LIMIT 1   [ RunTime:0.0010s ]
SQL: SELECT `dl_id`,`dl_name`,`dl_weixin`,`dl_wxheadimg`,`dl_tel`,`dl_address`,`dl_addtime`,`dl_level`,`dl_type` FROM `fw_dealer` WHERE `dl_unitcode` = '3183' AND `dl_belong` = 1 AND `dl_status` = 0 ORDER BY dl_id DESC  [ RunTime:0.0010s ]
INFO: [ view_parse ] --START--
INFO: [ template_filter ] --START--
INFO: Run Behavior\ContentReplaceBehavior [ RunTime:0.000000s ]
INFO: [ template_filter ] --END-- [ RunTime:0.000000s ]
INFO: Run Behavior\ParseTemplateBehavior [ RunTime:0.020001s ]
INFO: [ view_parse ] --END-- [ RunTime:0.020001s ]
INFO: [ view_filter ] --START--
INFO: Run Behavior\WriteHtmlCacheBehavior [ RunTime:0.001000s ]
INFO: [ view_filter ] --END-- [ RunTime:0.001000s ]
INFO: [ app_end ] --START--
INFO: Run Behavior\ShowPageTraceBehavior [ RunTime:0.000000s ]
INFO: [ app_end ] --END-- [ RunTime:0.000000s ]
NOTIC: [2] ini_set(): A session is active. You cannot change the session module's ini settings at this time D:\Aroot\myphp_www\PHPTutorial\WWW\famaotang\index.php 第 36 行.

[ 2018-11-05T13:37:58+08:00 ] ::1 /famaotang/Famaotang/Index
INFO: [ app_begin ] --START--
INFO: Run Behavior\ReadHtmlCacheBehavior [ RunTime:0.000000s ]
INFO: [ app_begin ] --END-- [ RunTime:0.000000s ]
NOTIC: [8192] mysql_connect(): The mysql extension is deprecated and will be removed in the future: use mysqli or PDO instead D:\Aroot\myphp_www\PHPTutorial\WWW\famaotang\Tp\Library\Think\Session\Driver\Db.class.php 第 95 行.
INFO: [ action_begin ] --START--
SQL: SHOW COLUMNS FROM `fw_denyip` [ RunTime:0.0120s ]
SQL: SELECT * FROM `fw_denyip`  [ RunTime:0.0010s ]
INFO: Run Home\Behaviors\DenyipsBehavior [ RunTime:0.021001s ]
INFO: [ action_begin ] --END-- [ RunTime:0.021001s ]
SQL: SHOW COLUMNS FROM `fw_jfmonews` [ RunTime:0.0080s ]
SQL: SELECT `news_id`,`news_title` FROM `fw_jfmonews` WHERE `news_isgg` = 1 AND `news_unitcode` = '3183' ORDER BY news_addtime DESC  [ RunTime:0.0000s ]
SQL: SHOW COLUMNS FROM `fw_adinfo` [ RunTime:0.0080s ]
SQL: SELECT * FROM `fw_adinfo` WHERE `ad_unitcode` = '3183' ORDER BY ad_addtime DESC LIMIT 5   [ RunTime:0.0010s ]
SQL: SELECT * FROM `fw_jfmonews` WHERE `news_type` = 2 AND `news_unitcode` = '3183' ORDER BY news_addtime DESC LIMIT 2   [ RunTime:0.0010s ]
SQL: SHOW COLUMNS FROM `fw_dealer` [ RunTime:0.0080s ]
SQL: SHOW COLUMNS FROM `fw_dltype` [ RunTime:0.0080s ]
SQL: SELECT `dlt_id`,`dlt_name`,`dlt_level` FROM `fw_dltype` WHERE `dlt_unitcode` = '3183' AND `dlt_level` IN ('1','2') GROUP BY dlt_name,dlt_level ORDER BY dlt_level ASC  [ RunTime:0.0010s ]
SQL: SELECT COUNT(*) AS tp_count FROM `fw_dealer` WHERE `dl_unitcode` = '3183' AND `dl_type` = 7 AND `dl_belong` = 1 AND `dl_status` IN ('0','1','2') LIMIT 1   [ RunTime:0.0010s ]
SQL: SELECT COUNT(*) AS tp_count FROM `fw_dealer` WHERE `dl_unitcode` = '3183' AND `dl_type` = 8 AND `dl_belong` = 1 AND `dl_status` IN ('0','1','2') LIMIT 1   [ RunTime:0.0010s ]
SQL: SHOW COLUMNS FROM `fw_orders` [ RunTime:0.0070s ]
SQL: SHOW COLUMNS FROM `fw_product` [ RunTime:0.0080s ]
SQL: SHOW COLUMNS FROM `fw_orderdetail` [ RunTime:0.0070s ]
SQL: SHOW COLUMNS FROM `fw_shipment` [ RunTime:0.0080s ]
SQL: SELECT `od_id`,`od_state`,`od_orderid`,`od_total`,`od_addtime` FROM `fw_orders` WHERE `od_unitcode` = 3183 AND `od_rcdlid` = 1 AND `od_virtualstock` = 0 AND `od_state` = 0 ORDER BY od_addtime DESC  [ RunTime:0.0010s ]
SQL: SELECT `dl_id`,`dl_name`,`dl_weixin`,`dl_wxheadimg`,`dl_tel`,`dl_address`,`dl_addtime`,`dl_level` FROM `fw_dealer` WHERE `dl_unitcode` = '3183' AND `dl_belong` = 1 AND `dl_status` = 0 ORDER BY dl_id DESC  [ RunTime:0.0010s ]
NOTIC: [8] Undefined variable: bas_content D:\Aroot\myphp_www\PHPTutorial\WWW\famaotang\Apps\Famaotang\Controller\IndexController.class.php 第 223 行.
NOTIC: [8] Undefined variable: bas_logopic D:\Aroot\myphp_www\PHPTutorial\WWW\famaotang\Apps\Famaotang\Controller\IndexController.class.php 第 225 行.
NOTIC: [8] Undefined variable: bas_footpic D:\Aroot\myphp_www\PHPTutorial\WWW\famaotang\Apps\Famaotang\Controller\IndexController.class.php 第 226 行.
INFO: [ view_parse ] --START--
INFO: [ template_filter ] --START--
INFO: Run Behavior\ContentReplaceBehavior [ RunTime:0.000000s ]
INFO: [ template_filter ] --END-- [ RunTime:0.000000s ]
NOTIC: [8] Use of undefined constant count - assumed 'count' D:\Aroot\myphp_www\PHPTutorial\WWW\famaotang\Runtime\Cache\Famaotang\33dd42042f73a96ec4ef098e1ae311af.php 第 235 行.
NOTIC: [8] Undefined variable: item D:\Aroot\myphp_www\PHPTutorial\WWW\famaotang\Runtime\Cache\Famaotang\33dd42042f73a96ec4ef098e1ae311af.php 第 241 行.
INFO: Run Behavior\ParseTemplateBehavior [ RunTime:0.014000s ]
INFO: [ view_parse ] --END-- [ RunTime:0.014000s ]
INFO: [ view_filter ] --START--
INFO: Run Behavior\WriteHtmlCacheBehavior [ RunTime:0.000000s ]
INFO: [ view_filter ] --END-- [ RunTime:0.000000s ]
INFO: [ app_end ] --START--
INFO: Run Behavior\ShowPageTraceBehavior [ RunTime:0.000000s ]
INFO: [ app_end ] --END-- [ RunTime:0.000000s ]
NOTIC: [2] ini_set(): A session is active. You cannot change the session module's ini settings at this time D:\Aroot\myphp_www\PHPTutorial\WWW\famaotang\index.php 第 36 行.

