[ 2018-11-23T17:37:58+08:00 ] 127.0.0.1 /Mp/Orders/odfinishship
INFO: [ app_begin ] --START--
INFO: Run Behavior\ReadHtmlCacheBehavior [ RunTime:0.000000s ]
INFO: [ app_begin ] --END-- [ RunTime:0.001000s ]
NOTIC: [8192] mysql_connect(): The mysql extension is deprecated and will be removed in the future: use mysqli or PDO instead D:\Aroot\myphp_www\PHPTutorial\WWW\famaotang\Tp\Library\Think\Session\Driver\Db.class.php 第 95 行.
INFO: [ action_begin ] --START--
SQL: SHOW COLUMNS FROM `fw_denyip` [ RunTime:0.0080s ]
SQL: SELECT * FROM `fw_denyip`  [ RunTime:0.0010s ]
INFO: Run Home\Behaviors\DenyipsBehavior [ RunTime:0.016001s ]
INFO: [ action_begin ] --END-- [ RunTime:0.016001s ]
SQL: SHOW COLUMNS FROM `fw_orders` [ RunTime:0.0080s ]
SQL: SELECT * FROM `fw_orders` WHERE `od_unitcode` = 3183 AND `od_id` = 130 AND `od_rcdlid` = 0 LIMIT 1   [ RunTime:0.0010s ]
SQL: SHOW COLUMNS FROM `fw_orderdetail` [ RunTime:0.0070s ]
SQL: SHOW COLUMNS FROM `fw_product` [ RunTime:0.0080s ]
SQL: SHOW COLUMNS FROM `fw_shipment` [ RunTime:0.0080s ]
SQL: SHOW COLUMNS FROM `fw_dealer` [ RunTime:0.0080s ]
SQL: SELECT * FROM `fw_orderdetail` WHERE `oddt_unitcode` = 3183 AND `oddt_odid` = 130 ORDER BY oddt_id DESC LIMIT 100   [ RunTime:0.0010s ]
SQL: SELECT * FROM `fw_product` WHERE `pro_id` = 1 AND `pro_unitcode` = '3183' LIMIT 1   [ RunTime:0.0010s ]
SQL: SELECT SUM(ship_proqty) AS tp_sum FROM `fw_shipment` WHERE `ship_pro` = 1 AND `ship_unitcode` = '3183' AND `ship_odid` = 130 AND `ship_oddtid` = 210 AND `ship_dealer` = 47 LIMIT 1   [ RunTime:0.0010s ]

[ 2018-11-23T17:46:02+08:00 ] 127.0.0.1 /Mp/Orders/odfinishship
INFO: [ app_begin ] --START--
INFO: Run Behavior\ReadHtmlCacheBehavior [ RunTime:0.001000s ]
INFO: [ app_begin ] --END-- [ RunTime:0.001000s ]
NOTIC: [8192] mysql_connect(): The mysql extension is deprecated and will be removed in the future: use mysqli or PDO instead D:\Aroot\myphp_www\PHPTutorial\WWW\famaotang\Tp\Library\Think\Session\Driver\Db.class.php 第 95 行.
INFO: [ action_begin ] --START--
SQL: SHOW COLUMNS FROM `fw_denyip` [ RunTime:0.0070s ]
SQL: SELECT * FROM `fw_denyip`  [ RunTime:0.0030s ]
INFO: Run Home\Behaviors\DenyipsBehavior [ RunTime:0.026001s ]
INFO: [ action_begin ] --END-- [ RunTime:0.026001s ]
SQL: SHOW COLUMNS FROM `fw_orders` [ RunTime:0.0080s ]
SQL: SELECT * FROM `fw_orders` WHERE `od_unitcode` = 3183 AND `od_id` = 130 AND `od_rcdlid` = 0 LIMIT 1   [ RunTime:0.0010s ]
SQL: SHOW COLUMNS FROM `fw_orderdetail` [ RunTime:0.0070s ]
SQL: SHOW COLUMNS FROM `fw_product` [ RunTime:0.0080s ]
SQL: SHOW COLUMNS FROM `fw_shipment` [ RunTime:0.0070s ]
SQL: SHOW COLUMNS FROM `fw_dealer` [ RunTime:0.0070s ]
SQL: SELECT * FROM `fw_orderdetail` WHERE `oddt_unitcode` = 3183 AND `oddt_odid` = 130 ORDER BY oddt_id DESC LIMIT 100   [ RunTime:0.0000s ]
SQL: SELECT * FROM `fw_product` WHERE `pro_id` = 1 AND `pro_unitcode` = '3183' LIMIT 1   [ RunTime:0.0000s ]
SQL: SELECT SUM(ship_proqty) AS tp_sum FROM `fw_shipment` WHERE `ship_pro` = 1 AND `ship_unitcode` = '3183' AND `ship_odid` = 130 AND `ship_oddtid` = 210 AND `ship_dealer` = 47 LIMIT 1   [ RunTime:0.0000s ]

[ 2018-11-23T17:48:21+08:00 ] 127.0.0.1 /Mp/Orders/odfinishship
INFO: [ app_begin ] --START--
INFO: Run Behavior\ReadHtmlCacheBehavior [ RunTime:0.000000s ]
INFO: [ app_begin ] --END-- [ RunTime:0.001000s ]
NOTIC: [8192] mysql_connect(): The mysql extension is deprecated and will be removed in the future: use mysqli or PDO instead D:\Aroot\myphp_www\PHPTutorial\WWW\famaotang\Tp\Library\Think\Session\Driver\Db.class.php 第 95 行.
INFO: [ action_begin ] --START--
SQL: SHOW COLUMNS FROM `fw_denyip` [ RunTime:0.0080s ]
SQL: SELECT * FROM `fw_denyip`  [ RunTime:0.0010s ]
INFO: Run Home\Behaviors\DenyipsBehavior [ RunTime:0.026001s ]
INFO: [ action_begin ] --END-- [ RunTime:0.026001s ]
SQL: SHOW COLUMNS FROM `fw_orders` [ RunTime:0.0080s ]
SQL: SELECT * FROM `fw_orders` WHERE `od_unitcode` = 3183 AND `od_id` = 130 AND `od_rcdlid` = 0 LIMIT 1   [ RunTime:0.0010s ]
SQL: SHOW COLUMNS FROM `fw_orderdetail` [ RunTime:0.0070s ]
SQL: SHOW COLUMNS FROM `fw_product` [ RunTime:0.0070s ]
SQL: SHOW COLUMNS FROM `fw_shipment` [ RunTime:0.0080s ]
SQL: SHOW COLUMNS FROM `fw_dealer` [ RunTime:0.0080s ]
SQL: SELECT * FROM `fw_orderdetail` WHERE `oddt_unitcode` = 3183 AND `oddt_odid` = 130 ORDER BY oddt_id DESC LIMIT 100   [ RunTime:0.0010s ]
SQL: SELECT * FROM `fw_product` WHERE `pro_id` = 1 AND `pro_unitcode` = '3183' LIMIT 1   [ RunTime:0.0010s ]
SQL: SELECT SUM(ship_proqty) AS tp_sum FROM `fw_shipment` WHERE `ship_pro` = 1 AND `ship_unitcode` = '3183' AND `ship_odid` = 130 AND `ship_oddtid` = 210 AND `ship_dealer` = 47 LIMIT 1   [ RunTime:0.0010s ]

[ 2018-11-23T17:52:53+08:00 ] 127.0.0.1 /Mp/Orders/odfinishship
INFO: [ app_begin ] --START--
INFO: Run Behavior\ReadHtmlCacheBehavior [ RunTime:0.000000s ]
INFO: [ app_begin ] --END-- [ RunTime:0.001000s ]
NOTIC: [8192] mysql_connect(): The mysql extension is deprecated and will be removed in the future: use mysqli or PDO instead D:\Aroot\myphp_www\PHPTutorial\WWW\famaotang\Tp\Library\Think\Session\Driver\Db.class.php 第 95 行.
INFO: [ action_begin ] --START--
SQL: SHOW COLUMNS FROM `fw_denyip` [ RunTime:0.0090s ]
SQL: SELECT * FROM `fw_denyip`  [ RunTime:0.0010s ]
INFO: Run Home\Behaviors\DenyipsBehavior [ RunTime:0.026001s ]
INFO: [ action_begin ] --END-- [ RunTime:0.026001s ]
SQL: SHOW COLUMNS FROM `fw_orders` [ RunTime:0.0080s ]
SQL: SELECT * FROM `fw_orders` WHERE `od_unitcode` = 3183 AND `od_id` = 130 AND `od_rcdlid` = 0 LIMIT 1   [ RunTime:0.0000s ]
SQL: SHOW COLUMNS FROM `fw_orderdetail` [ RunTime:0.0070s ]
SQL: SHOW COLUMNS FROM `fw_product` [ RunTime:0.0080s ]
SQL: SHOW COLUMNS FROM `fw_shipment` [ RunTime:0.0080s ]
SQL: SHOW COLUMNS FROM `fw_dealer` [ RunTime:0.0090s ]
SQL: SELECT * FROM `fw_orderdetail` WHERE `oddt_unitcode` = 3183 AND `oddt_odid` = 130 ORDER BY oddt_id DESC LIMIT 100   [ RunTime:0.0010s ]
SQL: SELECT * FROM `fw_product` WHERE `pro_id` = 1 AND `pro_unitcode` = '3183' LIMIT 1   [ RunTime:0.0010s ]
SQL: SELECT SUM(ship_proqty) AS tp_sum FROM `fw_shipment` WHERE `ship_pro` = 1 AND `ship_unitcode` = '3183' AND `ship_odid` = 130 AND `ship_oddtid` = 210 AND `ship_dealer` = 47 LIMIT 1   [ RunTime:0.0000s ]

[ 2018-11-23T17:54:07+08:00 ] 127.0.0.1 /Mp/Orders/odfinishship
INFO: [ app_begin ] --START--
INFO: Run Behavior\ReadHtmlCacheBehavior [ RunTime:0.000000s ]
INFO: [ app_begin ] --END-- [ RunTime:0.000000s ]
NOTIC: [8192] mysql_connect(): The mysql extension is deprecated and will be removed in the future: use mysqli or PDO instead D:\Aroot\myphp_www\PHPTutorial\WWW\famaotang\Tp\Library\Think\Session\Driver\Db.class.php 第 95 行.
INFO: [ action_begin ] --START--
SQL: SHOW COLUMNS FROM `fw_denyip` [ RunTime:0.0080s ]
SQL: SELECT * FROM `fw_denyip`  [ RunTime:0.0000s ]
INFO: Run Home\Behaviors\DenyipsBehavior [ RunTime:0.025002s ]
INFO: [ action_begin ] --END-- [ RunTime:0.025002s ]
SQL: SHOW COLUMNS FROM `fw_orders` [ RunTime:0.0080s ]
SQL: SELECT * FROM `fw_orders` WHERE `od_unitcode` = 3183 AND `od_id` = 130 AND `od_rcdlid` = 0 LIMIT 1   [ RunTime:0.0010s ]
SQL: SHOW COLUMNS FROM `fw_orderdetail` [ RunTime:0.0080s ]
SQL: SHOW COLUMNS FROM `fw_product` [ RunTime:0.0090s ]
SQL: SHOW COLUMNS FROM `fw_shipment` [ RunTime:0.0080s ]
SQL: SHOW COLUMNS FROM `fw_dealer` [ RunTime:0.0090s ]
SQL: SELECT * FROM `fw_orderdetail` WHERE `oddt_unitcode` = 3183 AND `oddt_odid` = 130 ORDER BY oddt_id DESC LIMIT 100   [ RunTime:0.0010s ]
SQL: SELECT * FROM `fw_product` WHERE `pro_id` = 1 AND `pro_unitcode` = '3183' LIMIT 1   [ RunTime:0.0010s ]
SQL: SELECT SUM(ship_proqty) AS tp_sum FROM `fw_shipment` WHERE `ship_pro` = 1 AND `ship_unitcode` = '3183' AND `ship_odid` = 130 AND `ship_oddtid` = 210 AND `ship_dealer` = 47 LIMIT 1   [ RunTime:0.0010s ]

[ 2018-11-23T17:58:49+08:00 ] 127.0.0.1 /Mp/Orders/odfinishship
INFO: [ app_begin ] --START--
INFO: Run Behavior\ReadHtmlCacheBehavior [ RunTime:0.000000s ]
INFO: [ app_begin ] --END-- [ RunTime:0.001000s ]
NOTIC: [8192] mysql_connect(): The mysql extension is deprecated and will be removed in the future: use mysqli or PDO instead D:\Aroot\myphp_www\PHPTutorial\WWW\famaotang\Tp\Library\Think\Session\Driver\Db.class.php 第 95 行.
INFO: [ action_begin ] --START--
SQL: SHOW COLUMNS FROM `fw_denyip` [ RunTime:0.0080s ]
SQL: SELECT * FROM `fw_denyip`  [ RunTime:0.0000s ]
INFO: Run Home\Behaviors\DenyipsBehavior [ RunTime:0.024001s ]
INFO: [ action_begin ] --END-- [ RunTime:0.024001s ]
SQL: SHOW COLUMNS FROM `fw_orders` [ RunTime:0.0070s ]
SQL: SELECT * FROM `fw_orders` WHERE `od_unitcode` = 3183 AND `od_id` = 131 AND `od_rcdlid` = 0 LIMIT 1   [ RunTime:0.0010s ]
SQL: SHOW COLUMNS FROM `fw_orderdetail` [ RunTime:0.0070s ]
SQL: SHOW COLUMNS FROM `fw_product` [ RunTime:0.0070s ]
SQL: SHOW COLUMNS FROM `fw_shipment` [ RunTime:0.0080s ]
SQL: SHOW COLUMNS FROM `fw_dealer` [ RunTime:0.0080s ]
SQL: SELECT * FROM `fw_orderdetail` WHERE `oddt_unitcode` = 3183 AND `oddt_odid` = 131 ORDER BY oddt_id DESC LIMIT 100   [ RunTime:0.0010s ]
SQL: SELECT * FROM `fw_product` WHERE `pro_id` = 1 AND `pro_unitcode` = '3183' LIMIT 1   [ RunTime:0.0010s ]
SQL: SELECT SUM(ship_proqty) AS tp_sum FROM `fw_shipment` WHERE `ship_pro` = 1 AND `ship_unitcode` = '3183' AND `ship_odid` = 131 AND `ship_oddtid` = 212 AND `ship_dealer` = 45 LIMIT 1   [ RunTime:0.0010s ]

[ 2018-11-23T18:05:02+08:00 ] 127.0.0.1 /Mp/Orders/odfinishship
INFO: [ app_begin ] --START--
INFO: Run Behavior\ReadHtmlCacheBehavior [ RunTime:0.000000s ]
INFO: [ app_begin ] --END-- [ RunTime:0.001000s ]
NOTIC: [8192] mysql_connect(): The mysql extension is deprecated and will be removed in the future: use mysqli or PDO instead D:\Aroot\myphp_www\PHPTutorial\WWW\famaotang\Tp\Library\Think\Session\Driver\Db.class.php 第 95 行.
INFO: [ action_begin ] --START--
SQL: SHOW COLUMNS FROM `fw_denyip` [ RunTime:0.0080s ]
SQL: SELECT * FROM `fw_denyip`  [ RunTime:0.0000s ]
INFO: Run Home\Behaviors\DenyipsBehavior [ RunTime:0.026002s ]
INFO: [ action_begin ] --END-- [ RunTime:0.026002s ]
SQL: SHOW COLUMNS FROM `fw_orders` [ RunTime:0.0080s ]
SQL: SELECT * FROM `fw_orders` WHERE `od_unitcode` = 3183 AND `od_id` = 132 AND `od_rcdlid` = 0 LIMIT 1   [ RunTime:0.0010s ]
SQL: SHOW COLUMNS FROM `fw_orderdetail` [ RunTime:0.0080s ]
SQL: SHOW COLUMNS FROM `fw_product` [ RunTime:0.0080s ]
SQL: SHOW COLUMNS FROM `fw_shipment` [ RunTime:0.0080s ]
SQL: SHOW COLUMNS FROM `fw_dealer` [ RunTime:0.0090s ]
SQL: SELECT * FROM `fw_orderdetail` WHERE `oddt_unitcode` = 3183 AND `oddt_odid` = 132 ORDER BY oddt_id DESC LIMIT 100   [ RunTime:0.0010s ]
SQL: SELECT * FROM `fw_product` WHERE `pro_id` = 1 AND `pro_unitcode` = '3183' LIMIT 1   [ RunTime:0.0010s ]
SQL: SELECT SUM(ship_proqty) AS tp_sum FROM `fw_shipment` WHERE `ship_pro` = 1 AND `ship_unitcode` = '3183' AND `ship_odid` = 132 AND `ship_oddtid` = 213 AND `ship_dealer` = 45 LIMIT 1   [ RunTime:0.0010s ]

[ 2018-11-23T18:10:40+08:00 ] 127.0.0.1 /Mp/Orders/odfinishship
INFO: [ app_begin ] --START--
INFO: Run Behavior\ReadHtmlCacheBehavior [ RunTime:0.001000s ]
INFO: [ app_begin ] --END-- [ RunTime:0.001000s ]
NOTIC: [8192] mysql_connect(): The mysql extension is deprecated and will be removed in the future: use mysqli or PDO instead D:\Aroot\myphp_www\PHPTutorial\WWW\famaotang\Tp\Library\Think\Session\Driver\Db.class.php 第 95 行.
INFO: [ action_begin ] --START--
SQL: SHOW COLUMNS FROM `fw_denyip` [ RunTime:0.0080s ]
SQL: SELECT * FROM `fw_denyip`  [ RunTime:0.0010s ]
INFO: Run Home\Behaviors\DenyipsBehavior [ RunTime:0.029002s ]
INFO: [ action_begin ] --END-- [ RunTime:0.029002s ]
SQL: SHOW COLUMNS FROM `fw_orders` [ RunTime:0.0070s ]
SQL: SELECT * FROM `fw_orders` WHERE `od_unitcode` = 3183 AND `od_id` = 133 AND `od_rcdlid` = 0 LIMIT 1   [ RunTime:0.0010s ]
SQL: SHOW COLUMNS FROM `fw_orderdetail` [ RunTime:0.0080s ]
SQL: SHOW COLUMNS FROM `fw_product` [ RunTime:0.0080s ]
SQL: SHOW COLUMNS FROM `fw_shipment` [ RunTime:0.0080s ]
SQL: SHOW COLUMNS FROM `fw_dealer` [ RunTime:0.0080s ]
SQL: SELECT * FROM `fw_orderdetail` WHERE `oddt_unitcode` = 3183 AND `oddt_odid` = 133 ORDER BY oddt_id DESC LIMIT 100   [ RunTime:0.0010s ]
SQL: SELECT * FROM `fw_product` WHERE `pro_id` = 2 AND `pro_unitcode` = '3183' LIMIT 1   [ RunTime:0.0010s ]
SQL: SELECT SUM(ship_proqty) AS tp_sum FROM `fw_shipment` WHERE `ship_pro` = 2 AND `ship_unitcode` = '3183' AND `ship_odid` = 133 AND `ship_oddtid` = 214 AND `ship_dealer` = 45 LIMIT 1   [ RunTime:0.0010s ]

[ 2018-11-23T18:15:46+08:00 ] 127.0.0.1 /Mp/Orders/odfinishship
INFO: [ app_begin ] --START--
INFO: Run Behavior\ReadHtmlCacheBehavior [ RunTime:0.001000s ]
INFO: [ app_begin ] --END-- [ RunTime:0.002000s ]
NOTIC: [8192] mysql_connect(): The mysql extension is deprecated and will be removed in the future: use mysqli or PDO instead D:\Aroot\myphp_www\PHPTutorial\WWW\famaotang\Tp\Library\Think\Session\Driver\Db.class.php 第 95 行.
INFO: [ action_begin ] --START--
SQL: SHOW COLUMNS FROM `fw_denyip` [ RunTime:0.0070s ]
SQL: SELECT * FROM `fw_denyip`  [ RunTime:0.0010s ]
INFO: Run Home\Behaviors\DenyipsBehavior [ RunTime:0.026001s ]
INFO: [ action_begin ] --END-- [ RunTime:0.026001s ]
SQL: SHOW COLUMNS FROM `fw_orders` [ RunTime:0.0080s ]
SQL: SELECT * FROM `fw_orders` WHERE `od_unitcode` = 3183 AND `od_id` = 134 AND `od_rcdlid` = 0 LIMIT 1   [ RunTime:0.0010s ]
SQL: SHOW COLUMNS FROM `fw_orderdetail` [ RunTime:0.0080s ]
SQL: SHOW COLUMNS FROM `fw_product` [ RunTime:0.0080s ]
SQL: SHOW COLUMNS FROM `fw_shipment` [ RunTime:0.0080s ]
SQL: SHOW COLUMNS FROM `fw_dealer` [ RunTime:0.0080s ]
SQL: SELECT * FROM `fw_orderdetail` WHERE `oddt_unitcode` = 3183 AND `oddt_odid` = 134 ORDER BY oddt_id DESC LIMIT 100   [ RunTime:0.0010s ]
SQL: SELECT * FROM `fw_product` WHERE `pro_id` = 2 AND `pro_unitcode` = '3183' LIMIT 1   [ RunTime:0.0010s ]
SQL: SELECT SUM(ship_proqty) AS tp_sum FROM `fw_shipment` WHERE `ship_pro` = 2 AND `ship_unitcode` = '3183' AND `ship_odid` = 134 AND `ship_oddtid` = 215 AND `ship_dealer` = 45 LIMIT 1   [ RunTime:0.0010s ]

