[ 2018-10-20T16:48:38+08:00 ] ::1 /famaotang/Mp/Orders/cporders
INFO: [ app_init ] --START--
INFO: Run Behavior\BuildLiteBehavior [ RunTime:0.000000s ]
INFO: [ app_init ] --END-- [ RunTime:0.001000s ]
INFO: [ app_begin ] --START--
INFO: Run Behavior\ReadHtmlCacheBehavior [ RunTime:0.001000s ]
INFO: [ app_begin ] --END-- [ RunTime:0.001000s ]
NOTIC: [8192] mysql_connect(): The mysql extension is deprecated and will be removed in the future: use mysqli or PDO instead D:\Aroot\myphp_www\PHPTutorial\WWW\famaotang\Tp\Library\Think\Session\Driver\Db.class.php 第 95 行.
INFO: [ action_begin ] --START--
SQL: SHOW COLUMNS FROM `fw_denyip` [ RunTime:0.0090s ]
SQL: SELECT * FROM `fw_denyip`  [ RunTime:0.0010s ]
INFO: Run Home\Behaviors\DenyipsBehavior [ RunTime:0.020001s ]
INFO: [ action_begin ] --END-- [ RunTime:0.020001s ]
SQL: SHOW COLUMNS FROM `fw_orders` [ RunTime:0.0100s ]
SQL: SELECT COUNT(*) AS tp_count FROM `fw_orders` WHERE `od_unitcode` = 3183 AND `od_rcdlid` = 0 AND `od_virtualstock` = 0 LIMIT 1   [ RunTime:0.0010s ]
SQL: SELECT * FROM `fw_orders` WHERE `od_unitcode` = 3183 AND `od_rcdlid` = 0 AND `od_virtualstock` = 0 ORDER BY od_addtime DESC LIMIT 0,50   [ RunTime:0.0010s ]
SQL: SHOW COLUMNS FROM `fw_product` [ RunTime:0.0070s ]
SQL: SHOW COLUMNS FROM `fw_orderdetail` [ RunTime:0.0070s ]
SQL: SHOW COLUMNS FROM `fw_shipment` [ RunTime:0.0080s ]
SQL: SHOW COLUMNS FROM `fw_dealer` [ RunTime:0.0080s ]
SQL: SELECT * FROM `fw_orderdetail` WHERE `oddt_unitcode` = 3183 AND `oddt_odid` = 79 ORDER BY oddt_id DESC LIMIT 100   [ RunTime:0.0010s ]
SQL: SELECT * FROM `fw_product` WHERE `pro_id` = 2 AND `pro_unitcode` = '3183' LIMIT 1   [ RunTime:0.0020s ]
SQL: SELECT SUM(ship_proqty) AS tp_sum FROM `fw_shipment` WHERE `ship_pro` = 2 AND `ship_unitcode` = '3183' AND `ship_odid` = 79 AND `ship_oddtid` = 78 AND `ship_dealer` = 6 LIMIT 1   [ RunTime:0.0010s ]
SQL: SELECT * FROM `fw_dealer` WHERE `dl_sz_sheng` = '44' AND `dl_sz_shi` = '4401' AND `dl_sz_qu` = '440103' AND `dl_status` = 1 LIMIT 1   [ RunTime:0.0010s ]
SQL: SELECT * FROM `fw_dealer` WHERE `dl_id` = 6 AND `dl_unitcode` = '3183' LIMIT 1   [ RunTime:0.0010s ]
SQL: SELECT * FROM `fw_orderdetail` WHERE `oddt_unitcode` = 3183 AND `oddt_odid` = 78 ORDER BY oddt_id DESC LIMIT 100   [ RunTime:0.0010s ]
SQL: SELECT * FROM `fw_product` WHERE `pro_id` = 2 AND `pro_unitcode` = '3183' LIMIT 1   [ RunTime:0.0000s ]
SQL: SELECT SUM(ship_proqty) AS tp_sum FROM `fw_shipment` WHERE `ship_pro` = 2 AND `ship_unitcode` = '3183' AND `ship_odid` = 78 AND `ship_oddtid` = 77 AND `ship_dealer` = 1 LIMIT 1   [ RunTime:0.0000s ]
SQL: SELECT * FROM `fw_dealer` WHERE `dl_sz_sheng` = '44' AND `dl_sz_shi` = '4401' AND `dl_sz_qu` = '440103' AND `dl_status` = 1 LIMIT 1   [ RunTime:0.0010s ]
SQL: SELECT * FROM `fw_dealer` WHERE `dl_id` = 1 AND `dl_unitcode` = '3183' LIMIT 1   [ RunTime:0.0000s ]
SQL: SELECT * FROM `fw_orderdetail` WHERE `oddt_unitcode` = 3183 AND `oddt_odid` = 77 ORDER BY oddt_id DESC LIMIT 100   [ RunTime:0.0010s ]
SQL: SELECT * FROM `fw_product` WHERE `pro_id` = 2 AND `pro_unitcode` = '3183' LIMIT 1   [ RunTime:0.0010s ]
SQL: SELECT SUM(ship_proqty) AS tp_sum FROM `fw_shipment` WHERE `ship_pro` = 2 AND `ship_unitcode` = '3183' AND `ship_odid` = 77 AND `ship_oddtid` = 76 AND `ship_dealer` = 5 LIMIT 1   [ RunTime:0.0010s ]
SQL: SELECT * FROM `fw_dealer` WHERE `dl_sz_sheng` = '44' AND `dl_sz_shi` = '4401' AND `dl_sz_qu` = '440103' AND `dl_status` = 1 LIMIT 1   [ RunTime:0.0010s ]
SQL: SELECT * FROM `fw_dealer` WHERE `dl_id` = 5 AND `dl_unitcode` = '3183' LIMIT 1   [ RunTime:0.0010s ]
INFO: [ view_parse ] --START--
INFO: [ template_filter ] --START--
INFO: Run Behavior\ContentReplaceBehavior [ RunTime:0.000000s ]
INFO: [ template_filter ] --END-- [ RunTime:0.000000s ]
NOTIC: [8] Undefined offset: 13006 D:\Aroot\myphp_www\PHPTutorial\WWW\famaotang\Runtime\Cache\Mp\13b1047dcf84d49f76a134019110e88b.php 第 63 行.
NOTIC: [8] Undefined offset: 13006 D:\Aroot\myphp_www\PHPTutorial\WWW\famaotang\Runtime\Cache\Mp\13b1047dcf84d49f76a134019110e88b.php 第 64 行.
NOTIC: [8] Undefined offset: 14006 D:\Aroot\myphp_www\PHPTutorial\WWW\famaotang\Runtime\Cache\Mp\13b1047dcf84d49f76a134019110e88b.php 第 76 行.
NOTIC: [8] Undefined offset: 14004 D:\Aroot\myphp_www\PHPTutorial\WWW\famaotang\Runtime\Cache\Mp\13b1047dcf84d49f76a134019110e88b.php 第 77 行.
NOTIC: [8] Undefined offset: 18000 D:\Aroot\myphp_www\PHPTutorial\WWW\famaotang\Runtime\Cache\Mp\13b1047dcf84d49f76a134019110e88b.php 第 81 行.
NOTIC: [8] Undefined offset: 15000 D:\Aroot\myphp_www\PHPTutorial\WWW\famaotang\Runtime\Cache\Mp\13b1047dcf84d49f76a134019110e88b.php 第 97 行.
NOTIC: [8] Undefined offset: 40000 D:\Aroot\myphp_www\PHPTutorial\WWW\famaotang\Runtime\Cache\Mp\13b1047dcf84d49f76a134019110e88b.php 第 107 行.
NOTIC: [8] Undefined offset: 12000 D:\Aroot\myphp_www\PHPTutorial\WWW\famaotang\Runtime\Cache\Mp\13b1047dcf84d49f76a134019110e88b.php 第 116 行.
NOTIC: [8] Undefined offset: 70017 D:\Aroot\myphp_www\PHPTutorial\WWW\famaotang\Runtime\Cache\Mp\13b1047dcf84d49f76a134019110e88b.php 第 131 行.
NOTIC: [8] Undefined offset: 70019 D:\Aroot\myphp_www\PHPTutorial\WWW\famaotang\Runtime\Cache\Mp\13b1047dcf84d49f76a134019110e88b.php 第 132 行.
NOTIC: [8] Undefined offset: 70022 D:\Aroot\myphp_www\PHPTutorial\WWW\famaotang\Runtime\Cache\Mp\13b1047dcf84d49f76a134019110e88b.php 第 136 行.
NOTIC: [8] Undefined offset: 70023 D:\Aroot\myphp_www\PHPTutorial\WWW\famaotang\Runtime\Cache\Mp\13b1047dcf84d49f76a134019110e88b.php 第 137 行.
NOTIC: [8] Undefined offset: 70021 D:\Aroot\myphp_www\PHPTutorial\WWW\famaotang\Runtime\Cache\Mp\13b1047dcf84d49f76a134019110e88b.php 第 139 行.
NOTIC: [8] Undefined offset: 70005 D:\Aroot\myphp_www\PHPTutorial\WWW\famaotang\Runtime\Cache\Mp\13b1047dcf84d49f76a134019110e88b.php 第 142 行.
NOTIC: [8] Undefined offset: 70014 D:\Aroot\myphp_www\PHPTutorial\WWW\famaotang\Runtime\Cache\Mp\13b1047dcf84d49f76a134019110e88b.php 第 145 行.
NOTIC: [8] Undefined index: od_rcdl_username D:\Aroot\myphp_www\PHPTutorial\WWW\famaotang\Runtime\Cache\Mp\13b1047dcf84d49f76a134019110e88b.php 第 241 行.
NOTIC: [8] Undefined index: od_rcdl_username D:\Aroot\myphp_www\PHPTutorial\WWW\famaotang\Runtime\Cache\Mp\13b1047dcf84d49f76a134019110e88b.php 第 241 行.
NOTIC: [8] Undefined index: od_rcdl_username D:\Aroot\myphp_www\PHPTutorial\WWW\famaotang\Runtime\Cache\Mp\13b1047dcf84d49f76a134019110e88b.php 第 241 行.
INFO: Run Behavior\ParseTemplateBehavior [ RunTime:0.020001s ]
INFO: [ view_parse ] --END-- [ RunTime:0.020001s ]
INFO: [ view_filter ] --START--
INFO: Run Behavior\WriteHtmlCacheBehavior [ RunTime:0.001000s ]
INFO: [ view_filter ] --END-- [ RunTime:0.001000s ]
INFO: [ app_end ] --START--
INFO: Run Behavior\ShowPageTraceBehavior [ RunTime:0.000000s ]
INFO: [ app_end ] --END-- [ RunTime:0.000000s ]
NOTIC: [2] ini_set(): A session is active. You cannot change the session module's ini settings at this time D:\Aroot\myphp_www\PHPTutorial\WWW\famaotang\index.php 第 36 行.

[ 2018-10-20T16:59:15+08:00 ] ::1 /famaotang/Mp/Orders/cporderdetail/od_id/79
INFO: [ app_init ] --START--
INFO: Run Behavior\BuildLiteBehavior [ RunTime:0.000000s ]
INFO: [ app_init ] --END-- [ RunTime:0.000000s ]
INFO: [ app_begin ] --START--
INFO: Run Behavior\ReadHtmlCacheBehavior [ RunTime:0.000000s ]
INFO: [ app_begin ] --END-- [ RunTime:0.000000s ]
NOTIC: [8192] mysql_connect(): The mysql extension is deprecated and will be removed in the future: use mysqli or PDO instead D:\Aroot\myphp_www\PHPTutorial\WWW\famaotang\Tp\Library\Think\Session\Driver\Db.class.php 第 95 行.
INFO: [ action_begin ] --START--
SQL: SHOW COLUMNS FROM `fw_denyip` [ RunTime:0.0080s ]
SQL: SELECT * FROM `fw_denyip`  [ RunTime:0.0010s ]
INFO: Run Home\Behaviors\DenyipsBehavior [ RunTime:0.027002s ]
INFO: [ action_begin ] --END-- [ RunTime:0.027002s ]
SQL: SHOW COLUMNS FROM `fw_orders` [ RunTime:0.0340s ]
SQL: SELECT * FROM `fw_orders` WHERE `od_unitcode` = 3183 AND `od_id` = 79 AND `od_rcdlid` = 0 LIMIT 1   [ RunTime:0.0010s ]
SQL: SHOW COLUMNS FROM `fw_orderdetail` [ RunTime:0.0090s ]
SQL: SHOW COLUMNS FROM `fw_product` [ RunTime:0.0090s ]
SQL: SHOW COLUMNS FROM `fw_shipment` [ RunTime:0.0100s ]
SQL: SHOW COLUMNS FROM `fw_dealer` [ RunTime:0.0080s ]
SQL: SELECT * FROM `fw_orderdetail` WHERE `oddt_unitcode` = 3183 AND `oddt_odid` = 79 ORDER BY oddt_id DESC LIMIT 100   [ RunTime:0.0010s ]
SQL: SELECT * FROM `fw_product` WHERE `pro_id` = 2 AND `pro_unitcode` = '3183' LIMIT 1   [ RunTime:0.0010s ]
SQL: SELECT SUM(ship_proqty) AS tp_sum FROM `fw_shipment` WHERE `ship_pro` = 2 AND `ship_unitcode` = '3183' AND `ship_odid` = 79 AND `ship_oddtid` = 78 AND `ship_dealer` = 6 LIMIT 1   [ RunTime:0.0010s ]
SQL: SELECT * FROM `fw_dealer` WHERE `dl_id` = 6 AND `dl_unitcode` = '3183' LIMIT 1   [ RunTime:0.0000s ]
SQL: SHOW COLUMNS FROM `fw_orderlogs` [ RunTime:0.0080s ]
SQL: SELECT * FROM `fw_orderlogs` WHERE `odlg_unitcode` = '3183' AND `odlg_odid` = 79 ORDER BY odlg_addtime DESC LIMIT 50   [ RunTime:0.0010s ]
SQL: SHOW COLUMNS FROM `fw_fanlidetail` [ RunTime:0.0090s ]
SQL: SELECT * FROM `fw_fanlidetail` WHERE `fl_unitcode` = '3183' AND `fl_odid` = 79 ORDER BY fl_addtime DESC LIMIT 100   [ RunTime:0.0010s ]
SQL: SELECT * FROM `fw_dealer` WHERE `dl_id` = 1 LIMIT 1   [ RunTime:0.0020s ]
NOTIC: [8] Undefined variable: odbl_id D:\Aroot\myphp_www\PHPTutorial\WWW\famaotang\Apps\Mp\Controller\OrdersController.class.php 第 1542 行.
INFO: [ view_parse ] --START--
INFO: [ template_filter ] --START--
INFO: Run Behavior\ContentReplaceBehavior [ RunTime:0.000000s ]
INFO: [ template_filter ] --END-- [ RunTime:0.000000s ]
NOTIC: [8] Undefined offset: 13006 D:\Aroot\myphp_www\PHPTutorial\WWW\famaotang\Runtime\Cache\Mp\09f1e9e5066d926026e34671ad5190b6.php 第 125 行.
NOTIC: [8] Undefined offset: 13006 D:\Aroot\myphp_www\PHPTutorial\WWW\famaotang\Runtime\Cache\Mp\09f1e9e5066d926026e34671ad5190b6.php 第 126 行.
NOTIC: [8] Undefined offset: 14006 D:\Aroot\myphp_www\PHPTutorial\WWW\famaotang\Runtime\Cache\Mp\09f1e9e5066d926026e34671ad5190b6.php 第 138 行.
NOTIC: [8] Undefined offset: 14004 D:\Aroot\myphp_www\PHPTutorial\WWW\famaotang\Runtime\Cache\Mp\09f1e9e5066d926026e34671ad5190b6.php 第 139 行.
NOTIC: [8] Undefined offset: 18000 D:\Aroot\myphp_www\PHPTutorial\WWW\famaotang\Runtime\Cache\Mp\09f1e9e5066d926026e34671ad5190b6.php 第 143 行.
NOTIC: [8] Undefined offset: 15000 D:\Aroot\myphp_www\PHPTutorial\WWW\famaotang\Runtime\Cache\Mp\09f1e9e5066d926026e34671ad5190b6.php 第 159 行.
NOTIC: [8] Undefined offset: 40000 D:\Aroot\myphp_www\PHPTutorial\WWW\famaotang\Runtime\Cache\Mp\09f1e9e5066d926026e34671ad5190b6.php 第 169 行.
NOTIC: [8] Undefined offset: 12000 D:\Aroot\myphp_www\PHPTutorial\WWW\famaotang\Runtime\Cache\Mp\09f1e9e5066d926026e34671ad5190b6.php 第 178 行.
NOTIC: [8] Undefined offset: 70017 D:\Aroot\myphp_www\PHPTutorial\WWW\famaotang\Runtime\Cache\Mp\09f1e9e5066d926026e34671ad5190b6.php 第 193 行.
NOTIC: [8] Undefined offset: 70019 D:\Aroot\myphp_www\PHPTutorial\WWW\famaotang\Runtime\Cache\Mp\09f1e9e5066d926026e34671ad5190b6.php 第 194 行.
NOTIC: [8] Undefined offset: 70022 D:\Aroot\myphp_www\PHPTutorial\WWW\famaotang\Runtime\Cache\Mp\09f1e9e5066d926026e34671ad5190b6.php 第 198 行.
NOTIC: [8] Undefined offset: 70023 D:\Aroot\myphp_www\PHPTutorial\WWW\famaotang\Runtime\Cache\Mp\09f1e9e5066d926026e34671ad5190b6.php 第 199 行.
NOTIC: [8] Undefined offset: 70021 D:\Aroot\myphp_www\PHPTutorial\WWW\famaotang\Runtime\Cache\Mp\09f1e9e5066d926026e34671ad5190b6.php 第 201 行.
NOTIC: [8] Undefined offset: 70005 D:\Aroot\myphp_www\PHPTutorial\WWW\famaotang\Runtime\Cache\Mp\09f1e9e5066d926026e34671ad5190b6.php 第 204 行.
NOTIC: [8] Undefined offset: 70014 D:\Aroot\myphp_www\PHPTutorial\WWW\famaotang\Runtime\Cache\Mp\09f1e9e5066d926026e34671ad5190b6.php 第 207 行.
NOTIC: [8] Undefined variable: custinfo D:\Aroot\myphp_www\PHPTutorial\WWW\famaotang\Runtime\Cache\Mp\09f1e9e5066d926026e34671ad5190b6.php 第 287 行.
NOTIC: [8] Undefined variable: od_state D:\Aroot\myphp_www\PHPTutorial\WWW\famaotang\Runtime\Cache\Mp\09f1e9e5066d926026e34671ad5190b6.php 第 348 行.
INFO: Run Behavior\ParseTemplateBehavior [ RunTime:0.028001s ]
INFO: [ view_parse ] --END-- [ RunTime:0.028001s ]
INFO: [ view_filter ] --START--
INFO: Run Behavior\WriteHtmlCacheBehavior [ RunTime:0.000000s ]
INFO: [ view_filter ] --END-- [ RunTime:0.000000s ]
INFO: [ app_end ] --START--
INFO: Run Behavior\ShowPageTraceBehavior [ RunTime:0.001000s ]
INFO: [ app_end ] --END-- [ RunTime:0.001000s ]
NOTIC: [2] ini_set(): A session is active. You cannot change the session module's ini settings at this time D:\Aroot\myphp_www\PHPTutorial\WWW\famaotang\index.php 第 36 行.

[ 2018-10-20T16:59:19+08:00 ] ::1 /famaotang/Mp/Orders/cporderdetail/od_id/77
INFO: [ app_init ] --START--
INFO: Run Behavior\BuildLiteBehavior [ RunTime:0.000000s ]
INFO: [ app_init ] --END-- [ RunTime:0.000000s ]
INFO: [ app_begin ] --START--
INFO: Run Behavior\ReadHtmlCacheBehavior [ RunTime:0.000000s ]
INFO: [ app_begin ] --END-- [ RunTime:0.000000s ]
NOTIC: [8192] mysql_connect(): The mysql extension is deprecated and will be removed in the future: use mysqli or PDO instead D:\Aroot\myphp_www\PHPTutorial\WWW\famaotang\Tp\Library\Think\Session\Driver\Db.class.php 第 95 行.
INFO: [ action_begin ] --START--
SQL: SHOW COLUMNS FROM `fw_denyip` [ RunTime:0.0080s ]
SQL: SELECT * FROM `fw_denyip`  [ RunTime:0.0000s ]
INFO: Run Home\Behaviors\DenyipsBehavior [ RunTime:0.019002s ]
INFO: [ action_begin ] --END-- [ RunTime:0.019002s ]
SQL: SHOW COLUMNS FROM `fw_orders` [ RunTime:0.0090s ]
SQL: SELECT * FROM `fw_orders` WHERE `od_unitcode` = 3183 AND `od_id` = 77 AND `od_rcdlid` = 0 LIMIT 1   [ RunTime:0.0020s ]
SQL: SHOW COLUMNS FROM `fw_orderdetail` [ RunTime:0.0090s ]
SQL: SHOW COLUMNS FROM `fw_product` [ RunTime:0.0080s ]
SQL: SHOW COLUMNS FROM `fw_shipment` [ RunTime:0.0090s ]
SQL: SHOW COLUMNS FROM `fw_dealer` [ RunTime:0.0080s ]
SQL: SELECT * FROM `fw_orderdetail` WHERE `oddt_unitcode` = 3183 AND `oddt_odid` = 77 ORDER BY oddt_id DESC LIMIT 100   [ RunTime:0.0010s ]
SQL: SELECT * FROM `fw_product` WHERE `pro_id` = 2 AND `pro_unitcode` = '3183' LIMIT 1   [ RunTime:0.0030s ]
SQL: SELECT SUM(ship_proqty) AS tp_sum FROM `fw_shipment` WHERE `ship_pro` = 2 AND `ship_unitcode` = '3183' AND `ship_odid` = 77 AND `ship_oddtid` = 76 AND `ship_dealer` = 5 LIMIT 1   [ RunTime:0.0020s ]
SQL: SELECT * FROM `fw_dealer` WHERE `dl_id` = 5 AND `dl_unitcode` = '3183' LIMIT 1   [ RunTime:0.0010s ]
SQL: SHOW COLUMNS FROM `fw_orderlogs` [ RunTime:0.0090s ]
SQL: SELECT * FROM `fw_orderlogs` WHERE `odlg_unitcode` = '3183' AND `odlg_odid` = 77 ORDER BY odlg_addtime DESC LIMIT 50   [ RunTime:0.0010s ]
SQL: SHOW COLUMNS FROM `fw_fanlidetail` [ RunTime:0.0090s ]
SQL: SELECT * FROM `fw_fanlidetail` WHERE `fl_unitcode` = '3183' AND `fl_odid` = 77 ORDER BY fl_addtime DESC LIMIT 100   [ RunTime:0.0030s ]
SQL: SELECT * FROM `fw_dealer` WHERE `dl_id` = 1 LIMIT 1   [ RunTime:0.0010s ]
NOTIC: [8] Undefined variable: odbl_id D:\Aroot\myphp_www\PHPTutorial\WWW\famaotang\Apps\Mp\Controller\OrdersController.class.php 第 1542 行.
INFO: [ view_parse ] --START--
INFO: [ template_filter ] --START--
INFO: Run Behavior\ContentReplaceBehavior [ RunTime:0.000000s ]
INFO: [ template_filter ] --END-- [ RunTime:0.000000s ]
NOTIC: [8] Undefined offset: 13006 D:\Aroot\myphp_www\PHPTutorial\WWW\famaotang\Runtime\Cache\Mp\09f1e9e5066d926026e34671ad5190b6.php 第 125 行.
NOTIC: [8] Undefined offset: 13006 D:\Aroot\myphp_www\PHPTutorial\WWW\famaotang\Runtime\Cache\Mp\09f1e9e5066d926026e34671ad5190b6.php 第 126 行.
NOTIC: [8] Undefined offset: 14006 D:\Aroot\myphp_www\PHPTutorial\WWW\famaotang\Runtime\Cache\Mp\09f1e9e5066d926026e34671ad5190b6.php 第 138 行.
NOTIC: [8] Undefined offset: 14004 D:\Aroot\myphp_www\PHPTutorial\WWW\famaotang\Runtime\Cache\Mp\09f1e9e5066d926026e34671ad5190b6.php 第 139 行.
NOTIC: [8] Undefined offset: 18000 D:\Aroot\myphp_www\PHPTutorial\WWW\famaotang\Runtime\Cache\Mp\09f1e9e5066d926026e34671ad5190b6.php 第 143 行.
NOTIC: [8] Undefined offset: 15000 D:\Aroot\myphp_www\PHPTutorial\WWW\famaotang\Runtime\Cache\Mp\09f1e9e5066d926026e34671ad5190b6.php 第 159 行.
NOTIC: [8] Undefined offset: 40000 D:\Aroot\myphp_www\PHPTutorial\WWW\famaotang\Runtime\Cache\Mp\09f1e9e5066d926026e34671ad5190b6.php 第 169 行.
NOTIC: [8] Undefined offset: 12000 D:\Aroot\myphp_www\PHPTutorial\WWW\famaotang\Runtime\Cache\Mp\09f1e9e5066d926026e34671ad5190b6.php 第 178 行.
NOTIC: [8] Undefined offset: 70017 D:\Aroot\myphp_www\PHPTutorial\WWW\famaotang\Runtime\Cache\Mp\09f1e9e5066d926026e34671ad5190b6.php 第 193 行.
NOTIC: [8] Undefined offset: 70019 D:\Aroot\myphp_www\PHPTutorial\WWW\famaotang\Runtime\Cache\Mp\09f1e9e5066d926026e34671ad5190b6.php 第 194 行.
NOTIC: [8] Undefined offset: 70022 D:\Aroot\myphp_www\PHPTutorial\WWW\famaotang\Runtime\Cache\Mp\09f1e9e5066d926026e34671ad5190b6.php 第 198 行.
NOTIC: [8] Undefined offset: 70023 D:\Aroot\myphp_www\PHPTutorial\WWW\famaotang\Runtime\Cache\Mp\09f1e9e5066d926026e34671ad5190b6.php 第 199 行.
NOTIC: [8] Undefined offset: 70021 D:\Aroot\myphp_www\PHPTutorial\WWW\famaotang\Runtime\Cache\Mp\09f1e9e5066d926026e34671ad5190b6.php 第 201 行.
NOTIC: [8] Undefined offset: 70005 D:\Aroot\myphp_www\PHPTutorial\WWW\famaotang\Runtime\Cache\Mp\09f1e9e5066d926026e34671ad5190b6.php 第 204 行.
NOTIC: [8] Undefined offset: 70014 D:\Aroot\myphp_www\PHPTutorial\WWW\famaotang\Runtime\Cache\Mp\09f1e9e5066d926026e34671ad5190b6.php 第 207 行.
NOTIC: [8] Undefined variable: custinfo D:\Aroot\myphp_www\PHPTutorial\WWW\famaotang\Runtime\Cache\Mp\09f1e9e5066d926026e34671ad5190b6.php 第 287 行.
NOTIC: [8] Undefined variable: od_state D:\Aroot\myphp_www\PHPTutorial\WWW\famaotang\Runtime\Cache\Mp\09f1e9e5066d926026e34671ad5190b6.php 第 348 行.
INFO: Run Behavior\ParseTemplateBehavior [ RunTime:0.021001s ]
INFO: [ view_parse ] --END-- [ RunTime:0.021001s ]
INFO: [ view_filter ] --START--
INFO: Run Behavior\WriteHtmlCacheBehavior [ RunTime:0.001000s ]
INFO: [ view_filter ] --END-- [ RunTime:0.001000s ]
INFO: [ app_end ] --START--
INFO: Run Behavior\ShowPageTraceBehavior [ RunTime:0.000000s ]
INFO: [ app_end ] --END-- [ RunTime:0.000000s ]
NOTIC: [2] ini_set(): A session is active. You cannot change the session module's ini settings at this time D:\Aroot\myphp_www\PHPTutorial\WWW\famaotang\index.php 第 36 行.

[ 2018-10-20T16:59:25+08:00 ] ::1 /famaotang/Mp/Orders/cporderdetail/od_id/78
INFO: [ app_init ] --START--
INFO: Run Behavior\BuildLiteBehavior [ RunTime:0.000000s ]
INFO: [ app_init ] --END-- [ RunTime:0.001001s ]
INFO: [ app_begin ] --START--
INFO: Run Behavior\ReadHtmlCacheBehavior [ RunTime:0.000000s ]
INFO: [ app_begin ] --END-- [ RunTime:0.000000s ]
NOTIC: [8192] mysql_connect(): The mysql extension is deprecated and will be removed in the future: use mysqli or PDO instead D:\Aroot\myphp_www\PHPTutorial\WWW\famaotang\Tp\Library\Think\Session\Driver\Db.class.php 第 95 行.
INFO: [ action_begin ] --START--
SQL: SHOW COLUMNS FROM `fw_denyip` [ RunTime:0.0090s ]
SQL: SELECT * FROM `fw_denyip`  [ RunTime:0.0010s ]
INFO: Run Home\Behaviors\DenyipsBehavior [ RunTime:0.027001s ]
INFO: [ action_begin ] --END-- [ RunTime:0.027001s ]
SQL: SHOW COLUMNS FROM `fw_orders` [ RunTime:0.0080s ]
SQL: SELECT * FROM `fw_orders` WHERE `od_unitcode` = 3183 AND `od_id` = 78 AND `od_rcdlid` = 0 LIMIT 1   [ RunTime:0.0020s ]
SQL: SHOW COLUMNS FROM `fw_orderdetail` [ RunTime:0.0080s ]
SQL: SHOW COLUMNS FROM `fw_product` [ RunTime:0.0080s ]
SQL: SHOW COLUMNS FROM `fw_shipment` [ RunTime:0.0090s ]
SQL: SHOW COLUMNS FROM `fw_dealer` [ RunTime:0.0090s ]
SQL: SELECT * FROM `fw_orderdetail` WHERE `oddt_unitcode` = 3183 AND `oddt_odid` = 78 ORDER BY oddt_id DESC LIMIT 100   [ RunTime:0.0010s ]
SQL: SELECT * FROM `fw_product` WHERE `pro_id` = 2 AND `pro_unitcode` = '3183' LIMIT 1   [ RunTime:0.0010s ]
SQL: SELECT SUM(ship_proqty) AS tp_sum FROM `fw_shipment` WHERE `ship_pro` = 2 AND `ship_unitcode` = '3183' AND `ship_odid` = 78 AND `ship_oddtid` = 77 AND `ship_dealer` = 1 LIMIT 1   [ RunTime:0.0010s ]
SQL: SELECT * FROM `fw_dealer` WHERE `dl_id` = 1 AND `dl_unitcode` = '3183' LIMIT 1   [ RunTime:0.0010s ]
SQL: SHOW COLUMNS FROM `fw_orderlogs` [ RunTime:0.0070s ]
SQL: SELECT * FROM `fw_orderlogs` WHERE `odlg_unitcode` = '3183' AND `odlg_odid` = 78 ORDER BY odlg_addtime DESC LIMIT 50   [ RunTime:0.0020s ]
SQL: SHOW COLUMNS FROM `fw_fanlidetail` [ RunTime:0.0060s ]
SQL: SELECT * FROM `fw_fanlidetail` WHERE `fl_unitcode` = '3183' AND `fl_odid` = 78 ORDER BY fl_addtime DESC LIMIT 100   [ RunTime:0.0010s ]
SQL: SELECT * FROM `fw_dealer` WHERE `dl_id` = 0 LIMIT 1   [ RunTime:0.0010s ]
NOTIC: [8] Undefined variable: odbl_id D:\Aroot\myphp_www\PHPTutorial\WWW\famaotang\Apps\Mp\Controller\OrdersController.class.php 第 1542 行.
INFO: [ view_parse ] --START--
INFO: [ template_filter ] --START--
INFO: Run Behavior\ContentReplaceBehavior [ RunTime:0.000000s ]
INFO: [ template_filter ] --END-- [ RunTime:0.000000s ]
NOTIC: [8] Undefined offset: 13006 D:\Aroot\myphp_www\PHPTutorial\WWW\famaotang\Runtime\Cache\Mp\09f1e9e5066d926026e34671ad5190b6.php 第 125 行.
NOTIC: [8] Undefined offset: 13006 D:\Aroot\myphp_www\PHPTutorial\WWW\famaotang\Runtime\Cache\Mp\09f1e9e5066d926026e34671ad5190b6.php 第 126 行.
NOTIC: [8] Undefined offset: 14006 D:\Aroot\myphp_www\PHPTutorial\WWW\famaotang\Runtime\Cache\Mp\09f1e9e5066d926026e34671ad5190b6.php 第 138 行.
NOTIC: [8] Undefined offset: 14004 D:\Aroot\myphp_www\PHPTutorial\WWW\famaotang\Runtime\Cache\Mp\09f1e9e5066d926026e34671ad5190b6.php 第 139 行.
NOTIC: [8] Undefined offset: 18000 D:\Aroot\myphp_www\PHPTutorial\WWW\famaotang\Runtime\Cache\Mp\09f1e9e5066d926026e34671ad5190b6.php 第 143 行.
NOTIC: [8] Undefined offset: 15000 D:\Aroot\myphp_www\PHPTutorial\WWW\famaotang\Runtime\Cache\Mp\09f1e9e5066d926026e34671ad5190b6.php 第 159 行.
NOTIC: [8] Undefined offset: 40000 D:\Aroot\myphp_www\PHPTutorial\WWW\famaotang\Runtime\Cache\Mp\09f1e9e5066d926026e34671ad5190b6.php 第 169 行.
NOTIC: [8] Undefined offset: 12000 D:\Aroot\myphp_www\PHPTutorial\WWW\famaotang\Runtime\Cache\Mp\09f1e9e5066d926026e34671ad5190b6.php 第 178 行.
NOTIC: [8] Undefined offset: 70017 D:\Aroot\myphp_www\PHPTutorial\WWW\famaotang\Runtime\Cache\Mp\09f1e9e5066d926026e34671ad5190b6.php 第 193 行.
NOTIC: [8] Undefined offset: 70019 D:\Aroot\myphp_www\PHPTutorial\WWW\famaotang\Runtime\Cache\Mp\09f1e9e5066d926026e34671ad5190b6.php 第 194 行.
NOTIC: [8] Undefined offset: 70022 D:\Aroot\myphp_www\PHPTutorial\WWW\famaotang\Runtime\Cache\Mp\09f1e9e5066d926026e34671ad5190b6.php 第 198 行.
NOTIC: [8] Undefined offset: 70023 D:\Aroot\myphp_www\PHPTutorial\WWW\famaotang\Runtime\Cache\Mp\09f1e9e5066d926026e34671ad5190b6.php 第 199 行.
NOTIC: [8] Undefined offset: 70021 D:\Aroot\myphp_www\PHPTutorial\WWW\famaotang\Runtime\Cache\Mp\09f1e9e5066d926026e34671ad5190b6.php 第 201 行.
NOTIC: [8] Undefined offset: 70005 D:\Aroot\myphp_www\PHPTutorial\WWW\famaotang\Runtime\Cache\Mp\09f1e9e5066d926026e34671ad5190b6.php 第 204 行.
NOTIC: [8] Undefined offset: 70014 D:\Aroot\myphp_www\PHPTutorial\WWW\famaotang\Runtime\Cache\Mp\09f1e9e5066d926026e34671ad5190b6.php 第 207 行.
NOTIC: [8] Undefined variable: custinfo D:\Aroot\myphp_www\PHPTutorial\WWW\famaotang\Runtime\Cache\Mp\09f1e9e5066d926026e34671ad5190b6.php 第 287 行.
NOTIC: [8] Undefined variable: od_state D:\Aroot\myphp_www\PHPTutorial\WWW\famaotang\Runtime\Cache\Mp\09f1e9e5066d926026e34671ad5190b6.php 第 348 行.
INFO: Run Behavior\ParseTemplateBehavior [ RunTime:0.022001s ]
INFO: [ view_parse ] --END-- [ RunTime:0.022001s ]
INFO: [ view_filter ] --START--
INFO: Run Behavior\WriteHtmlCacheBehavior [ RunTime:0.000000s ]
INFO: [ view_filter ] --END-- [ RunTime:0.000000s ]
INFO: [ app_end ] --START--
INFO: Run Behavior\ShowPageTraceBehavior [ RunTime:0.001000s ]
INFO: [ app_end ] --END-- [ RunTime:0.001000s ]
NOTIC: [2] ini_set(): A session is active. You cannot change the session module's ini settings at this time D:\Aroot\myphp_www\PHPTutorial\WWW\famaotang\index.php 第 36 行.

[ 2018-10-20T16:59:36+08:00 ] ::1 /famaotang/Mp/Orders/cporderdetail/od_id/79
INFO: [ app_init ] --START--
INFO: Run Behavior\BuildLiteBehavior [ RunTime:0.000000s ]
INFO: [ app_init ] --END-- [ RunTime:0.000000s ]
INFO: [ app_begin ] --START--
INFO: Run Behavior\ReadHtmlCacheBehavior [ RunTime:0.000000s ]
INFO: [ app_begin ] --END-- [ RunTime:0.000000s ]
NOTIC: [8192] mysql_connect(): The mysql extension is deprecated and will be removed in the future: use mysqli or PDO instead D:\Aroot\myphp_www\PHPTutorial\WWW\famaotang\Tp\Library\Think\Session\Driver\Db.class.php 第 95 行.
INFO: [ action_begin ] --START--
SQL: SHOW COLUMNS FROM `fw_denyip` [ RunTime:0.0070s ]
SQL: SELECT * FROM `fw_denyip`  [ RunTime:0.0010s ]
INFO: Run Home\Behaviors\DenyipsBehavior [ RunTime:0.025001s ]
INFO: [ action_begin ] --END-- [ RunTime:0.025001s ]
SQL: SHOW COLUMNS FROM `fw_orders` [ RunTime:0.0080s ]
SQL: SELECT * FROM `fw_orders` WHERE `od_unitcode` = 3183 AND `od_id` = 79 AND `od_rcdlid` = 0 LIMIT 1   [ RunTime:0.0010s ]
SQL: SHOW COLUMNS FROM `fw_orderdetail` [ RunTime:0.0090s ]
SQL: SHOW COLUMNS FROM `fw_product` [ RunTime:0.0080s ]
SQL: SHOW COLUMNS FROM `fw_shipment` [ RunTime:0.0090s ]
SQL: SHOW COLUMNS FROM `fw_dealer` [ RunTime:0.0090s ]
SQL: SELECT * FROM `fw_orderdetail` WHERE `oddt_unitcode` = 3183 AND `oddt_odid` = 79 ORDER BY oddt_id DESC LIMIT 100   [ RunTime:0.0010s ]
SQL: SELECT * FROM `fw_product` WHERE `pro_id` = 2 AND `pro_unitcode` = '3183' LIMIT 1   [ RunTime:0.0000s ]
SQL: SELECT SUM(ship_proqty) AS tp_sum FROM `fw_shipment` WHERE `ship_pro` = 2 AND `ship_unitcode` = '3183' AND `ship_odid` = 79 AND `ship_oddtid` = 78 AND `ship_dealer` = 6 LIMIT 1   [ RunTime:0.0000s ]
SQL: SELECT * FROM `fw_dealer` WHERE `dl_id` = 6 AND `dl_unitcode` = '3183' LIMIT 1   [ RunTime:0.0010s ]
SQL: SHOW COLUMNS FROM `fw_orderlogs` [ RunTime:0.0080s ]
SQL: SELECT * FROM `fw_orderlogs` WHERE `odlg_unitcode` = '3183' AND `odlg_odid` = 79 ORDER BY odlg_addtime DESC LIMIT 50   [ RunTime:0.0010s ]
SQL: SHOW COLUMNS FROM `fw_fanlidetail` [ RunTime:0.0080s ]
SQL: SELECT * FROM `fw_fanlidetail` WHERE `fl_unitcode` = '3183' AND `fl_odid` = 79 ORDER BY fl_addtime DESC LIMIT 100   [ RunTime:0.0000s ]
SQL: SELECT * FROM `fw_dealer` WHERE `dl_id` = 1 LIMIT 1   [ RunTime:0.0010s ]
NOTIC: [8] Undefined variable: odbl_id D:\Aroot\myphp_www\PHPTutorial\WWW\famaotang\Apps\Mp\Controller\OrdersController.class.php 第 1542 行.
INFO: [ view_parse ] --START--
INFO: [ template_filter ] --START--
INFO: Run Behavior\ContentReplaceBehavior [ RunTime:0.000000s ]
INFO: [ template_filter ] --END-- [ RunTime:0.000000s ]
NOTIC: [8] Undefined offset: 13006 D:\Aroot\myphp_www\PHPTutorial\WWW\famaotang\Runtime\Cache\Mp\09f1e9e5066d926026e34671ad5190b6.php 第 125 行.
NOTIC: [8] Undefined offset: 13006 D:\Aroot\myphp_www\PHPTutorial\WWW\famaotang\Runtime\Cache\Mp\09f1e9e5066d926026e34671ad5190b6.php 第 126 行.
NOTIC: [8] Undefined offset: 14006 D:\Aroot\myphp_www\PHPTutorial\WWW\famaotang\Runtime\Cache\Mp\09f1e9e5066d926026e34671ad5190b6.php 第 138 行.
NOTIC: [8] Undefined offset: 14004 D:\Aroot\myphp_www\PHPTutorial\WWW\famaotang\Runtime\Cache\Mp\09f1e9e5066d926026e34671ad5190b6.php 第 139 行.
NOTIC: [8] Undefined offset: 18000 D:\Aroot\myphp_www\PHPTutorial\WWW\famaotang\Runtime\Cache\Mp\09f1e9e5066d926026e34671ad5190b6.php 第 143 行.
NOTIC: [8] Undefined offset: 15000 D:\Aroot\myphp_www\PHPTutorial\WWW\famaotang\Runtime\Cache\Mp\09f1e9e5066d926026e34671ad5190b6.php 第 159 行.
NOTIC: [8] Undefined offset: 40000 D:\Aroot\myphp_www\PHPTutorial\WWW\famaotang\Runtime\Cache\Mp\09f1e9e5066d926026e34671ad5190b6.php 第 169 行.
NOTIC: [8] Undefined offset: 12000 D:\Aroot\myphp_www\PHPTutorial\WWW\famaotang\Runtime\Cache\Mp\09f1e9e5066d926026e34671ad5190b6.php 第 178 行.
NOTIC: [8] Undefined offset: 70017 D:\Aroot\myphp_www\PHPTutorial\WWW\famaotang\Runtime\Cache\Mp\09f1e9e5066d926026e34671ad5190b6.php 第 193 行.
NOTIC: [8] Undefined offset: 70019 D:\Aroot\myphp_www\PHPTutorial\WWW\famaotang\Runtime\Cache\Mp\09f1e9e5066d926026e34671ad5190b6.php 第 194 行.
NOTIC: [8] Undefined offset: 70022 D:\Aroot\myphp_www\PHPTutorial\WWW\famaotang\Runtime\Cache\Mp\09f1e9e5066d926026e34671ad5190b6.php 第 198 行.
NOTIC: [8] Undefined offset: 70023 D:\Aroot\myphp_www\PHPTutorial\WWW\famaotang\Runtime\Cache\Mp\09f1e9e5066d926026e34671ad5190b6.php 第 199 行.
NOTIC: [8] Undefined offset: 70021 D:\Aroot\myphp_www\PHPTutorial\WWW\famaotang\Runtime\Cache\Mp\09f1e9e5066d926026e34671ad5190b6.php 第 201 行.
NOTIC: [8] Undefined offset: 70005 D:\Aroot\myphp_www\PHPTutorial\WWW\famaotang\Runtime\Cache\Mp\09f1e9e5066d926026e34671ad5190b6.php 第 204 行.
NOTIC: [8] Undefined offset: 70014 D:\Aroot\myphp_www\PHPTutorial\WWW\famaotang\Runtime\Cache\Mp\09f1e9e5066d926026e34671ad5190b6.php 第 207 行.
NOTIC: [8] Undefined variable: custinfo D:\Aroot\myphp_www\PHPTutorial\WWW\famaotang\Runtime\Cache\Mp\09f1e9e5066d926026e34671ad5190b6.php 第 287 行.
NOTIC: [8] Undefined variable: od_state D:\Aroot\myphp_www\PHPTutorial\WWW\famaotang\Runtime\Cache\Mp\09f1e9e5066d926026e34671ad5190b6.php 第 348 行.
INFO: Run Behavior\ParseTemplateBehavior [ RunTime:0.020001s ]
INFO: [ view_parse ] --END-- [ RunTime:0.020001s ]
INFO: [ view_filter ] --START--
INFO: Run Behavior\WriteHtmlCacheBehavior [ RunTime:0.001000s ]
INFO: [ view_filter ] --END-- [ RunTime:0.001000s ]
INFO: [ app_end ] --START--
INFO: Run Behavior\ShowPageTraceBehavior [ RunTime:0.000000s ]
INFO: [ app_end ] --END-- [ RunTime:0.000000s ]
NOTIC: [2] ini_set(): A session is active. You cannot change the session module's ini settings at this time D:\Aroot\myphp_www\PHPTutorial\WWW\famaotang\index.php 第 36 行.

[ 2018-10-20T16:59:39+08:00 ] ::1 /famaotang/Mp/Orders/cporders
INFO: [ app_init ] --START--
INFO: Run Behavior\BuildLiteBehavior [ RunTime:0.000000s ]
INFO: [ app_init ] --END-- [ RunTime:0.000000s ]
INFO: [ app_begin ] --START--
INFO: Run Behavior\ReadHtmlCacheBehavior [ RunTime:0.001000s ]
INFO: [ app_begin ] --END-- [ RunTime:0.001000s ]
NOTIC: [8192] mysql_connect(): The mysql extension is deprecated and will be removed in the future: use mysqli or PDO instead D:\Aroot\myphp_www\PHPTutorial\WWW\famaotang\Tp\Library\Think\Session\Driver\Db.class.php 第 95 行.
INFO: [ action_begin ] --START--
SQL: SHOW COLUMNS FROM `fw_denyip` [ RunTime:0.0090s ]
SQL: SELECT * FROM `fw_denyip`  [ RunTime:0.0010s ]
INFO: Run Home\Behaviors\DenyipsBehavior [ RunTime:0.028002s ]
INFO: [ action_begin ] --END-- [ RunTime:0.028002s ]
SQL: SHOW COLUMNS FROM `fw_orders` [ RunTime:0.0100s ]
SQL: SELECT COUNT(*) AS tp_count FROM `fw_orders` WHERE `od_unitcode` = 3183 AND `od_rcdlid` = 0 AND `od_virtualstock` = 0 LIMIT 1   [ RunTime:0.0010s ]
SQL: SELECT * FROM `fw_orders` WHERE `od_unitcode` = 3183 AND `od_rcdlid` = 0 AND `od_virtualstock` = 0 ORDER BY od_addtime DESC LIMIT 0,50   [ RunTime:0.0010s ]
SQL: SHOW COLUMNS FROM `fw_product` [ RunTime:0.0090s ]
SQL: SHOW COLUMNS FROM `fw_orderdetail` [ RunTime:0.0090s ]
SQL: SHOW COLUMNS FROM `fw_shipment` [ RunTime:0.0090s ]
SQL: SHOW COLUMNS FROM `fw_dealer` [ RunTime:0.0100s ]
SQL: SELECT * FROM `fw_orderdetail` WHERE `oddt_unitcode` = 3183 AND `oddt_odid` = 79 ORDER BY oddt_id DESC LIMIT 100   [ RunTime:0.0010s ]
SQL: SELECT * FROM `fw_product` WHERE `pro_id` = 2 AND `pro_unitcode` = '3183' LIMIT 1   [ RunTime:0.0010s ]
SQL: SELECT SUM(ship_proqty) AS tp_sum FROM `fw_shipment` WHERE `ship_pro` = 2 AND `ship_unitcode` = '3183' AND `ship_odid` = 79 AND `ship_oddtid` = 78 AND `ship_dealer` = 6 LIMIT 1   [ RunTime:0.0000s ]
SQL: SELECT * FROM `fw_dealer` WHERE `dl_sz_sheng` = '44' AND `dl_sz_shi` = '4401' AND `dl_sz_qu` = '440103' AND `dl_status` = 1 LIMIT 1   [ RunTime:0.0000s ]
SQL: SELECT * FROM `fw_dealer` WHERE `dl_id` = 6 AND `dl_unitcode` = '3183' LIMIT 1   [ RunTime:0.0000s ]
SQL: SELECT * FROM `fw_orderdetail` WHERE `oddt_unitcode` = 3183 AND `oddt_odid` = 78 ORDER BY oddt_id DESC LIMIT 100   [ RunTime:0.0010s ]
SQL: SELECT * FROM `fw_product` WHERE `pro_id` = 2 AND `pro_unitcode` = '3183' LIMIT 1   [ RunTime:0.0010s ]
SQL: SELECT SUM(ship_proqty) AS tp_sum FROM `fw_shipment` WHERE `ship_pro` = 2 AND `ship_unitcode` = '3183' AND `ship_odid` = 78 AND `ship_oddtid` = 77 AND `ship_dealer` = 1 LIMIT 1   [ RunTime:0.0010s ]
SQL: SELECT * FROM `fw_dealer` WHERE `dl_sz_sheng` = '44' AND `dl_sz_shi` = '4401' AND `dl_sz_qu` = '440103' AND `dl_status` = 1 LIMIT 1   [ RunTime:0.0010s ]
SQL: SELECT * FROM `fw_dealer` WHERE `dl_id` = 1 AND `dl_unitcode` = '3183' LIMIT 1   [ RunTime:0.0010s ]
SQL: SELECT * FROM `fw_orderdetail` WHERE `oddt_unitcode` = 3183 AND `oddt_odid` = 77 ORDER BY oddt_id DESC LIMIT 100   [ RunTime:0.0010s ]
SQL: SELECT * FROM `fw_product` WHERE `pro_id` = 2 AND `pro_unitcode` = '3183' LIMIT 1   [ RunTime:0.0010s ]
SQL: SELECT SUM(ship_proqty) AS tp_sum FROM `fw_shipment` WHERE `ship_pro` = 2 AND `ship_unitcode` = '3183' AND `ship_odid` = 77 AND `ship_oddtid` = 76 AND `ship_dealer` = 5 LIMIT 1   [ RunTime:0.0010s ]
SQL: SELECT * FROM `fw_dealer` WHERE `dl_sz_sheng` = '44' AND `dl_sz_shi` = '4401' AND `dl_sz_qu` = '440103' AND `dl_status` = 1 LIMIT 1   [ RunTime:0.0010s ]
SQL: SELECT * FROM `fw_dealer` WHERE `dl_id` = 5 AND `dl_unitcode` = '3183' LIMIT 1   [ RunTime:0.0010s ]
INFO: [ view_parse ] --START--
INFO: [ template_filter ] --START--
INFO: Run Behavior\ContentReplaceBehavior [ RunTime:0.000000s ]
INFO: [ template_filter ] --END-- [ RunTime:0.000000s ]
NOTIC: [8] Undefined offset: 13006 D:\Aroot\myphp_www\PHPTutorial\WWW\famaotang\Runtime\Cache\Mp\13b1047dcf84d49f76a134019110e88b.php 第 63 行.
NOTIC: [8] Undefined offset: 13006 D:\Aroot\myphp_www\PHPTutorial\WWW\famaotang\Runtime\Cache\Mp\13b1047dcf84d49f76a134019110e88b.php 第 64 行.
NOTIC: [8] Undefined offset: 14006 D:\Aroot\myphp_www\PHPTutorial\WWW\famaotang\Runtime\Cache\Mp\13b1047dcf84d49f76a134019110e88b.php 第 76 行.
NOTIC: [8] Undefined offset: 14004 D:\Aroot\myphp_www\PHPTutorial\WWW\famaotang\Runtime\Cache\Mp\13b1047dcf84d49f76a134019110e88b.php 第 77 行.
NOTIC: [8] Undefined offset: 18000 D:\Aroot\myphp_www\PHPTutorial\WWW\famaotang\Runtime\Cache\Mp\13b1047dcf84d49f76a134019110e88b.php 第 81 行.
NOTIC: [8] Undefined offset: 15000 D:\Aroot\myphp_www\PHPTutorial\WWW\famaotang\Runtime\Cache\Mp\13b1047dcf84d49f76a134019110e88b.php 第 97 行.
NOTIC: [8] Undefined offset: 40000 D:\Aroot\myphp_www\PHPTutorial\WWW\famaotang\Runtime\Cache\Mp\13b1047dcf84d49f76a134019110e88b.php 第 107 行.
NOTIC: [8] Undefined offset: 12000 D:\Aroot\myphp_www\PHPTutorial\WWW\famaotang\Runtime\Cache\Mp\13b1047dcf84d49f76a134019110e88b.php 第 116 行.
NOTIC: [8] Undefined offset: 70017 D:\Aroot\myphp_www\PHPTutorial\WWW\famaotang\Runtime\Cache\Mp\13b1047dcf84d49f76a134019110e88b.php 第 131 行.
NOTIC: [8] Undefined offset: 70019 D:\Aroot\myphp_www\PHPTutorial\WWW\famaotang\Runtime\Cache\Mp\13b1047dcf84d49f76a134019110e88b.php 第 132 行.
NOTIC: [8] Undefined offset: 70022 D:\Aroot\myphp_www\PHPTutorial\WWW\famaotang\Runtime\Cache\Mp\13b1047dcf84d49f76a134019110e88b.php 第 136 行.
NOTIC: [8] Undefined offset: 70023 D:\Aroot\myphp_www\PHPTutorial\WWW\famaotang\Runtime\Cache\Mp\13b1047dcf84d49f76a134019110e88b.php 第 137 行.
NOTIC: [8] Undefined offset: 70021 D:\Aroot\myphp_www\PHPTutorial\WWW\famaotang\Runtime\Cache\Mp\13b1047dcf84d49f76a134019110e88b.php 第 139 行.
NOTIC: [8] Undefined offset: 70005 D:\Aroot\myphp_www\PHPTutorial\WWW\famaotang\Runtime\Cache\Mp\13b1047dcf84d49f76a134019110e88b.php 第 142 行.
NOTIC: [8] Undefined offset: 70014 D:\Aroot\myphp_www\PHPTutorial\WWW\famaotang\Runtime\Cache\Mp\13b1047dcf84d49f76a134019110e88b.php 第 145 行.
NOTIC: [8] Undefined index: od_rcdl_username D:\Aroot\myphp_www\PHPTutorial\WWW\famaotang\Runtime\Cache\Mp\13b1047dcf84d49f76a134019110e88b.php 第 241 行.
NOTIC: [8] Undefined index: od_rcdl_username D:\Aroot\myphp_www\PHPTutorial\WWW\famaotang\Runtime\Cache\Mp\13b1047dcf84d49f76a134019110e88b.php 第 241 行.
NOTIC: [8] Undefined index: od_rcdl_username D:\Aroot\myphp_www\PHPTutorial\WWW\famaotang\Runtime\Cache\Mp\13b1047dcf84d49f76a134019110e88b.php 第 241 行.
INFO: Run Behavior\ParseTemplateBehavior [ RunTime:0.020001s ]
INFO: [ view_parse ] --END-- [ RunTime:0.020001s ]
INFO: [ view_filter ] --START--
INFO: Run Behavior\WriteHtmlCacheBehavior [ RunTime:0.000000s ]
INFO: [ view_filter ] --END-- [ RunTime:0.000000s ]
INFO: [ app_end ] --START--
INFO: Run Behavior\ShowPageTraceBehavior [ RunTime:0.000000s ]
INFO: [ app_end ] --END-- [ RunTime:0.000000s ]
NOTIC: [2] ini_set(): A session is active. You cannot change the session module's ini settings at this time D:\Aroot\myphp_www\PHPTutorial\WWW\famaotang\index.php 第 36 行.

[ 2018-10-20T17:04:02+08:00 ] ::1 /famaotang/Mp/Orders/cporders
INFO: [ app_init ] --START--
INFO: Run Behavior\BuildLiteBehavior [ RunTime:0.000000s ]
INFO: [ app_init ] --END-- [ RunTime:0.000000s ]
INFO: [ app_begin ] --START--
INFO: Run Behavior\ReadHtmlCacheBehavior [ RunTime:0.000000s ]
INFO: [ app_begin ] --END-- [ RunTime:0.000000s ]
NOTIC: [8192] mysql_connect(): The mysql extension is deprecated and will be removed in the future: use mysqli or PDO instead D:\Aroot\myphp_www\PHPTutorial\WWW\famaotang\Tp\Library\Think\Session\Driver\Db.class.php 第 95 行.
INFO: [ action_begin ] --START--
SQL: SHOW COLUMNS FROM `fw_denyip` [ RunTime:0.0090s ]
SQL: SELECT * FROM `fw_denyip`  [ RunTime:0.0020s ]
INFO: Run Home\Behaviors\DenyipsBehavior [ RunTime:0.028001s ]
INFO: [ action_begin ] --END-- [ RunTime:0.028001s ]
SQL: SHOW COLUMNS FROM `fw_orders` [ RunTime:0.0060s ]
SQL: SELECT COUNT(*) AS tp_count FROM `fw_orders` WHERE `od_unitcode` = 3183 AND `od_rcdlid` = 0 AND `od_virtualstock` = 0 LIMIT 1   [ RunTime:0.0010s ]
SQL: SELECT * FROM `fw_orders` WHERE `od_unitcode` = 3183 AND `od_rcdlid` = 0 AND `od_virtualstock` = 0 ORDER BY od_addtime DESC LIMIT 0,50   [ RunTime:0.0020s ]
SQL: SHOW COLUMNS FROM `fw_product` [ RunTime:0.0090s ]
SQL: SHOW COLUMNS FROM `fw_orderdetail` [ RunTime:0.0220s ]
SQL: SHOW COLUMNS FROM `fw_shipment` [ RunTime:0.0090s ]
SQL: SHOW COLUMNS FROM `fw_dealer` [ RunTime:0.0090s ]
SQL: SELECT * FROM `fw_orderdetail` WHERE `oddt_unitcode` = 3183 AND `oddt_odid` = 79 ORDER BY oddt_id DESC LIMIT 100   [ RunTime:0.0010s ]
SQL: SELECT * FROM `fw_product` WHERE `pro_id` = 2 AND `pro_unitcode` = '3183' LIMIT 1   [ RunTime:0.0010s ]
SQL: SELECT SUM(ship_proqty) AS tp_sum FROM `fw_shipment` WHERE `ship_pro` = 2 AND `ship_unitcode` = '3183' AND `ship_odid` = 79 AND `ship_oddtid` = 78 AND `ship_dealer` = 6 LIMIT 1   [ RunTime:0.0010s ]
SQL: SELECT * FROM `fw_dealer` WHERE `dl_sz_sheng` = '44' AND `dl_sz_shi` = '4401' AND `dl_sz_qu` = '440103' AND `dl_status` = 1 LIMIT 1   [ RunTime:0.0010s ]
SQL: SELECT * FROM `fw_dealer` WHERE `dl_id` = 6 AND `dl_unitcode` = '3183' LIMIT 1   [ RunTime:0.0020s ]
SQL: SELECT * FROM `fw_orderdetail` WHERE `oddt_unitcode` = 3183 AND `oddt_odid` = 78 ORDER BY oddt_id DESC LIMIT 100   [ RunTime:0.0010s ]
SQL: SELECT * FROM `fw_product` WHERE `pro_id` = 2 AND `pro_unitcode` = '3183' LIMIT 1   [ RunTime:0.0010s ]
SQL: SELECT SUM(ship_proqty) AS tp_sum FROM `fw_shipment` WHERE `ship_pro` = 2 AND `ship_unitcode` = '3183' AND `ship_odid` = 78 AND `ship_oddtid` = 77 AND `ship_dealer` = 1 LIMIT 1   [ RunTime:0.0000s ]
SQL: SELECT * FROM `fw_dealer` WHERE `dl_sz_sheng` = '44' AND `dl_sz_shi` = '4401' AND `dl_sz_qu` = '440103' AND `dl_status` = 1 LIMIT 1   [ RunTime:0.0010s ]
SQL: SELECT * FROM `fw_dealer` WHERE `dl_id` = 1 AND `dl_unitcode` = '3183' LIMIT 1   [ RunTime:0.0010s ]
SQL: SELECT * FROM `fw_orderdetail` WHERE `oddt_unitcode` = 3183 AND `oddt_odid` = 77 ORDER BY oddt_id DESC LIMIT 100   [ RunTime:0.0010s ]
SQL: SELECT * FROM `fw_product` WHERE `pro_id` = 2 AND `pro_unitcode` = '3183' LIMIT 1   [ RunTime:0.0000s ]
SQL: SELECT SUM(ship_proqty) AS tp_sum FROM `fw_shipment` WHERE `ship_pro` = 2 AND `ship_unitcode` = '3183' AND `ship_odid` = 77 AND `ship_oddtid` = 76 AND `ship_dealer` = 5 LIMIT 1   [ RunTime:0.0000s ]
SQL: SELECT * FROM `fw_dealer` WHERE `dl_sz_sheng` = '44' AND `dl_sz_shi` = '4401' AND `dl_sz_qu` = '440103' AND `dl_status` = 1 LIMIT 1   [ RunTime:0.0010s ]
SQL: SELECT * FROM `fw_dealer` WHERE `dl_id` = 5 AND `dl_unitcode` = '3183' LIMIT 1   [ RunTime:0.0010s ]
INFO: [ view_parse ] --START--
INFO: [ template_filter ] --START--
INFO: Run Behavior\ContentReplaceBehavior [ RunTime:0.000000s ]
INFO: [ template_filter ] --END-- [ RunTime:0.000000s ]
NOTIC: [8] Undefined offset: 13006 D:\Aroot\myphp_www\PHPTutorial\WWW\famaotang\Runtime\Cache\Mp\13b1047dcf84d49f76a134019110e88b.php 第 63 行.
NOTIC: [8] Undefined offset: 13006 D:\Aroot\myphp_www\PHPTutorial\WWW\famaotang\Runtime\Cache\Mp\13b1047dcf84d49f76a134019110e88b.php 第 64 行.
NOTIC: [8] Undefined offset: 14006 D:\Aroot\myphp_www\PHPTutorial\WWW\famaotang\Runtime\Cache\Mp\13b1047dcf84d49f76a134019110e88b.php 第 76 行.
NOTIC: [8] Undefined offset: 14004 D:\Aroot\myphp_www\PHPTutorial\WWW\famaotang\Runtime\Cache\Mp\13b1047dcf84d49f76a134019110e88b.php 第 77 行.
NOTIC: [8] Undefined offset: 18000 D:\Aroot\myphp_www\PHPTutorial\WWW\famaotang\Runtime\Cache\Mp\13b1047dcf84d49f76a134019110e88b.php 第 81 行.
NOTIC: [8] Undefined offset: 15000 D:\Aroot\myphp_www\PHPTutorial\WWW\famaotang\Runtime\Cache\Mp\13b1047dcf84d49f76a134019110e88b.php 第 97 行.
NOTIC: [8] Undefined offset: 40000 D:\Aroot\myphp_www\PHPTutorial\WWW\famaotang\Runtime\Cache\Mp\13b1047dcf84d49f76a134019110e88b.php 第 107 行.
NOTIC: [8] Undefined offset: 12000 D:\Aroot\myphp_www\PHPTutorial\WWW\famaotang\Runtime\Cache\Mp\13b1047dcf84d49f76a134019110e88b.php 第 116 行.
NOTIC: [8] Undefined offset: 70017 D:\Aroot\myphp_www\PHPTutorial\WWW\famaotang\Runtime\Cache\Mp\13b1047dcf84d49f76a134019110e88b.php 第 131 行.
NOTIC: [8] Undefined offset: 70019 D:\Aroot\myphp_www\PHPTutorial\WWW\famaotang\Runtime\Cache\Mp\13b1047dcf84d49f76a134019110e88b.php 第 132 行.
NOTIC: [8] Undefined offset: 70022 D:\Aroot\myphp_www\PHPTutorial\WWW\famaotang\Runtime\Cache\Mp\13b1047dcf84d49f76a134019110e88b.php 第 136 行.
NOTIC: [8] Undefined offset: 70023 D:\Aroot\myphp_www\PHPTutorial\WWW\famaotang\Runtime\Cache\Mp\13b1047dcf84d49f76a134019110e88b.php 第 137 行.
NOTIC: [8] Undefined offset: 70021 D:\Aroot\myphp_www\PHPTutorial\WWW\famaotang\Runtime\Cache\Mp\13b1047dcf84d49f76a134019110e88b.php 第 139 行.
NOTIC: [8] Undefined offset: 70005 D:\Aroot\myphp_www\PHPTutorial\WWW\famaotang\Runtime\Cache\Mp\13b1047dcf84d49f76a134019110e88b.php 第 142 行.
NOTIC: [8] Undefined offset: 70014 D:\Aroot\myphp_www\PHPTutorial\WWW\famaotang\Runtime\Cache\Mp\13b1047dcf84d49f76a134019110e88b.php 第 145 行.
NOTIC: [8] Undefined index: od_rcdl_username D:\Aroot\myphp_www\PHPTutorial\WWW\famaotang\Runtime\Cache\Mp\13b1047dcf84d49f76a134019110e88b.php 第 241 行.
NOTIC: [8] Undefined index: od_rcdl_username D:\Aroot\myphp_www\PHPTutorial\WWW\famaotang\Runtime\Cache\Mp\13b1047dcf84d49f76a134019110e88b.php 第 241 行.
NOTIC: [8] Undefined index: od_rcdl_username D:\Aroot\myphp_www\PHPTutorial\WWW\famaotang\Runtime\Cache\Mp\13b1047dcf84d49f76a134019110e88b.php 第 241 行.
INFO: Run Behavior\ParseTemplateBehavior [ RunTime:0.021001s ]
INFO: [ view_parse ] --END-- [ RunTime:0.021001s ]
INFO: [ view_filter ] --START--
INFO: Run Behavior\WriteHtmlCacheBehavior [ RunTime:0.000000s ]
INFO: [ view_filter ] --END-- [ RunTime:0.000000s ]
INFO: [ app_end ] --START--
INFO: Run Behavior\ShowPageTraceBehavior [ RunTime:0.001000s ]
INFO: [ app_end ] --END-- [ RunTime:0.001000s ]
NOTIC: [2] ini_set(): A session is active. You cannot change the session module's ini settings at this time D:\Aroot\myphp_www\PHPTutorial\WWW\famaotang\index.php 第 36 行.

[ 2018-10-20T17:04:14+08:00 ] ::1 /famaotang/Mp/Dealer/index
INFO: [ app_init ] --START--
INFO: Run Behavior\BuildLiteBehavior [ RunTime:0.000000s ]
INFO: [ app_init ] --END-- [ RunTime:0.000000s ]
INFO: [ app_begin ] --START--
INFO: Run Behavior\ReadHtmlCacheBehavior [ RunTime:0.000000s ]
INFO: [ app_begin ] --END-- [ RunTime:0.000000s ]
NOTIC: [8192] mysql_connect(): The mysql extension is deprecated and will be removed in the future: use mysqli or PDO instead D:\Aroot\myphp_www\PHPTutorial\WWW\famaotang\Tp\Library\Think\Session\Driver\Db.class.php 第 95 行.
INFO: [ action_begin ] --START--
SQL: SHOW COLUMNS FROM `fw_denyip` [ RunTime:0.0070s ]
SQL: SELECT * FROM `fw_denyip`  [ RunTime:0.0020s ]
INFO: Run Home\Behaviors\DenyipsBehavior [ RunTime:0.020001s ]
INFO: [ action_begin ] --END-- [ RunTime:0.020001s ]
SQL: SHOW COLUMNS FROM `fw_dealer` [ RunTime:0.0080s ]
SQL: SHOW COLUMNS FROM `fw_dltype` [ RunTime:0.0100s ]
SQL: SHOW COLUMNS FROM `fw_dlsttype` [ RunTime:0.0100s ]
SQL: SELECT COUNT(*) AS tp_count FROM `fw_dealer` WHERE `dl_unitcode` = '3183' LIMIT 1   [ RunTime:0.0010s ]
SQL: SELECT * FROM `fw_dealer` WHERE `dl_unitcode` = '3183' ORDER BY dl_id DESC LIMIT 0,50   [ RunTime:0.0030s ]
SQL: SELECT * FROM `fw_dltype` WHERE `dlt_id` = 9 AND `dlt_unitcode` = '3183' LIMIT 1   [ RunTime:0.0010s ]
SQL: SELECT * FROM `fw_dealer` WHERE `dl_id` = 7 AND `dl_unitcode` = '3183' LIMIT 1   [ RunTime:0.0020s ]
SQL: SELECT * FROM `fw_dltype` WHERE `dlt_id` = 8 AND `dlt_unitcode` = '3183' LIMIT 1   [ RunTime:0.0010s ]
SQL: SELECT * FROM `fw_dealer` WHERE `dl_id` = 7 AND `dl_unitcode` = '3183' LIMIT 1   [ RunTime:0.0010s ]
SQL: SELECT * FROM `fw_dltype` WHERE `dlt_id` = 7 AND `dlt_unitcode` = '3183' LIMIT 1   [ RunTime:0.0010s ]
SQL: SELECT * FROM `fw_dealer` WHERE `dl_id` = 7 AND `dl_unitcode` = '3183' LIMIT 1   [ RunTime:0.0010s ]
SQL: SELECT * FROM `fw_dltype` WHERE `dlt_id` = 8 AND `dlt_unitcode` = '3183' LIMIT 1   [ RunTime:0.0000s ]
SQL: SELECT * FROM `fw_dealer` WHERE `dl_id` = 7 AND `dl_unitcode` = '3183' LIMIT 1   [ RunTime:0.0010s ]
SQL: SELECT * FROM `fw_dltype` WHERE `dlt_id` = 8 AND `dlt_unitcode` = '3183' LIMIT 1   [ RunTime:0.0010s ]
SQL: SELECT * FROM `fw_dealer` WHERE `dl_id` = 7 AND `dl_unitcode` = '3183' LIMIT 1   [ RunTime:0.0010s ]
SQL: SELECT * FROM `fw_dltype` WHERE `dlt_id` = 8 AND `dlt_unitcode` = '3183' LIMIT 1   [ RunTime:0.0000s ]
SQL: SELECT * FROM `fw_dealer` WHERE `dl_id` = 7 AND `dl_unitcode` = '3183' LIMIT 1   [ RunTime:0.0010s ]
SQL: SELECT * FROM `fw_dltype` WHERE `dlt_id` = 8 AND `dlt_unitcode` = '3183' LIMIT 1   [ RunTime:0.0010s ]
SQL: SELECT * FROM `fw_dealer` WHERE `dl_id` = 7 AND `dl_unitcode` = '3183' LIMIT 1   [ RunTime:0.0010s ]
SQL: SELECT * FROM `fw_dltype` WHERE `dlt_id` = 8 AND `dlt_unitcode` = '3183' LIMIT 1   [ RunTime:0.0020s ]
SQL: SELECT * FROM `fw_dealer` WHERE `dl_id` = 7 AND `dl_unitcode` = '3183' LIMIT 1   [ RunTime:0.0010s ]
SQL: SELECT * FROM `fw_dltype` WHERE `dlt_id` = 8 AND `dlt_unitcode` = '3183' LIMIT 1   [ RunTime:0.0010s ]
SQL: SELECT * FROM `fw_dealer` WHERE `dl_id` = 7 AND `dl_unitcode` = '3183' LIMIT 1   [ RunTime:0.0010s ]
SQL: SELECT * FROM `fw_dltype` WHERE `dlt_id` = 7 AND `dlt_unitcode` = '3183' LIMIT 1   [ RunTime:0.0010s ]
SQL: SELECT * FROM `fw_dealer` WHERE `dl_id` = 32 AND `dl_unitcode` = '3183' LIMIT 1   [ RunTime:0.0010s ]
SQL: SELECT * FROM `fw_dltype` WHERE `dlt_id` = 7 AND `dlt_unitcode` = '3183' LIMIT 1   [ RunTime:0.0010s ]
SQL: SELECT * FROM `fw_dealer` WHERE `dl_id` = 1 AND `dl_unitcode` = '3183' LIMIT 1   [ RunTime:0.0010s ]
SQL: SELECT * FROM `fw_dltype` WHERE `dlt_id` = 9 AND `dlt_unitcode` = '3183' LIMIT 1   [ RunTime:0.0010s ]
SQL: SELECT * FROM `fw_dealer` WHERE `dl_id` = 1 AND `dl_unitcode` = '3183' LIMIT 1   [ RunTime:0.0010s ]
SQL: SELECT * FROM `fw_dltype` WHERE `dlt_id` = 7 AND `dlt_unitcode` = '3183' LIMIT 1   [ RunTime:0.0000s ]
SQL: SELECT * FROM `fw_dealer` WHERE `dl_id` = 1 AND `dl_unitcode` = '3183' LIMIT 1   [ RunTime:0.0010s ]
SQL: SELECT * FROM `fw_dltype` WHERE `dlt_id` = 9 AND `dlt_unitcode` = '3183' LIMIT 1   [ RunTime:0.0010s ]
SQL: SELECT * FROM `fw_dealer` WHERE `dl_id` = 1 AND `dl_unitcode` = '3183' LIMIT 1   [ RunTime:0.0030s ]
SQL: SELECT * FROM `fw_dltype` WHERE `dlt_id` = 7 AND `dlt_unitcode` = '3183' LIMIT 1   [ RunTime:0.0010s ]
SQL: SELECT * FROM `fw_dealer` WHERE `dl_id` = 1 AND `dl_unitcode` = '3183' LIMIT 1   [ RunTime:0.0010s ]
SQL: SELECT * FROM `fw_dltype` WHERE `dlt_id` = 7 AND `dlt_unitcode` = '3183' LIMIT 1   [ RunTime:0.0010s ]
SQL: SELECT * FROM `fw_dealer` WHERE `dl_id` = 1 AND `dl_unitcode` = '3183' LIMIT 1   [ RunTime:0.0010s ]
SQL: SELECT * FROM `fw_dltype` WHERE `dlt_id` = 10 AND `dlt_unitcode` = '3183' LIMIT 1   [ RunTime:0.0010s ]
SQL: SELECT * FROM `fw_dealer` WHERE `dl_id` = 1 AND `dl_unitcode` = '3183' LIMIT 1   [ RunTime:0.0010s ]
SQL: SELECT * FROM `fw_dltype` WHERE `dlt_id` = 8 AND `dlt_unitcode` = '3183' LIMIT 1   [ RunTime:0.0010s ]
SQL: SELECT * FROM `fw_dealer` WHERE `dl_id` = 1 AND `dl_unitcode` = '3183' LIMIT 1   [ RunTime:0.0010s ]
SQL: SELECT * FROM `fw_dltype` WHERE `dlt_id` = 7 AND `dlt_unitcode` = '3183' LIMIT 1   [ RunTime:0.0010s ]
SQL: SELECT * FROM `fw_dealer` WHERE `dl_id` = 1 AND `dl_unitcode` = '3183' LIMIT 1   [ RunTime:0.0010s ]
SQL: SELECT * FROM `fw_dltype` WHERE `dlt_id` = 8 AND `dlt_unitcode` = '3183' LIMIT 1   [ RunTime:0.0010s ]
SQL: SELECT * FROM `fw_dealer` WHERE `dl_id` = 1 AND `dl_unitcode` = '3183' LIMIT 1   [ RunTime:0.0020s ]
SQL: SELECT * FROM `fw_dltype` WHERE `dlt_id` = 7 AND `dlt_unitcode` = '3183' LIMIT 1   [ RunTime:0.0010s ]
SQL: SELECT * FROM `fw_dealer` WHERE `dl_id` = 21 AND `dl_unitcode` = '3183' LIMIT 1   [ RunTime:0.0010s ]
SQL: SELECT * FROM `fw_dltype` WHERE `dlt_id` = 7 AND `dlt_unitcode` = '3183' LIMIT 1   [ RunTime:0.0010s ]
SQL: SELECT * FROM `fw_dealer` WHERE `dl_id` = 1 AND `dl_unitcode` = '3183' LIMIT 1   [ RunTime:0.0010s ]
SQL: SELECT * FROM `fw_dltype` WHERE `dlt_id` = 9 AND `dlt_unitcode` = '3183' LIMIT 1   [ RunTime:0.0010s ]
SQL: SELECT * FROM `fw_dealer` WHERE `dl_id` = 1 AND `dl_unitcode` = '3183' LIMIT 1   [ RunTime:0.0010s ]
SQL: SELECT * FROM `fw_dltype` WHERE `dlt_id` = 7 AND `dlt_unitcode` = '3183' LIMIT 1   [ RunTime:0.0010s ]
SQL: SELECT * FROM `fw_dealer` WHERE `dl_id` = 1 AND `dl_unitcode` = '3183' LIMIT 1   [ RunTime:0.0010s ]
SQL: SELECT * FROM `fw_dltype` WHERE `dlt_id` = 10 AND `dlt_unitcode` = '3183' LIMIT 1   [ RunTime:0.0020s ]
SQL: SELECT * FROM `fw_dealer` WHERE `dl_id` = 1 AND `dl_unitcode` = '3183' LIMIT 1   [ RunTime:0.0020s ]
SQL: SELECT * FROM `fw_dltype` WHERE `dlt_id` = 10 AND `dlt_unitcode` = '3183' LIMIT 1   [ RunTime:0.0040s ]
SQL: SELECT * FROM `fw_dealer` WHERE `dl_id` = 1 AND `dl_unitcode` = '3183' LIMIT 1   [ RunTime:0.0020s ]
SQL: SELECT * FROM `fw_dltype` WHERE `dlt_id` = 10 AND `dlt_unitcode` = '3183' LIMIT 1   [ RunTime:0.0010s ]
SQL: SELECT * FROM `fw_dealer` WHERE `dl_id` = 1 AND `dl_unitcode` = '3183' LIMIT 1   [ RunTime:0.0010s ]
SQL: SELECT * FROM `fw_dltype` WHERE `dlt_id` = 10 AND `dlt_unitcode` = '3183' LIMIT 1   [ RunTime:0.0010s ]
SQL: SELECT * FROM `fw_dealer` WHERE `dl_id` = 1 AND `dl_unitcode` = '3183' LIMIT 1   [ RunTime:0.0010s ]
SQL: SELECT * FROM `fw_dltype` WHERE `dlt_id` = 9 AND `dlt_unitcode` = '3183' LIMIT 1   [ RunTime:0.0040s ]
SQL: SELECT * FROM `fw_dealer` WHERE `dl_id` = 1 AND `dl_unitcode` = '3183' LIMIT 1   [ RunTime:0.0060s ]
SQL: SELECT * FROM `fw_dltype` WHERE `dlt_id` = 7 AND `dlt_unitcode` = '3183' LIMIT 1   [ RunTime:0.0010s ]
SQL: SELECT * FROM `fw_dealer` WHERE `dl_id` = 1 AND `dl_unitcode` = '3183' LIMIT 1   [ RunTime:0.0010s ]
SQL: SELECT * FROM `fw_dltype` WHERE `dlt_id` = 9 AND `dlt_unitcode` = '3183' LIMIT 1   [ RunTime:0.0000s ]
SQL: SELECT * FROM `fw_dealer` WHERE `dl_id` = 1 AND `dl_unitcode` = '3183' LIMIT 1   [ RunTime:0.0010s ]
SQL: SELECT * FROM `fw_dltype` WHERE `dlt_id` = 9 AND `dlt_unitcode` = '3183' LIMIT 1   [ RunTime:0.0010s ]
SQL: SELECT * FROM `fw_dealer` WHERE `dl_id` = 1 AND `dl_unitcode` = '3183' LIMIT 1   [ RunTime:0.0010s ]
SQL: SELECT * FROM `fw_dltype` WHERE `dlt_id` = 9 AND `dlt_unitcode` = '3183' LIMIT 1   [ RunTime:0.0040s ]
SQL: SELECT * FROM `fw_dealer` WHERE `dl_id` = 1 AND `dl_unitcode` = '3183' LIMIT 1   [ RunTime:0.0020s ]
SQL: SELECT * FROM `fw_dltype` WHERE `dlt_id` = 8 AND `dlt_unitcode` = '3183' LIMIT 1   [ RunTime:0.0020s ]
SQL: SELECT * FROM `fw_dealer` WHERE `dl_id` = 1 AND `dl_unitcode` = '3183' LIMIT 1   [ RunTime:0.0010s ]
SQL: SELECT * FROM `fw_dltype` WHERE `dlt_id` = 8 AND `dlt_unitcode` = '3183' LIMIT 1   [ RunTime:0.0010s ]
SQL: SELECT * FROM `fw_dealer` WHERE `dl_id` = 1 AND `dl_unitcode` = '3183' LIMIT 1   [ RunTime:0.0010s ]
SQL: SELECT * FROM `fw_dltype` WHERE `dlt_id` = 8 AND `dlt_unitcode` = '3183' LIMIT 1   [ RunTime:0.0010s ]
SQL: SELECT * FROM `fw_dealer` WHERE `dl_id` = 1 AND `dl_unitcode` = '3183' LIMIT 1   [ RunTime:0.0010s ]
SQL: SELECT * FROM `fw_dltype` WHERE `dlt_id` = 7 AND `dlt_unitcode` = '3183' LIMIT 1   [ RunTime:0.0010s ]
SQL: SELECT * FROM `fw_dealer` WHERE `dl_id` = 1 AND `dl_unitcode` = '3183' LIMIT 1   [ RunTime:0.0010s ]
SQL: SELECT * FROM `fw_dltype` WHERE `dlt_id` = 7 AND `dlt_unitcode` = '3183' LIMIT 1   [ RunTime:0.0030s ]
SQL: SELECT * FROM `fw_dltype` WHERE `dlt_unitcode` = '3183' ORDER BY dlt_level ASC,dlt_id ASC  [ RunTime:0.0020s ]
INFO: [ view_parse ] --START--
INFO: [ template_filter ] --START--
INFO: Run Behavior\ContentReplaceBehavior [ RunTime:0.000000s ]
INFO: [ template_filter ] --END-- [ RunTime:0.000000s ]
NOTIC: [8] Undefined offset: 13006 D:\Aroot\myphp_www\PHPTutorial\WWW\famaotang\Runtime\Cache\Mp\2a39d99bd652d611eda0dd51ddecdabd.php 第 53 行.
NOTIC: [8] Undefined offset: 13006 D:\Aroot\myphp_www\PHPTutorial\WWW\famaotang\Runtime\Cache\Mp\2a39d99bd652d611eda0dd51ddecdabd.php 第 54 行.
NOTIC: [8] Undefined offset: 14006 D:\Aroot\myphp_www\PHPTutorial\WWW\famaotang\Runtime\Cache\Mp\2a39d99bd652d611eda0dd51ddecdabd.php 第 66 行.
NOTIC: [8] Undefined offset: 14004 D:\Aroot\myphp_www\PHPTutorial\WWW\famaotang\Runtime\Cache\Mp\2a39d99bd652d611eda0dd51ddecdabd.php 第 67 行.
NOTIC: [8] Undefined offset: 18000 D:\Aroot\myphp_www\PHPTutorial\WWW\famaotang\Runtime\Cache\Mp\2a39d99bd652d611eda0dd51ddecdabd.php 第 71 行.
NOTIC: [8] Undefined offset: 15000 D:\Aroot\myphp_www\PHPTutorial\WWW\famaotang\Runtime\Cache\Mp\2a39d99bd652d611eda0dd51ddecdabd.php 第 87 行.
NOTIC: [8] Undefined offset: 40000 D:\Aroot\myphp_www\PHPTutorial\WWW\famaotang\Runtime\Cache\Mp\2a39d99bd652d611eda0dd51ddecdabd.php 第 97 行.
NOTIC: [8] Undefined offset: 12000 D:\Aroot\myphp_www\PHPTutorial\WWW\famaotang\Runtime\Cache\Mp\2a39d99bd652d611eda0dd51ddecdabd.php 第 106 行.
NOTIC: [8] Undefined offset: 70017 D:\Aroot\myphp_www\PHPTutorial\WWW\famaotang\Runtime\Cache\Mp\2a39d99bd652d611eda0dd51ddecdabd.php 第 121 行.
NOTIC: [8] Undefined offset: 70019 D:\Aroot\myphp_www\PHPTutorial\WWW\famaotang\Runtime\Cache\Mp\2a39d99bd652d611eda0dd51ddecdabd.php 第 122 行.
NOTIC: [8] Undefined offset: 70022 D:\Aroot\myphp_www\PHPTutorial\WWW\famaotang\Runtime\Cache\Mp\2a39d99bd652d611eda0dd51ddecdabd.php 第 126 行.
NOTIC: [8] Undefined offset: 70023 D:\Aroot\myphp_www\PHPTutorial\WWW\famaotang\Runtime\Cache\Mp\2a39d99bd652d611eda0dd51ddecdabd.php 第 127 行.
NOTIC: [8] Undefined offset: 70021 D:\Aroot\myphp_www\PHPTutorial\WWW\famaotang\Runtime\Cache\Mp\2a39d99bd652d611eda0dd51ddecdabd.php 第 129 行.
NOTIC: [8] Undefined offset: 70005 D:\Aroot\myphp_www\PHPTutorial\WWW\famaotang\Runtime\Cache\Mp\2a39d99bd652d611eda0dd51ddecdabd.php 第 132 行.
NOTIC: [8] Undefined offset: 70014 D:\Aroot\myphp_www\PHPTutorial\WWW\famaotang\Runtime\Cache\Mp\2a39d99bd652d611eda0dd51ddecdabd.php 第 135 行.
NOTIC: [8] Undefined offset: 10002 D:\Aroot\myphp_www\PHPTutorial\WWW\famaotang\Runtime\Cache\Mp\2a39d99bd652d611eda0dd51ddecdabd.php 第 170 行.
INFO: Run Behavior\ParseTemplateBehavior [ RunTime:0.025002s ]
INFO: [ view_parse ] --END-- [ RunTime:0.025002s ]
INFO: [ view_filter ] --START--
INFO: Run Behavior\WriteHtmlCacheBehavior [ RunTime:0.000000s ]
INFO: [ view_filter ] --END-- [ RunTime:0.000000s ]
INFO: [ app_end ] --START--
INFO: Run Behavior\ShowPageTraceBehavior [ RunTime:0.002000s ]
INFO: [ app_end ] --END-- [ RunTime:0.002000s ]
NOTIC: [2] ini_set(): A session is active. You cannot change the session module's ini settings at this time D:\Aroot\myphp_www\PHPTutorial\WWW\famaotang\index.php 第 36 行.

[ 2018-10-20T17:04:30+08:00 ] ::1 /famaotang/Mp/Dealer/index
INFO: [ app_init ] --START--
INFO: Run Behavior\BuildLiteBehavior [ RunTime:0.000000s ]
INFO: [ app_init ] --END-- [ RunTime:0.000000s ]
INFO: [ app_begin ] --START--
INFO: Run Behavior\ReadHtmlCacheBehavior [ RunTime:0.001000s ]
INFO: [ app_begin ] --END-- [ RunTime:0.001000s ]
NOTIC: [8192] mysql_connect(): The mysql extension is deprecated and will be removed in the future: use mysqli or PDO instead D:\Aroot\myphp_www\PHPTutorial\WWW\famaotang\Tp\Library\Think\Session\Driver\Db.class.php 第 95 行.
INFO: [ action_begin ] --START--
SQL: SHOW COLUMNS FROM `fw_denyip` [ RunTime:0.0080s ]
SQL: SELECT * FROM `fw_denyip`  [ RunTime:0.0010s ]
INFO: Run Home\Behaviors\DenyipsBehavior [ RunTime:0.026001s ]
INFO: [ action_begin ] --END-- [ RunTime:0.026001s ]
SQL: SHOW COLUMNS FROM `fw_dealer` [ RunTime:0.0220s ]
SQL: SHOW COLUMNS FROM `fw_dltype` [ RunTime:0.0190s ]
SQL: SHOW COLUMNS FROM `fw_dlsttype` [ RunTime:0.0090s ]
SQL: SELECT COUNT(*) AS tp_count FROM `fw_dealer` WHERE (  `dl_name` LIKE '%李生%' OR `dl_number` LIKE '%李生%' OR `dl_tel` LIKE '%李生%' OR `dl_weixin` LIKE '%李生%' OR `dl_contact` LIKE '%李生%' OR `dl_id` = 0 ) AND `dl_unitcode` = '3183' LIMIT 1   [ RunTime:0.0100s ]
SQL: SELECT * FROM `fw_dealer` WHERE (  `dl_name` LIKE '%李生%' OR `dl_number` LIKE '%李生%' OR `dl_tel` LIKE '%李生%' OR `dl_weixin` LIKE '%李生%' OR `dl_contact` LIKE '%李生%' OR `dl_id` = 0 ) AND `dl_unitcode` = '3183' ORDER BY dl_id DESC LIMIT 0,50   [ RunTime:0.0020s ]
SQL: SELECT * FROM `fw_dltype` WHERE `dlt_unitcode` = '3183' ORDER BY dlt_level ASC,dlt_id ASC  [ RunTime:0.0010s ]
INFO: [ view_parse ] --START--
INFO: [ template_filter ] --START--
INFO: Run Behavior\ContentReplaceBehavior [ RunTime:0.001000s ]
INFO: [ template_filter ] --END-- [ RunTime:0.001000s ]
NOTIC: [8] Undefined offset: 13006 D:\Aroot\myphp_www\PHPTutorial\WWW\famaotang\Runtime\Cache\Mp\2a39d99bd652d611eda0dd51ddecdabd.php 第 53 行.
NOTIC: [8] Undefined offset: 13006 D:\Aroot\myphp_www\PHPTutorial\WWW\famaotang\Runtime\Cache\Mp\2a39d99bd652d611eda0dd51ddecdabd.php 第 54 行.
NOTIC: [8] Undefined offset: 14006 D:\Aroot\myphp_www\PHPTutorial\WWW\famaotang\Runtime\Cache\Mp\2a39d99bd652d611eda0dd51ddecdabd.php 第 66 行.
NOTIC: [8] Undefined offset: 14004 D:\Aroot\myphp_www\PHPTutorial\WWW\famaotang\Runtime\Cache\Mp\2a39d99bd652d611eda0dd51ddecdabd.php 第 67 行.
NOTIC: [8] Undefined offset: 18000 D:\Aroot\myphp_www\PHPTutorial\WWW\famaotang\Runtime\Cache\Mp\2a39d99bd652d611eda0dd51ddecdabd.php 第 71 行.
NOTIC: [8] Undefined offset: 15000 D:\Aroot\myphp_www\PHPTutorial\WWW\famaotang\Runtime\Cache\Mp\2a39d99bd652d611eda0dd51ddecdabd.php 第 87 行.
NOTIC: [8] Undefined offset: 40000 D:\Aroot\myphp_www\PHPTutorial\WWW\famaotang\Runtime\Cache\Mp\2a39d99bd652d611eda0dd51ddecdabd.php 第 97 行.
NOTIC: [8] Undefined offset: 12000 D:\Aroot\myphp_www\PHPTutorial\WWW\famaotang\Runtime\Cache\Mp\2a39d99bd652d611eda0dd51ddecdabd.php 第 106 行.
NOTIC: [8] Undefined offset: 70017 D:\Aroot\myphp_www\PHPTutorial\WWW\famaotang\Runtime\Cache\Mp\2a39d99bd652d611eda0dd51ddecdabd.php 第 121 行.
NOTIC: [8] Undefined offset: 70019 D:\Aroot\myphp_www\PHPTutorial\WWW\famaotang\Runtime\Cache\Mp\2a39d99bd652d611eda0dd51ddecdabd.php 第 122 行.
NOTIC: [8] Undefined offset: 70022 D:\Aroot\myphp_www\PHPTutorial\WWW\famaotang\Runtime\Cache\Mp\2a39d99bd652d611eda0dd51ddecdabd.php 第 126 行.
NOTIC: [8] Undefined offset: 70023 D:\Aroot\myphp_www\PHPTutorial\WWW\famaotang\Runtime\Cache\Mp\2a39d99bd652d611eda0dd51ddecdabd.php 第 127 行.
NOTIC: [8] Undefined offset: 70021 D:\Aroot\myphp_www\PHPTutorial\WWW\famaotang\Runtime\Cache\Mp\2a39d99bd652d611eda0dd51ddecdabd.php 第 129 行.
NOTIC: [8] Undefined offset: 70005 D:\Aroot\myphp_www\PHPTutorial\WWW\famaotang\Runtime\Cache\Mp\2a39d99bd652d611eda0dd51ddecdabd.php 第 132 行.
NOTIC: [8] Undefined offset: 70014 D:\Aroot\myphp_www\PHPTutorial\WWW\famaotang\Runtime\Cache\Mp\2a39d99bd652d611eda0dd51ddecdabd.php 第 135 行.
NOTIC: [8] Undefined offset: 10002 D:\Aroot\myphp_www\PHPTutorial\WWW\famaotang\Runtime\Cache\Mp\2a39d99bd652d611eda0dd51ddecdabd.php 第 170 行.
INFO: Run Behavior\ParseTemplateBehavior [ RunTime:0.019001s ]
INFO: [ view_parse ] --END-- [ RunTime:0.019001s ]
INFO: [ view_filter ] --START--
INFO: Run Behavior\WriteHtmlCacheBehavior [ RunTime:0.000000s ]
INFO: [ view_filter ] --END-- [ RunTime:0.000000s ]
INFO: [ app_end ] --START--
INFO: Run Behavior\ShowPageTraceBehavior [ RunTime:0.001000s ]
INFO: [ app_end ] --END-- [ RunTime:0.001000s ]
NOTIC: [2] ini_set(): A session is active. You cannot change the session module's ini settings at this time D:\Aroot\myphp_www\PHPTutorial\WWW\famaotang\index.php 第 36 行.

[ 2018-10-20T17:04:38+08:00 ] ::1 /famaotang/Mp/Dealer/index
INFO: [ app_init ] --START--
INFO: Run Behavior\BuildLiteBehavior [ RunTime:0.000000s ]
INFO: [ app_init ] --END-- [ RunTime:0.000000s ]
INFO: [ app_begin ] --START--
INFO: Run Behavior\ReadHtmlCacheBehavior [ RunTime:0.000000s ]
INFO: [ app_begin ] --END-- [ RunTime:0.001000s ]
NOTIC: [8192] mysql_connect(): The mysql extension is deprecated and will be removed in the future: use mysqli or PDO instead D:\Aroot\myphp_www\PHPTutorial\WWW\famaotang\Tp\Library\Think\Session\Driver\Db.class.php 第 95 行.
INFO: [ action_begin ] --START--
SQL: SHOW COLUMNS FROM `fw_denyip` [ RunTime:0.0080s ]
SQL: SELECT * FROM `fw_denyip`  [ RunTime:0.0000s ]
INFO: Run Home\Behaviors\DenyipsBehavior [ RunTime:0.015001s ]
INFO: [ action_begin ] --END-- [ RunTime:0.015001s ]
SQL: SHOW COLUMNS FROM `fw_dealer` [ RunTime:0.0110s ]
SQL: SHOW COLUMNS FROM `fw_dltype` [ RunTime:0.0080s ]
SQL: SHOW COLUMNS FROM `fw_dlsttype` [ RunTime:0.0070s ]
SQL: SELECT COUNT(*) AS tp_count FROM `fw_dealer` WHERE (  `dl_name` LIKE '%李生%' OR `dl_number` LIKE '%李生%' OR `dl_tel` LIKE '%李生%' OR `dl_weixin` LIKE '%李生%' OR `dl_contact` LIKE '%李生%' OR `dl_id` = 0 ) AND `dl_unitcode` = '3183' LIMIT 1   [ RunTime:0.0010s ]
SQL: SELECT * FROM `fw_dealer` WHERE (  `dl_name` LIKE '%李生%' OR `dl_number` LIKE '%李生%' OR `dl_tel` LIKE '%李生%' OR `dl_weixin` LIKE '%李生%' OR `dl_contact` LIKE '%李生%' OR `dl_id` = 0 ) AND `dl_unitcode` = '3183' ORDER BY dl_id DESC LIMIT 0,50   [ RunTime:0.0010s ]
SQL: SELECT * FROM `fw_dltype` WHERE `dlt_unitcode` = '3183' ORDER BY dlt_level ASC,dlt_id ASC  [ RunTime:0.0010s ]
INFO: [ view_parse ] --START--
INFO: [ template_filter ] --START--
INFO: Run Behavior\ContentReplaceBehavior [ RunTime:0.000000s ]
INFO: [ template_filter ] --END-- [ RunTime:0.000000s ]
NOTIC: [8] Undefined offset: 13006 D:\Aroot\myphp_www\PHPTutorial\WWW\famaotang\Runtime\Cache\Mp\2a39d99bd652d611eda0dd51ddecdabd.php 第 53 行.
NOTIC: [8] Undefined offset: 13006 D:\Aroot\myphp_www\PHPTutorial\WWW\famaotang\Runtime\Cache\Mp\2a39d99bd652d611eda0dd51ddecdabd.php 第 54 行.
NOTIC: [8] Undefined offset: 14006 D:\Aroot\myphp_www\PHPTutorial\WWW\famaotang\Runtime\Cache\Mp\2a39d99bd652d611eda0dd51ddecdabd.php 第 66 行.
NOTIC: [8] Undefined offset: 14004 D:\Aroot\myphp_www\PHPTutorial\WWW\famaotang\Runtime\Cache\Mp\2a39d99bd652d611eda0dd51ddecdabd.php 第 67 行.
NOTIC: [8] Undefined offset: 18000 D:\Aroot\myphp_www\PHPTutorial\WWW\famaotang\Runtime\Cache\Mp\2a39d99bd652d611eda0dd51ddecdabd.php 第 71 行.
NOTIC: [8] Undefined offset: 15000 D:\Aroot\myphp_www\PHPTutorial\WWW\famaotang\Runtime\Cache\Mp\2a39d99bd652d611eda0dd51ddecdabd.php 第 87 行.
NOTIC: [8] Undefined offset: 40000 D:\Aroot\myphp_www\PHPTutorial\WWW\famaotang\Runtime\Cache\Mp\2a39d99bd652d611eda0dd51ddecdabd.php 第 97 行.
NOTIC: [8] Undefined offset: 12000 D:\Aroot\myphp_www\PHPTutorial\WWW\famaotang\Runtime\Cache\Mp\2a39d99bd652d611eda0dd51ddecdabd.php 第 106 行.
NOTIC: [8] Undefined offset: 70017 D:\Aroot\myphp_www\PHPTutorial\WWW\famaotang\Runtime\Cache\Mp\2a39d99bd652d611eda0dd51ddecdabd.php 第 121 行.
NOTIC: [8] Undefined offset: 70019 D:\Aroot\myphp_www\PHPTutorial\WWW\famaotang\Runtime\Cache\Mp\2a39d99bd652d611eda0dd51ddecdabd.php 第 122 行.
NOTIC: [8] Undefined offset: 70022 D:\Aroot\myphp_www\PHPTutorial\WWW\famaotang\Runtime\Cache\Mp\2a39d99bd652d611eda0dd51ddecdabd.php 第 126 行.
NOTIC: [8] Undefined offset: 70023 D:\Aroot\myphp_www\PHPTutorial\WWW\famaotang\Runtime\Cache\Mp\2a39d99bd652d611eda0dd51ddecdabd.php 第 127 行.
NOTIC: [8] Undefined offset: 70021 D:\Aroot\myphp_www\PHPTutorial\WWW\famaotang\Runtime\Cache\Mp\2a39d99bd652d611eda0dd51ddecdabd.php 第 129 行.
NOTIC: [8] Undefined offset: 70005 D:\Aroot\myphp_www\PHPTutorial\WWW\famaotang\Runtime\Cache\Mp\2a39d99bd652d611eda0dd51ddecdabd.php 第 132 行.
NOTIC: [8] Undefined offset: 70014 D:\Aroot\myphp_www\PHPTutorial\WWW\famaotang\Runtime\Cache\Mp\2a39d99bd652d611eda0dd51ddecdabd.php 第 135 行.
NOTIC: [8] Undefined offset: 10002 D:\Aroot\myphp_www\PHPTutorial\WWW\famaotang\Runtime\Cache\Mp\2a39d99bd652d611eda0dd51ddecdabd.php 第 170 行.
INFO: Run Behavior\ParseTemplateBehavior [ RunTime:0.019001s ]
INFO: [ view_parse ] --END-- [ RunTime:0.019001s ]
INFO: [ view_filter ] --START--
INFO: Run Behavior\WriteHtmlCacheBehavior [ RunTime:0.001000s ]
INFO: [ view_filter ] --END-- [ RunTime:0.001000s ]
INFO: [ app_end ] --START--
INFO: Run Behavior\ShowPageTraceBehavior [ RunTime:0.000000s ]
INFO: [ app_end ] --END-- [ RunTime:0.000000s ]
NOTIC: [2] ini_set(): A session is active. You cannot change the session module's ini settings at this time D:\Aroot\myphp_www\PHPTutorial\WWW\famaotang\index.php 第 36 行.

[ 2018-10-20T17:04:39+08:00 ] ::1 /famaotang/Mp/Dealer/index
INFO: [ app_init ] --START--
INFO: Run Behavior\BuildLiteBehavior [ RunTime:0.000000s ]
INFO: [ app_init ] --END-- [ RunTime:0.001000s ]
INFO: [ app_begin ] --START--
INFO: Run Behavior\ReadHtmlCacheBehavior [ RunTime:0.001000s ]
INFO: [ app_begin ] --END-- [ RunTime:0.001000s ]
NOTIC: [8192] mysql_connect(): The mysql extension is deprecated and will be removed in the future: use mysqli or PDO instead D:\Aroot\myphp_www\PHPTutorial\WWW\famaotang\Tp\Library\Think\Session\Driver\Db.class.php 第 95 行.
INFO: [ action_begin ] --START--
SQL: SHOW COLUMNS FROM `fw_denyip` [ RunTime:0.0090s ]
SQL: SELECT * FROM `fw_denyip`  [ RunTime:0.0010s ]
INFO: Run Home\Behaviors\DenyipsBehavior [ RunTime:0.018001s ]
INFO: [ action_begin ] --END-- [ RunTime:0.018001s ]
SQL: SHOW COLUMNS FROM `fw_dealer` [ RunTime:0.0100s ]
SQL: SHOW COLUMNS FROM `fw_dltype` [ RunTime:0.0090s ]
SQL: SHOW COLUMNS FROM `fw_dlsttype` [ RunTime:0.0090s ]
SQL: SELECT COUNT(*) AS tp_count FROM `fw_dealer` WHERE `dl_unitcode` = '3183' LIMIT 1   [ RunTime:0.0010s ]
SQL: SELECT * FROM `fw_dealer` WHERE `dl_unitcode` = '3183' ORDER BY dl_id DESC LIMIT 0,50   [ RunTime:0.0020s ]
SQL: SELECT * FROM `fw_dltype` WHERE `dlt_id` = 9 AND `dlt_unitcode` = '3183' LIMIT 1   [ RunTime:0.0010s ]
SQL: SELECT * FROM `fw_dealer` WHERE `dl_id` = 7 AND `dl_unitcode` = '3183' LIMIT 1   [ RunTime:0.0010s ]
SQL: SELECT * FROM `fw_dltype` WHERE `dlt_id` = 8 AND `dlt_unitcode` = '3183' LIMIT 1   [ RunTime:0.0010s ]
SQL: SELECT * FROM `fw_dealer` WHERE `dl_id` = 7 AND `dl_unitcode` = '3183' LIMIT 1   [ RunTime:0.0010s ]
SQL: SELECT * FROM `fw_dltype` WHERE `dlt_id` = 7 AND `dlt_unitcode` = '3183' LIMIT 1   [ RunTime:0.0010s ]
SQL: SELECT * FROM `fw_dealer` WHERE `dl_id` = 7 AND `dl_unitcode` = '3183' LIMIT 1   [ RunTime:0.0010s ]
SQL: SELECT * FROM `fw_dltype` WHERE `dlt_id` = 8 AND `dlt_unitcode` = '3183' LIMIT 1   [ RunTime:0.0010s ]
SQL: SELECT * FROM `fw_dealer` WHERE `dl_id` = 7 AND `dl_unitcode` = '3183' LIMIT 1   [ RunTime:0.0010s ]
SQL: SELECT * FROM `fw_dltype` WHERE `dlt_id` = 8 AND `dlt_unitcode` = '3183' LIMIT 1   [ RunTime:0.0010s ]
SQL: SELECT * FROM `fw_dealer` WHERE `dl_id` = 7 AND `dl_unitcode` = '3183' LIMIT 1   [ RunTime:0.0010s ]
SQL: SELECT * FROM `fw_dltype` WHERE `dlt_id` = 8 AND `dlt_unitcode` = '3183' LIMIT 1   [ RunTime:0.0010s ]
SQL: SELECT * FROM `fw_dealer` WHERE `dl_id` = 7 AND `dl_unitcode` = '3183' LIMIT 1   [ RunTime:0.0010s ]
SQL: SELECT * FROM `fw_dltype` WHERE `dlt_id` = 8 AND `dlt_unitcode` = '3183' LIMIT 1   [ RunTime:0.0010s ]
SQL: SELECT * FROM `fw_dealer` WHERE `dl_id` = 7 AND `dl_unitcode` = '3183' LIMIT 1   [ RunTime:0.0010s ]
SQL: SELECT * FROM `fw_dltype` WHERE `dlt_id` = 8 AND `dlt_unitcode` = '3183' LIMIT 1   [ RunTime:0.0010s ]
SQL: SELECT * FROM `fw_dealer` WHERE `dl_id` = 7 AND `dl_unitcode` = '3183' LIMIT 1   [ RunTime:0.0010s ]
SQL: SELECT * FROM `fw_dltype` WHERE `dlt_id` = 8 AND `dlt_unitcode` = '3183' LIMIT 1   [ RunTime:0.0000s ]
SQL: SELECT * FROM `fw_dealer` WHERE `dl_id` = 7 AND `dl_unitcode` = '3183' LIMIT 1   [ RunTime:0.0000s ]
SQL: SELECT * FROM `fw_dltype` WHERE `dlt_id` = 7 AND `dlt_unitcode` = '3183' LIMIT 1   [ RunTime:0.0000s ]
SQL: SELECT * FROM `fw_dealer` WHERE `dl_id` = 32 AND `dl_unitcode` = '3183' LIMIT 1   [ RunTime:0.0010s ]
SQL: SELECT * FROM `fw_dltype` WHERE `dlt_id` = 7 AND `dlt_unitcode` = '3183' LIMIT 1   [ RunTime:0.0010s ]
SQL: SELECT * FROM `fw_dealer` WHERE `dl_id` = 1 AND `dl_unitcode` = '3183' LIMIT 1   [ RunTime:0.0000s ]
SQL: SELECT * FROM `fw_dltype` WHERE `dlt_id` = 9 AND `dlt_unitcode` = '3183' LIMIT 1   [ RunTime:0.0000s ]
SQL: SELECT * FROM `fw_dealer` WHERE `dl_id` = 1 AND `dl_unitcode` = '3183' LIMIT 1   [ RunTime:0.0010s ]
SQL: SELECT * FROM `fw_dltype` WHERE `dlt_id` = 7 AND `dlt_unitcode` = '3183' LIMIT 1   [ RunTime:0.0000s ]
SQL: SELECT * FROM `fw_dealer` WHERE `dl_id` = 1 AND `dl_unitcode` = '3183' LIMIT 1   [ RunTime:0.0000s ]
SQL: SELECT * FROM `fw_dltype` WHERE `dlt_id` = 9 AND `dlt_unitcode` = '3183' LIMIT 1   [ RunTime:0.0000s ]
SQL: SELECT * FROM `fw_dealer` WHERE `dl_id` = 1 AND `dl_unitcode` = '3183' LIMIT 1   [ RunTime:0.0010s ]
SQL: SELECT * FROM `fw_dltype` WHERE `dlt_id` = 7 AND `dlt_unitcode` = '3183' LIMIT 1   [ RunTime:0.0010s ]
SQL: SELECT * FROM `fw_dealer` WHERE `dl_id` = 1 AND `dl_unitcode` = '3183' LIMIT 1   [ RunTime:0.0010s ]
SQL: SELECT * FROM `fw_dltype` WHERE `dlt_id` = 7 AND `dlt_unitcode` = '3183' LIMIT 1   [ RunTime:0.0000s ]
SQL: SELECT * FROM `fw_dealer` WHERE `dl_id` = 1 AND `dl_unitcode` = '3183' LIMIT 1   [ RunTime:0.0030s ]
SQL: SELECT * FROM `fw_dltype` WHERE `dlt_id` = 10 AND `dlt_unitcode` = '3183' LIMIT 1   [ RunTime:0.0000s ]
SQL: SELECT * FROM `fw_dealer` WHERE `dl_id` = 1 AND `dl_unitcode` = '3183' LIMIT 1   [ RunTime:0.0000s ]
SQL: SELECT * FROM `fw_dltype` WHERE `dlt_id` = 8 AND `dlt_unitcode` = '3183' LIMIT 1   [ RunTime:0.0000s ]
SQL: SELECT * FROM `fw_dealer` WHERE `dl_id` = 1 AND `dl_unitcode` = '3183' LIMIT 1   [ RunTime:0.0010s ]
SQL: SELECT * FROM `fw_dltype` WHERE `dlt_id` = 7 AND `dlt_unitcode` = '3183' LIMIT 1   [ RunTime:0.0010s ]
SQL: SELECT * FROM `fw_dealer` WHERE `dl_id` = 1 AND `dl_unitcode` = '3183' LIMIT 1   [ RunTime:0.0010s ]
SQL: SELECT * FROM `fw_dltype` WHERE `dlt_id` = 8 AND `dlt_unitcode` = '3183' LIMIT 1   [ RunTime:0.0010s ]
SQL: SELECT * FROM `fw_dealer` WHERE `dl_id` = 1 AND `dl_unitcode` = '3183' LIMIT 1   [ RunTime:0.0010s ]
SQL: SELECT * FROM `fw_dltype` WHERE `dlt_id` = 7 AND `dlt_unitcode` = '3183' LIMIT 1   [ RunTime:0.0000s ]
SQL: SELECT * FROM `fw_dealer` WHERE `dl_id` = 21 AND `dl_unitcode` = '3183' LIMIT 1   [ RunTime:0.0010s ]
SQL: SELECT * FROM `fw_dltype` WHERE `dlt_id` = 7 AND `dlt_unitcode` = '3183' LIMIT 1   [ RunTime:0.0000s ]
SQL: SELECT * FROM `fw_dealer` WHERE `dl_id` = 1 AND `dl_unitcode` = '3183' LIMIT 1   [ RunTime:0.0010s ]
SQL: SELECT * FROM `fw_dltype` WHERE `dlt_id` = 9 AND `dlt_unitcode` = '3183' LIMIT 1   [ RunTime:0.0010s ]
SQL: SELECT * FROM `fw_dealer` WHERE `dl_id` = 1 AND `dl_unitcode` = '3183' LIMIT 1   [ RunTime:0.0010s ]
SQL: SELECT * FROM `fw_dltype` WHERE `dlt_id` = 7 AND `dlt_unitcode` = '3183' LIMIT 1   [ RunTime:0.0010s ]
SQL: SELECT * FROM `fw_dealer` WHERE `dl_id` = 1 AND `dl_unitcode` = '3183' LIMIT 1   [ RunTime:0.0010s ]
SQL: SELECT * FROM `fw_dltype` WHERE `dlt_id` = 10 AND `dlt_unitcode` = '3183' LIMIT 1   [ RunTime:0.0010s ]
SQL: SELECT * FROM `fw_dealer` WHERE `dl_id` = 1 AND `dl_unitcode` = '3183' LIMIT 1   [ RunTime:0.0010s ]
SQL: SELECT * FROM `fw_dltype` WHERE `dlt_id` = 10 AND `dlt_unitcode` = '3183' LIMIT 1   [ RunTime:0.0000s ]
SQL: SELECT * FROM `fw_dealer` WHERE `dl_id` = 1 AND `dl_unitcode` = '3183' LIMIT 1   [ RunTime:0.0010s ]
SQL: SELECT * FROM `fw_dltype` WHERE `dlt_id` = 10 AND `dlt_unitcode` = '3183' LIMIT 1   [ RunTime:0.0010s ]
SQL: SELECT * FROM `fw_dealer` WHERE `dl_id` = 1 AND `dl_unitcode` = '3183' LIMIT 1   [ RunTime:0.0010s ]
SQL: SELECT * FROM `fw_dltype` WHERE `dlt_id` = 10 AND `dlt_unitcode` = '3183' LIMIT 1   [ RunTime:0.0000s ]
SQL: SELECT * FROM `fw_dealer` WHERE `dl_id` = 1 AND `dl_unitcode` = '3183' LIMIT 1   [ RunTime:0.0020s ]
SQL: SELECT * FROM `fw_dltype` WHERE `dlt_id` = 9 AND `dlt_unitcode` = '3183' LIMIT 1   [ RunTime:0.0010s ]
SQL: SELECT * FROM `fw_dealer` WHERE `dl_id` = 1 AND `dl_unitcode` = '3183' LIMIT 1   [ RunTime:0.0010s ]
SQL: SELECT * FROM `fw_dltype` WHERE `dlt_id` = 7 AND `dlt_unitcode` = '3183' LIMIT 1   [ RunTime:0.0010s ]
SQL: SELECT * FROM `fw_dealer` WHERE `dl_id` = 1 AND `dl_unitcode` = '3183' LIMIT 1   [ RunTime:0.0010s ]
SQL: SELECT * FROM `fw_dltype` WHERE `dlt_id` = 9 AND `dlt_unitcode` = '3183' LIMIT 1   [ RunTime:0.0010s ]
SQL: SELECT * FROM `fw_dealer` WHERE `dl_id` = 1 AND `dl_unitcode` = '3183' LIMIT 1   [ RunTime:0.0010s ]
SQL: SELECT * FROM `fw_dltype` WHERE `dlt_id` = 9 AND `dlt_unitcode` = '3183' LIMIT 1   [ RunTime:0.0010s ]
SQL: SELECT * FROM `fw_dealer` WHERE `dl_id` = 1 AND `dl_unitcode` = '3183' LIMIT 1   [ RunTime:0.0010s ]
SQL: SELECT * FROM `fw_dltype` WHERE `dlt_id` = 9 AND `dlt_unitcode` = '3183' LIMIT 1   [ RunTime:0.0010s ]
SQL: SELECT * FROM `fw_dealer` WHERE `dl_id` = 1 AND `dl_unitcode` = '3183' LIMIT 1   [ RunTime:0.0010s ]
SQL: SELECT * FROM `fw_dltype` WHERE `dlt_id` = 8 AND `dlt_unitcode` = '3183' LIMIT 1   [ RunTime:0.0010s ]
SQL: SELECT * FROM `fw_dealer` WHERE `dl_id` = 1 AND `dl_unitcode` = '3183' LIMIT 1   [ RunTime:0.0010s ]
SQL: SELECT * FROM `fw_dltype` WHERE `dlt_id` = 8 AND `dlt_unitcode` = '3183' LIMIT 1   [ RunTime:0.0000s ]
SQL: SELECT * FROM `fw_dealer` WHERE `dl_id` = 1 AND `dl_unitcode` = '3183' LIMIT 1   [ RunTime:0.0010s ]
SQL: SELECT * FROM `fw_dltype` WHERE `dlt_id` = 8 AND `dlt_unitcode` = '3183' LIMIT 1   [ RunTime:0.0010s ]
SQL: SELECT * FROM `fw_dealer` WHERE `dl_id` = 1 AND `dl_unitcode` = '3183' LIMIT 1   [ RunTime:0.0010s ]
SQL: SELECT * FROM `fw_dltype` WHERE `dlt_id` = 7 AND `dlt_unitcode` = '3183' LIMIT 1   [ RunTime:0.0010s ]
SQL: SELECT * FROM `fw_dealer` WHERE `dl_id` = 1 AND `dl_unitcode` = '3183' LIMIT 1   [ RunTime:0.0010s ]
SQL: SELECT * FROM `fw_dltype` WHERE `dlt_id` = 7 AND `dlt_unitcode` = '3183' LIMIT 1   [ RunTime:0.0010s ]
SQL: SELECT * FROM `fw_dltype` WHERE `dlt_unitcode` = '3183' ORDER BY dlt_level ASC,dlt_id ASC  [ RunTime:0.0010s ]
INFO: [ view_parse ] --START--
INFO: [ template_filter ] --START--
INFO: Run Behavior\ContentReplaceBehavior [ RunTime:0.000000s ]
INFO: [ template_filter ] --END-- [ RunTime:0.000000s ]
NOTIC: [8] Undefined offset: 13006 D:\Aroot\myphp_www\PHPTutorial\WWW\famaotang\Runtime\Cache\Mp\2a39d99bd652d611eda0dd51ddecdabd.php 第 53 行.
NOTIC: [8] Undefined offset: 13006 D:\Aroot\myphp_www\PHPTutorial\WWW\famaotang\Runtime\Cache\Mp\2a39d99bd652d611eda0dd51ddecdabd.php 第 54 行.
NOTIC: [8] Undefined offset: 14006 D:\Aroot\myphp_www\PHPTutorial\WWW\famaotang\Runtime\Cache\Mp\2a39d99bd652d611eda0dd51ddecdabd.php 第 66 行.
NOTIC: [8] Undefined offset: 14004 D:\Aroot\myphp_www\PHPTutorial\WWW\famaotang\Runtime\Cache\Mp\2a39d99bd652d611eda0dd51ddecdabd.php 第 67 行.
NOTIC: [8] Undefined offset: 18000 D:\Aroot\myphp_www\PHPTutorial\WWW\famaotang\Runtime\Cache\Mp\2a39d99bd652d611eda0dd51ddecdabd.php 第 71 行.
NOTIC: [8] Undefined offset: 15000 D:\Aroot\myphp_www\PHPTutorial\WWW\famaotang\Runtime\Cache\Mp\2a39d99bd652d611eda0dd51ddecdabd.php 第 87 行.
NOTIC: [8] Undefined offset: 40000 D:\Aroot\myphp_www\PHPTutorial\WWW\famaotang\Runtime\Cache\Mp\2a39d99bd652d611eda0dd51ddecdabd.php 第 97 行.
NOTIC: [8] Undefined offset: 12000 D:\Aroot\myphp_www\PHPTutorial\WWW\famaotang\Runtime\Cache\Mp\2a39d99bd652d611eda0dd51ddecdabd.php 第 106 行.
NOTIC: [8] Undefined offset: 70017 D:\Aroot\myphp_www\PHPTutorial\WWW\famaotang\Runtime\Cache\Mp\2a39d99bd652d611eda0dd51ddecdabd.php 第 121 行.
NOTIC: [8] Undefined offset: 70019 D:\Aroot\myphp_www\PHPTutorial\WWW\famaotang\Runtime\Cache\Mp\2a39d99bd652d611eda0dd51ddecdabd.php 第 122 行.
NOTIC: [8] Undefined offset: 70022 D:\Aroot\myphp_www\PHPTutorial\WWW\famaotang\Runtime\Cache\Mp\2a39d99bd652d611eda0dd51ddecdabd.php 第 126 行.
NOTIC: [8] Undefined offset: 70023 D:\Aroot\myphp_www\PHPTutorial\WWW\famaotang\Runtime\Cache\Mp\2a39d99bd652d611eda0dd51ddecdabd.php 第 127 行.
NOTIC: [8] Undefined offset: 70021 D:\Aroot\myphp_www\PHPTutorial\WWW\famaotang\Runtime\Cache\Mp\2a39d99bd652d611eda0dd51ddecdabd.php 第 129 行.
NOTIC: [8] Undefined offset: 70005 D:\Aroot\myphp_www\PHPTutorial\WWW\famaotang\Runtime\Cache\Mp\2a39d99bd652d611eda0dd51ddecdabd.php 第 132 行.
NOTIC: [8] Undefined offset: 70014 D:\Aroot\myphp_www\PHPTutorial\WWW\famaotang\Runtime\Cache\Mp\2a39d99bd652d611eda0dd51ddecdabd.php 第 135 行.
NOTIC: [8] Undefined offset: 10002 D:\Aroot\myphp_www\PHPTutorial\WWW\famaotang\Runtime\Cache\Mp\2a39d99bd652d611eda0dd51ddecdabd.php 第 170 行.
INFO: Run Behavior\ParseTemplateBehavior [ RunTime:0.026002s ]
INFO: [ view_parse ] --END-- [ RunTime:0.026002s ]
INFO: [ view_filter ] --START--
INFO: Run Behavior\WriteHtmlCacheBehavior [ RunTime:0.000000s ]
INFO: [ view_filter ] --END-- [ RunTime:0.000000s ]
INFO: [ app_end ] --START--
INFO: Run Behavior\ShowPageTraceBehavior [ RunTime:0.001000s ]
INFO: [ app_end ] --END-- [ RunTime:0.001000s ]
NOTIC: [2] ini_set(): A session is active. You cannot change the session module's ini settings at this time D:\Aroot\myphp_www\PHPTutorial\WWW\famaotang\index.php 第 36 行.

