[ 2018-10-25T15:29:44+08:00 ] ::1 /famaotang/Mp/Orders/odfinishship
INFO: [ app_begin ] --START--
INFO: Run Behavior\ReadHtmlCacheBehavior [ RunTime:0.000000s ]
INFO: [ app_begin ] --END-- [ RunTime:0.002000s ]
NOTIC: [8192] mysql_connect(): The mysql extension is deprecated and will be removed in the future: use mysqli or PDO instead D:\Aroot\myphp_www\PHPTutorial\WWW\famaotang\Tp\Library\Think\Session\Driver\Db.class.php 第 95 行.
INFO: [ action_begin ] --START--
SQL: SHOW COLUMNS FROM `fw_denyip` [ RunTime:0.0080s ]
SQL: SELECT * FROM `fw_denyip`  [ RunTime:0.0010s ]
INFO: Run Home\Behaviors\DenyipsBehavior [ RunTime:0.017001s ]
INFO: [ action_begin ] --END-- [ RunTime:0.017001s ]
SQL: SHOW COLUMNS FROM `fw_orders` [ RunTime:0.0070s ]
SQL: SELECT * FROM `fw_orders` WHERE `od_unitcode` = 3183 AND `od_id` = 84 AND `od_rcdlid` = 0 LIMIT 1   [ RunTime:0.0010s ]
SQL: SHOW COLUMNS FROM `fw_orderdetail` [ RunTime:0.0070s ]
SQL: SHOW COLUMNS FROM `fw_product` [ RunTime:0.0070s ]
SQL: SHOW COLUMNS FROM `fw_shipment` [ RunTime:0.0080s ]
SQL: SHOW COLUMNS FROM `fw_dealer` [ RunTime:0.0080s ]
SQL: SELECT * FROM `fw_orderdetail` WHERE `oddt_unitcode` = 3183 AND `oddt_odid` = 84 ORDER BY oddt_id DESC LIMIT 100   [ RunTime:0.0010s ]
SQL: SELECT * FROM `fw_product` WHERE `pro_id` = 1 AND `pro_unitcode` = '3183' LIMIT 1   [ RunTime:0.0010s ]
SQL: SELECT SUM(ship_proqty) AS tp_sum FROM `fw_shipment` WHERE `ship_pro` = 1 AND `ship_unitcode` = '3183' AND `ship_odid` = 84 AND `ship_oddtid` = 85 AND `ship_dealer` = 1 LIMIT 1   [ RunTime:0.0010s ]

[ 2018-10-25T15:44:12+08:00 ] ::1 /famaotang/Mp/Orders/odfinishship
INFO: [ app_begin ] --START--
INFO: Run Behavior\ReadHtmlCacheBehavior [ RunTime:0.001000s ]
INFO: [ app_begin ] --END-- [ RunTime:0.001000s ]
NOTIC: [8192] mysql_connect(): The mysql extension is deprecated and will be removed in the future: use mysqli or PDO instead D:\Aroot\myphp_www\PHPTutorial\WWW\famaotang\Tp\Library\Think\Session\Driver\Db.class.php 第 95 行.
INFO: [ action_begin ] --START--
SQL: SHOW COLUMNS FROM `fw_denyip` [ RunTime:0.0080s ]
SQL: SELECT * FROM `fw_denyip`  [ RunTime:0.0010s ]
INFO: Run Home\Behaviors\DenyipsBehavior [ RunTime:0.016001s ]
INFO: [ action_begin ] --END-- [ RunTime:0.016001s ]
SQL: SHOW COLUMNS FROM `fw_orders` [ RunTime:0.0090s ]
SQL: SELECT * FROM `fw_orders` WHERE `od_unitcode` = 3183 AND `od_id` = 84 AND `od_rcdlid` = 0 LIMIT 1   [ RunTime:0.0010s ]
SQL: SHOW COLUMNS FROM `fw_orderdetail` [ RunTime:0.0080s ]
SQL: SHOW COLUMNS FROM `fw_product` [ RunTime:0.0090s ]
SQL: SHOW COLUMNS FROM `fw_shipment` [ RunTime:0.0090s ]
SQL: SHOW COLUMNS FROM `fw_dealer` [ RunTime:0.0090s ]
SQL: SELECT * FROM `fw_orderdetail` WHERE `oddt_unitcode` = 3183 AND `oddt_odid` = 84 ORDER BY oddt_id DESC LIMIT 100   [ RunTime:0.0000s ]
SQL: SELECT * FROM `fw_product` WHERE `pro_id` = 1 AND `pro_unitcode` = '3183' LIMIT 1   [ RunTime:0.0000s ]
SQL: SELECT SUM(ship_proqty) AS tp_sum FROM `fw_shipment` WHERE `ship_pro` = 1 AND `ship_unitcode` = '3183' AND `ship_odid` = 84 AND `ship_oddtid` = 85 AND `ship_dealer` = 1 LIMIT 1   [ RunTime:0.0010s ]

[ 2018-10-25T16:14:06+08:00 ] ::1 /famaotang/Mp/Orders/odfinishship
INFO: [ app_begin ] --START--
INFO: Run Behavior\ReadHtmlCacheBehavior [ RunTime:0.000000s ]
INFO: [ app_begin ] --END-- [ RunTime:0.001000s ]
NOTIC: [8192] mysql_connect(): The mysql extension is deprecated and will be removed in the future: use mysqli or PDO instead D:\Aroot\myphp_www\PHPTutorial\WWW\famaotang\Tp\Library\Think\Session\Driver\Db.class.php 第 95 行.
INFO: [ action_begin ] --START--
SQL: SHOW COLUMNS FROM `fw_denyip` [ RunTime:0.0070s ]
SQL: SELECT * FROM `fw_denyip`  [ RunTime:0.0000s ]
INFO: Run Home\Behaviors\DenyipsBehavior [ RunTime:0.016001s ]
INFO: [ action_begin ] --END-- [ RunTime:0.016001s ]
SQL: SHOW COLUMNS FROM `fw_orders` [ RunTime:0.0080s ]
SQL: SELECT * FROM `fw_orders` WHERE `od_unitcode` = 3183 AND `od_id` = 85 AND `od_rcdlid` = 0 LIMIT 1   [ RunTime:0.0010s ]
SQL: SHOW COLUMNS FROM `fw_orderdetail` [ RunTime:0.0080s ]
SQL: SHOW COLUMNS FROM `fw_product` [ RunTime:0.0090s ]
SQL: SHOW COLUMNS FROM `fw_shipment` [ RunTime:0.0080s ]
SQL: SHOW COLUMNS FROM `fw_dealer` [ RunTime:0.0080s ]
SQL: SELECT * FROM `fw_orderdetail` WHERE `oddt_unitcode` = 3183 AND `oddt_odid` = 85 ORDER BY oddt_id DESC LIMIT 100   [ RunTime:0.0010s ]
SQL: SELECT * FROM `fw_product` WHERE `pro_id` = 1 AND `pro_unitcode` = '3183' LIMIT 1   [ RunTime:0.0030s ]
SQL: SELECT SUM(ship_proqty) AS tp_sum FROM `fw_shipment` WHERE `ship_pro` = 1 AND `ship_unitcode` = '3183' AND `ship_odid` = 85 AND `ship_oddtid` = 87 AND `ship_dealer` = 43 LIMIT 1   [ RunTime:0.0010s ]

[ 2018-10-25T16:18:01+08:00 ] ::1 /famaotang/Mp/Orders/odfinishship
INFO: [ app_begin ] --START--
INFO: Run Behavior\ReadHtmlCacheBehavior [ RunTime:0.001000s ]
INFO: [ app_begin ] --END-- [ RunTime:0.001000s ]
NOTIC: [8192] mysql_connect(): The mysql extension is deprecated and will be removed in the future: use mysqli or PDO instead D:\Aroot\myphp_www\PHPTutorial\WWW\famaotang\Tp\Library\Think\Session\Driver\Db.class.php 第 95 行.
INFO: [ action_begin ] --START--
SQL: SHOW COLUMNS FROM `fw_denyip` [ RunTime:0.0080s ]
SQL: SELECT * FROM `fw_denyip`  [ RunTime:0.0010s ]
INFO: Run Home\Behaviors\DenyipsBehavior [ RunTime:0.016001s ]
INFO: [ action_begin ] --END-- [ RunTime:0.016001s ]
SQL: SHOW COLUMNS FROM `fw_orders` [ RunTime:0.0080s ]
SQL: SELECT * FROM `fw_orders` WHERE `od_unitcode` = 3183 AND `od_id` = 85 AND `od_rcdlid` = 0 LIMIT 1   [ RunTime:0.0010s ]
SQL: SHOW COLUMNS FROM `fw_orderdetail` [ RunTime:0.0090s ]
SQL: SHOW COLUMNS FROM `fw_product` [ RunTime:0.0080s ]
SQL: SHOW COLUMNS FROM `fw_shipment` [ RunTime:0.0070s ]
SQL: SHOW COLUMNS FROM `fw_dealer` [ RunTime:0.0090s ]
SQL: SELECT * FROM `fw_orderdetail` WHERE `oddt_unitcode` = 3183 AND `oddt_odid` = 85 ORDER BY oddt_id DESC LIMIT 100   [ RunTime:0.0010s ]
SQL: SELECT * FROM `fw_product` WHERE `pro_id` = 1 AND `pro_unitcode` = '3183' LIMIT 1   [ RunTime:0.0010s ]
SQL: SELECT SUM(ship_proqty) AS tp_sum FROM `fw_shipment` WHERE `ship_pro` = 1 AND `ship_unitcode` = '3183' AND `ship_odid` = 85 AND `ship_oddtid` = 87 AND `ship_dealer` = 43 LIMIT 1   [ RunTime:0.0010s ]

[ 2018-10-25T16:28:56+08:00 ] ::1 /famaotang/Mp/Orders/odfinishship
INFO: [ app_begin ] --START--
INFO: Run Behavior\ReadHtmlCacheBehavior [ RunTime:0.001000s ]
INFO: [ app_begin ] --END-- [ RunTime:0.001000s ]
NOTIC: [8192] mysql_connect(): The mysql extension is deprecated and will be removed in the future: use mysqli or PDO instead D:\Aroot\myphp_www\PHPTutorial\WWW\famaotang\Tp\Library\Think\Session\Driver\Db.class.php 第 95 行.
INFO: [ action_begin ] --START--
SQL: SHOW COLUMNS FROM `fw_denyip` [ RunTime:0.0090s ]
SQL: SELECT * FROM `fw_denyip`  [ RunTime:0.0010s ]
INFO: Run Home\Behaviors\DenyipsBehavior [ RunTime:0.027001s ]
INFO: [ action_begin ] --END-- [ RunTime:0.027001s ]
SQL: SHOW COLUMNS FROM `fw_orders` [ RunTime:0.0090s ]
SQL: SELECT * FROM `fw_orders` WHERE `od_unitcode` = 3183 AND `od_id` = 86 AND `od_rcdlid` = 0 LIMIT 1   [ RunTime:0.0020s ]
SQL: SHOW COLUMNS FROM `fw_orderdetail` [ RunTime:0.0090s ]
SQL: SHOW COLUMNS FROM `fw_product` [ RunTime:0.0080s ]
SQL: SHOW COLUMNS FROM `fw_shipment` [ RunTime:0.0080s ]
SQL: SHOW COLUMNS FROM `fw_dealer` [ RunTime:0.0080s ]
SQL: SELECT * FROM `fw_orderdetail` WHERE `oddt_unitcode` = 3183 AND `oddt_odid` = 86 ORDER BY oddt_id DESC LIMIT 100   [ RunTime:0.0010s ]
SQL: SELECT * FROM `fw_product` WHERE `pro_id` = 1 AND `pro_unitcode` = '3183' LIMIT 1   [ RunTime:0.0010s ]
SQL: SELECT SUM(ship_proqty) AS tp_sum FROM `fw_shipment` WHERE `ship_pro` = 1 AND `ship_unitcode` = '3183' AND `ship_odid` = 86 AND `ship_oddtid` = 89 AND `ship_dealer` = 43 LIMIT 1   [ RunTime:0.0010s ]

[ 2018-10-25T17:10:56+08:00 ] ::1 /famaotang/Mp/Orders/odfinishship
INFO: [ app_begin ] --START--
INFO: Run Behavior\ReadHtmlCacheBehavior [ RunTime:0.001000s ]
INFO: [ app_begin ] --END-- [ RunTime:0.001000s ]
NOTIC: [8192] mysql_connect(): The mysql extension is deprecated and will be removed in the future: use mysqli or PDO instead D:\Aroot\myphp_www\PHPTutorial\WWW\famaotang\Tp\Library\Think\Session\Driver\Db.class.php 第 95 行.
INFO: [ action_begin ] --START--
SQL: SHOW COLUMNS FROM `fw_denyip` [ RunTime:0.0090s ]
SQL: SELECT * FROM `fw_denyip`  [ RunTime:0.0010s ]
INFO: Run Home\Behaviors\DenyipsBehavior [ RunTime:0.031002s ]
INFO: [ action_begin ] --END-- [ RunTime:0.031002s ]
SQL: SHOW COLUMNS FROM `fw_orders` [ RunTime:0.0090s ]
SQL: SELECT * FROM `fw_orders` WHERE `od_unitcode` = 3183 AND `od_id` = 87 AND `od_rcdlid` = 0 LIMIT 1   [ RunTime:0.0010s ]
SQL: SHOW COLUMNS FROM `fw_orderdetail` [ RunTime:0.0100s ]
SQL: SHOW COLUMNS FROM `fw_product` [ RunTime:0.0090s ]
SQL: SHOW COLUMNS FROM `fw_shipment` [ RunTime:0.0090s ]
SQL: SHOW COLUMNS FROM `fw_dealer` [ RunTime:0.0080s ]
SQL: SELECT * FROM `fw_orderdetail` WHERE `oddt_unitcode` = 3183 AND `oddt_odid` = 87 ORDER BY oddt_id DESC LIMIT 100   [ RunTime:0.0010s ]
SQL: SELECT * FROM `fw_product` WHERE `pro_id` = 1 AND `pro_unitcode` = '3183' LIMIT 1   [ RunTime:0.0010s ]
SQL: SELECT SUM(ship_proqty) AS tp_sum FROM `fw_shipment` WHERE `ship_pro` = 1 AND `ship_unitcode` = '3183' AND `ship_odid` = 87 AND `ship_oddtid` = 91 AND `ship_dealer` = 43 LIMIT 1   [ RunTime:0.0010s ]

[ 2018-10-25T17:12:02+08:00 ] ::1 /famaotang/Mp/Orders/odfinishship
INFO: [ app_begin ] --START--
INFO: Run Behavior\ReadHtmlCacheBehavior [ RunTime:0.001000s ]
INFO: [ app_begin ] --END-- [ RunTime:0.001000s ]
NOTIC: [8192] mysql_connect(): The mysql extension is deprecated and will be removed in the future: use mysqli or PDO instead D:\Aroot\myphp_www\PHPTutorial\WWW\famaotang\Tp\Library\Think\Session\Driver\Db.class.php 第 95 行.
INFO: [ action_begin ] --START--
SQL: SHOW COLUMNS FROM `fw_denyip` [ RunTime:0.0090s ]
SQL: SELECT * FROM `fw_denyip`  [ RunTime:0.0010s ]
INFO: Run Home\Behaviors\DenyipsBehavior [ RunTime:0.018001s ]
INFO: [ action_begin ] --END-- [ RunTime:0.018001s ]
SQL: SHOW COLUMNS FROM `fw_orders` [ RunTime:0.0090s ]
SQL: SELECT * FROM `fw_orders` WHERE `od_unitcode` = 3183 AND `od_id` = 87 AND `od_rcdlid` = 0 LIMIT 1   [ RunTime:0.0010s ]
SQL: SHOW COLUMNS FROM `fw_orderdetail` [ RunTime:0.0080s ]
SQL: SHOW COLUMNS FROM `fw_product` [ RunTime:0.0090s ]
SQL: SHOW COLUMNS FROM `fw_shipment` [ RunTime:0.0080s ]
SQL: SHOW COLUMNS FROM `fw_dealer` [ RunTime:0.0080s ]
SQL: SELECT * FROM `fw_orderdetail` WHERE `oddt_unitcode` = 3183 AND `oddt_odid` = 87 ORDER BY oddt_id DESC LIMIT 100   [ RunTime:0.0010s ]
SQL: SELECT * FROM `fw_product` WHERE `pro_id` = 1 AND `pro_unitcode` = '3183' LIMIT 1   [ RunTime:0.0010s ]
SQL: SELECT SUM(ship_proqty) AS tp_sum FROM `fw_shipment` WHERE `ship_pro` = 1 AND `ship_unitcode` = '3183' AND `ship_odid` = 87 AND `ship_oddtid` = 91 AND `ship_dealer` = 43 LIMIT 1   [ RunTime:0.0000s ]

[ 2018-10-25T17:49:26+08:00 ] ::1 /famaotang/Mp/Orders/odfinishship
INFO: [ app_begin ] --START--
INFO: Run Behavior\ReadHtmlCacheBehavior [ RunTime:0.000000s ]
INFO: [ app_begin ] --END-- [ RunTime:0.001000s ]
NOTIC: [8192] mysql_connect(): The mysql extension is deprecated and will be removed in the future: use mysqli or PDO instead D:\Aroot\myphp_www\PHPTutorial\WWW\famaotang\Tp\Library\Think\Session\Driver\Db.class.php 第 95 行.
INFO: [ action_begin ] --START--
SQL: SHOW COLUMNS FROM `fw_denyip` [ RunTime:0.0070s ]
SQL: SELECT * FROM `fw_denyip`  [ RunTime:0.0010s ]
INFO: Run Home\Behaviors\DenyipsBehavior [ RunTime:0.015001s ]
INFO: [ action_begin ] --END-- [ RunTime:0.015001s ]
SQL: SHOW COLUMNS FROM `fw_orders` [ RunTime:0.0090s ]
SQL: SELECT * FROM `fw_orders` WHERE `od_unitcode` = 3183 AND `od_id` = 87 AND `od_rcdlid` = 0 LIMIT 1   [ RunTime:0.0010s ]
SQL: SHOW COLUMNS FROM `fw_orderdetail` [ RunTime:0.0080s ]
SQL: SHOW COLUMNS FROM `fw_product` [ RunTime:0.0090s ]
SQL: SHOW COLUMNS FROM `fw_shipment` [ RunTime:0.0080s ]
SQL: SHOW COLUMNS FROM `fw_dealer` [ RunTime:0.0090s ]
SQL: SELECT * FROM `fw_orderdetail` WHERE `oddt_unitcode` = 3183 AND `oddt_odid` = 87 ORDER BY oddt_id DESC LIMIT 100   [ RunTime:0.0010s ]
SQL: SELECT * FROM `fw_product` WHERE `pro_id` = 1 AND `pro_unitcode` = '3183' LIMIT 1   [ RunTime:0.0010s ]
SQL: SELECT SUM(ship_proqty) AS tp_sum FROM `fw_shipment` WHERE `ship_pro` = 1 AND `ship_unitcode` = '3183' AND `ship_odid` = 87 AND `ship_oddtid` = 91 AND `ship_dealer` = 43 LIMIT 1   [ RunTime:0.0010s ]

[ 2018-10-25T17:51:16+08:00 ] ::1 /famaotang/Mp/Orders/odfinishship
INFO: [ app_begin ] --START--
INFO: Run Behavior\ReadHtmlCacheBehavior [ RunTime:0.000000s ]
INFO: [ app_begin ] --END-- [ RunTime:0.000000s ]
NOTIC: [8192] mysql_connect(): The mysql extension is deprecated and will be removed in the future: use mysqli or PDO instead D:\Aroot\myphp_www\PHPTutorial\WWW\famaotang\Tp\Library\Think\Session\Driver\Db.class.php 第 95 行.
INFO: [ action_begin ] --START--
SQL: SHOW COLUMNS FROM `fw_denyip` [ RunTime:0.0080s ]
SQL: SELECT * FROM `fw_denyip`  [ RunTime:0.0010s ]
INFO: Run Home\Behaviors\DenyipsBehavior [ RunTime:0.017001s ]
INFO: [ action_begin ] --END-- [ RunTime:0.017001s ]
SQL: SHOW COLUMNS FROM `fw_orders` [ RunTime:0.0090s ]
SQL: SELECT * FROM `fw_orders` WHERE `od_unitcode` = 3183 AND `od_id` = 87 AND `od_rcdlid` = 0 LIMIT 1   [ RunTime:0.0010s ]
SQL: SHOW COLUMNS FROM `fw_orderdetail` [ RunTime:0.0090s ]
SQL: SHOW COLUMNS FROM `fw_product` [ RunTime:0.0080s ]
SQL: SHOW COLUMNS FROM `fw_shipment` [ RunTime:0.0090s ]
SQL: SHOW COLUMNS FROM `fw_dealer` [ RunTime:0.0080s ]
SQL: SELECT * FROM `fw_orderdetail` WHERE `oddt_unitcode` = 3183 AND `oddt_odid` = 87 ORDER BY oddt_id DESC LIMIT 100   [ RunTime:0.0010s ]
SQL: SELECT * FROM `fw_product` WHERE `pro_id` = 1 AND `pro_unitcode` = '3183' LIMIT 1   [ RunTime:0.0010s ]
SQL: SELECT SUM(ship_proqty) AS tp_sum FROM `fw_shipment` WHERE `ship_pro` = 1 AND `ship_unitcode` = '3183' AND `ship_odid` = 87 AND `ship_oddtid` = 91 AND `ship_dealer` = 43 LIMIT 1   [ RunTime:0.0010s ]

[ 2018-10-25T18:44:43+08:00 ] ::1 /famaotang/Mp/Orders/odfinishship
INFO: [ app_begin ] --START--
INFO: Run Behavior\ReadHtmlCacheBehavior [ RunTime:0.001000s ]
INFO: [ app_begin ] --END-- [ RunTime:0.001000s ]
NOTIC: [8192] mysql_connect(): The mysql extension is deprecated and will be removed in the future: use mysqli or PDO instead D:\Aroot\myphp_www\PHPTutorial\WWW\famaotang\Tp\Library\Think\Session\Driver\Db.class.php 第 95 行.
INFO: [ action_begin ] --START--
SQL: SHOW COLUMNS FROM `fw_denyip` [ RunTime:0.0070s ]
SQL: SELECT * FROM `fw_denyip`  [ RunTime:0.0010s ]
INFO: Run Home\Behaviors\DenyipsBehavior [ RunTime:0.017001s ]
INFO: [ action_begin ] --END-- [ RunTime:0.017001s ]
SQL: SHOW COLUMNS FROM `fw_orders` [ RunTime:0.0080s ]
SQL: SELECT * FROM `fw_orders` WHERE `od_unitcode` = 3183 AND `od_id` = 88 AND `od_rcdlid` = 0 LIMIT 1   [ RunTime:0.0010s ]
SQL: SHOW COLUMNS FROM `fw_orderdetail` [ RunTime:0.0080s ]
SQL: SHOW COLUMNS FROM `fw_product` [ RunTime:0.0080s ]
SQL: SHOW COLUMNS FROM `fw_shipment` [ RunTime:0.0080s ]
SQL: SHOW COLUMNS FROM `fw_dealer` [ RunTime:0.0090s ]
SQL: SELECT * FROM `fw_orderdetail` WHERE `oddt_unitcode` = 3183 AND `oddt_odid` = 88 ORDER BY oddt_id DESC LIMIT 100   [ RunTime:0.0010s ]
SQL: SELECT * FROM `fw_product` WHERE `pro_id` = 1 AND `pro_unitcode` = '3183' LIMIT 1   [ RunTime:0.0010s ]
SQL: SELECT SUM(ship_proqty) AS tp_sum FROM `fw_shipment` WHERE `ship_pro` = 1 AND `ship_unitcode` = '3183' AND `ship_odid` = 88 AND `ship_oddtid` = 93 AND `ship_dealer` = 43 LIMIT 1   [ RunTime:0.0010s ]

[ 2018-10-25T18:55:09+08:00 ] ::1 /famaotang/Mp/Orders/odfinishship
INFO: [ app_begin ] --START--
INFO: Run Behavior\ReadHtmlCacheBehavior [ RunTime:0.000000s ]
INFO: [ app_begin ] --END-- [ RunTime:0.001001s ]
NOTIC: [8192] mysql_connect(): The mysql extension is deprecated and will be removed in the future: use mysqli or PDO instead D:\Aroot\myphp_www\PHPTutorial\WWW\famaotang\Tp\Library\Think\Session\Driver\Db.class.php 第 95 行.
INFO: [ action_begin ] --START--
SQL: SHOW COLUMNS FROM `fw_denyip` [ RunTime:0.0080s ]
SQL: SELECT * FROM `fw_denyip`  [ RunTime:0.0010s ]
INFO: Run Home\Behaviors\DenyipsBehavior [ RunTime:0.026001s ]
INFO: [ action_begin ] --END-- [ RunTime:0.026001s ]
SQL: SHOW COLUMNS FROM `fw_orders` [ RunTime:0.0080s ]
SQL: SELECT * FROM `fw_orders` WHERE `od_unitcode` = 3183 AND `od_id` = 88 AND `od_rcdlid` = 0 LIMIT 1   [ RunTime:0.0010s ]
SQL: SHOW COLUMNS FROM `fw_orderdetail` [ RunTime:0.0080s ]
SQL: SHOW COLUMNS FROM `fw_product` [ RunTime:0.0080s ]
SQL: SHOW COLUMNS FROM `fw_shipment` [ RunTime:0.0070s ]
SQL: SHOW COLUMNS FROM `fw_dealer` [ RunTime:0.0080s ]
SQL: SELECT * FROM `fw_orderdetail` WHERE `oddt_unitcode` = 3183 AND `oddt_odid` = 88 ORDER BY oddt_id DESC LIMIT 100   [ RunTime:0.0010s ]
SQL: SELECT * FROM `fw_product` WHERE `pro_id` = 1 AND `pro_unitcode` = '3183' LIMIT 1   [ RunTime:0.0020s ]
SQL: SELECT SUM(ship_proqty) AS tp_sum FROM `fw_shipment` WHERE `ship_pro` = 1 AND `ship_unitcode` = '3183' AND `ship_odid` = 88 AND `ship_oddtid` = 93 AND `ship_dealer` = 43 LIMIT 1   [ RunTime:0.0000s ]

[ 2018-10-25T19:00:29+08:00 ] ::1 /famaotang/Mp/Orders/odfinishship
INFO: [ app_begin ] --START--
INFO: Run Behavior\ReadHtmlCacheBehavior [ RunTime:0.001000s ]
INFO: [ app_begin ] --END-- [ RunTime:0.001000s ]
NOTIC: [8192] mysql_connect(): The mysql extension is deprecated and will be removed in the future: use mysqli or PDO instead D:\Aroot\myphp_www\PHPTutorial\WWW\famaotang\Tp\Library\Think\Session\Driver\Db.class.php 第 95 行.
INFO: [ action_begin ] --START--
SQL: SHOW COLUMNS FROM `fw_denyip` [ RunTime:0.0080s ]
SQL: SELECT * FROM `fw_denyip`  [ RunTime:0.0010s ]
INFO: Run Home\Behaviors\DenyipsBehavior [ RunTime:0.027002s ]
INFO: [ action_begin ] --END-- [ RunTime:0.027002s ]
SQL: SHOW COLUMNS FROM `fw_orders` [ RunTime:0.0080s ]
SQL: SELECT * FROM `fw_orders` WHERE `od_unitcode` = 3183 AND `od_id` = 89 AND `od_rcdlid` = 0 LIMIT 1   [ RunTime:0.0010s ]
SQL: SHOW COLUMNS FROM `fw_orderdetail` [ RunTime:0.0070s ]
SQL: SHOW COLUMNS FROM `fw_product` [ RunTime:0.0080s ]
SQL: SHOW COLUMNS FROM `fw_shipment` [ RunTime:0.0080s ]
SQL: SHOW COLUMNS FROM `fw_dealer` [ RunTime:0.0080s ]
SQL: SELECT * FROM `fw_orderdetail` WHERE `oddt_unitcode` = 3183 AND `oddt_odid` = 89 ORDER BY oddt_id DESC LIMIT 100   [ RunTime:0.0010s ]
SQL: SELECT * FROM `fw_product` WHERE `pro_id` = 1 AND `pro_unitcode` = '3183' LIMIT 1   [ RunTime:0.0010s ]
SQL: SELECT SUM(ship_proqty) AS tp_sum FROM `fw_shipment` WHERE `ship_pro` = 1 AND `ship_unitcode` = '3183' AND `ship_odid` = 89 AND `ship_oddtid` = 95 AND `ship_dealer` = 43 LIMIT 1   [ RunTime:0.0010s ]

[ 2018-10-25T19:25:42+08:00 ] ::1 /famaotang/Mp/Orders/odfinishship
INFO: [ app_begin ] --START--
INFO: Run Behavior\ReadHtmlCacheBehavior [ RunTime:0.001000s ]
INFO: [ app_begin ] --END-- [ RunTime:0.001000s ]
NOTIC: [8192] mysql_connect(): The mysql extension is deprecated and will be removed in the future: use mysqli or PDO instead D:\Aroot\myphp_www\PHPTutorial\WWW\famaotang\Tp\Library\Think\Session\Driver\Db.class.php 第 95 行.
INFO: [ action_begin ] --START--
SQL: SHOW COLUMNS FROM `fw_denyip` [ RunTime:0.0100s ]
SQL: SELECT * FROM `fw_denyip`  [ RunTime:0.0010s ]
INFO: Run Home\Behaviors\DenyipsBehavior [ RunTime:0.019001s ]
INFO: [ action_begin ] --END-- [ RunTime:0.019001s ]
SQL: SHOW COLUMNS FROM `fw_orders` [ RunTime:0.0090s ]
SQL: SELECT * FROM `fw_orders` WHERE `od_unitcode` = 3183 AND `od_id` = 89 AND `od_rcdlid` = 0 LIMIT 1   [ RunTime:0.0010s ]
SQL: SHOW COLUMNS FROM `fw_orderdetail` [ RunTime:0.0100s ]
SQL: SHOW COLUMNS FROM `fw_product` [ RunTime:0.0090s ]
SQL: SHOW COLUMNS FROM `fw_shipment` [ RunTime:0.0090s ]
SQL: SHOW COLUMNS FROM `fw_dealer` [ RunTime:0.0090s ]
SQL: SELECT * FROM `fw_orderdetail` WHERE `oddt_unitcode` = 3183 AND `oddt_odid` = 89 ORDER BY oddt_id DESC LIMIT 100   [ RunTime:0.0020s ]
SQL: SELECT * FROM `fw_product` WHERE `pro_id` = 1 AND `pro_unitcode` = '3183' LIMIT 1   [ RunTime:0.0010s ]
SQL: SELECT SUM(ship_proqty) AS tp_sum FROM `fw_shipment` WHERE `ship_pro` = 1 AND `ship_unitcode` = '3183' AND `ship_odid` = 89 AND `ship_oddtid` = 95 AND `ship_dealer` = 43 LIMIT 1   [ RunTime:0.0010s ]

[ 2018-10-25T19:42:30+08:00 ] ::1 /famaotang/Mp/Orders/odfinishship
INFO: [ app_begin ] --START--
INFO: Run Behavior\ReadHtmlCacheBehavior [ RunTime:0.000000s ]
INFO: [ app_begin ] --END-- [ RunTime:0.000000s ]
NOTIC: [8192] mysql_connect(): The mysql extension is deprecated and will be removed in the future: use mysqli or PDO instead D:\Aroot\myphp_www\PHPTutorial\WWW\famaotang\Tp\Library\Think\Session\Driver\Db.class.php 第 95 行.
INFO: [ action_begin ] --START--
SQL: SHOW COLUMNS FROM `fw_denyip` [ RunTime:0.0080s ]
SQL: SELECT * FROM `fw_denyip`  [ RunTime:0.0010s ]
INFO: Run Home\Behaviors\DenyipsBehavior [ RunTime:0.016000s ]
INFO: [ action_begin ] --END-- [ RunTime:0.016000s ]
SQL: SHOW COLUMNS FROM `fw_orders` [ RunTime:0.0090s ]
SQL: SELECT * FROM `fw_orders` WHERE `od_unitcode` = 3183 AND `od_id` = 90 AND `od_rcdlid` = 0 LIMIT 1   [ RunTime:0.0010s ]
SQL: SHOW COLUMNS FROM `fw_orderdetail` [ RunTime:0.0080s ]
SQL: SHOW COLUMNS FROM `fw_product` [ RunTime:0.0080s ]
SQL: SHOW COLUMNS FROM `fw_shipment` [ RunTime:0.0080s ]
SQL: SHOW COLUMNS FROM `fw_dealer` [ RunTime:0.0090s ]
SQL: SELECT * FROM `fw_orderdetail` WHERE `oddt_unitcode` = 3183 AND `oddt_odid` = 90 ORDER BY oddt_id DESC LIMIT 100   [ RunTime:0.0010s ]
SQL: SELECT * FROM `fw_product` WHERE `pro_id` = 1 AND `pro_unitcode` = '3183' LIMIT 1   [ RunTime:0.0010s ]
SQL: SELECT SUM(ship_proqty) AS tp_sum FROM `fw_shipment` WHERE `ship_pro` = 1 AND `ship_unitcode` = '3183' AND `ship_odid` = 90 AND `ship_oddtid` = 97 AND `ship_dealer` = 43 LIMIT 1   [ RunTime:0.0010s ]

[ 2018-10-25T19:45:26+08:00 ] ::1 /famaotang/Mp/Orders/odfinishship
INFO: [ app_begin ] --START--
INFO: Run Behavior\ReadHtmlCacheBehavior [ RunTime:0.001000s ]
INFO: [ app_begin ] --END-- [ RunTime:0.002000s ]
NOTIC: [8192] mysql_connect(): The mysql extension is deprecated and will be removed in the future: use mysqli or PDO instead D:\Aroot\myphp_www\PHPTutorial\WWW\famaotang\Tp\Library\Think\Session\Driver\Db.class.php 第 95 行.
INFO: [ action_begin ] --START--
SQL: SHOW COLUMNS FROM `fw_denyip` [ RunTime:0.0080s ]
SQL: SELECT * FROM `fw_denyip`  [ RunTime:0.0010s ]
INFO: Run Home\Behaviors\DenyipsBehavior [ RunTime:0.017001s ]
INFO: [ action_begin ] --END-- [ RunTime:0.017001s ]
SQL: SHOW COLUMNS FROM `fw_orders` [ RunTime:0.0080s ]
SQL: SELECT * FROM `fw_orders` WHERE `od_unitcode` = 3183 AND `od_id` = 91 AND `od_rcdlid` = 0 LIMIT 1   [ RunTime:0.0010s ]
SQL: SHOW COLUMNS FROM `fw_orderdetail` [ RunTime:0.0090s ]
SQL: SHOW COLUMNS FROM `fw_product` [ RunTime:0.0100s ]
SQL: SHOW COLUMNS FROM `fw_shipment` [ RunTime:0.0090s ]
SQL: SHOW COLUMNS FROM `fw_dealer` [ RunTime:0.0080s ]
SQL: SELECT * FROM `fw_orderdetail` WHERE `oddt_unitcode` = 3183 AND `oddt_odid` = 91 ORDER BY oddt_id DESC LIMIT 100   [ RunTime:0.0010s ]
SQL: SELECT * FROM `fw_product` WHERE `pro_id` = 1 AND `pro_unitcode` = '3183' LIMIT 1   [ RunTime:0.0010s ]
SQL: SELECT SUM(ship_proqty) AS tp_sum FROM `fw_shipment` WHERE `ship_pro` = 1 AND `ship_unitcode` = '3183' AND `ship_odid` = 91 AND `ship_oddtid` = 99 AND `ship_dealer` = 43 LIMIT 1   [ RunTime:0.0010s ]

[ 2018-10-25T19:48:02+08:00 ] ::1 /famaotang/Mp/Orders/odfinishship
INFO: [ app_begin ] --START--
INFO: Run Behavior\ReadHtmlCacheBehavior [ RunTime:0.000000s ]
INFO: [ app_begin ] --END-- [ RunTime:0.002000s ]
NOTIC: [8192] mysql_connect(): The mysql extension is deprecated and will be removed in the future: use mysqli or PDO instead D:\Aroot\myphp_www\PHPTutorial\WWW\famaotang\Tp\Library\Think\Session\Driver\Db.class.php 第 95 行.
INFO: [ action_begin ] --START--
SQL: SHOW COLUMNS FROM `fw_denyip` [ RunTime:0.0080s ]
SQL: SELECT * FROM `fw_denyip`  [ RunTime:0.0000s ]
INFO: Run Home\Behaviors\DenyipsBehavior [ RunTime:0.018002s ]
INFO: [ action_begin ] --END-- [ RunTime:0.019002s ]
SQL: SHOW COLUMNS FROM `fw_orders` [ RunTime:0.0080s ]
SQL: SELECT * FROM `fw_orders` WHERE `od_unitcode` = 3183 AND `od_id` = 92 AND `od_rcdlid` = 0 LIMIT 1   [ RunTime:0.0010s ]
SQL: SHOW COLUMNS FROM `fw_orderdetail` [ RunTime:0.0080s ]
SQL: SHOW COLUMNS FROM `fw_product` [ RunTime:0.0080s ]
SQL: SHOW COLUMNS FROM `fw_shipment` [ RunTime:0.0080s ]
SQL: SHOW COLUMNS FROM `fw_dealer` [ RunTime:0.0080s ]
SQL: SELECT * FROM `fw_orderdetail` WHERE `oddt_unitcode` = 3183 AND `oddt_odid` = 92 ORDER BY oddt_id DESC LIMIT 100   [ RunTime:0.0010s ]
SQL: SELECT * FROM `fw_product` WHERE `pro_id` = 1 AND `pro_unitcode` = '3183' LIMIT 1   [ RunTime:0.0000s ]
SQL: SELECT SUM(ship_proqty) AS tp_sum FROM `fw_shipment` WHERE `ship_pro` = 1 AND `ship_unitcode` = '3183' AND `ship_odid` = 92 AND `ship_oddtid` = 101 AND `ship_dealer` = 43 LIMIT 1   [ RunTime:0.0000s ]

[ 2018-10-25T20:11:37+08:00 ] ::1 /famaotang/Mp/Orders/odfinishship
INFO: [ app_begin ] --START--
INFO: Run Behavior\ReadHtmlCacheBehavior [ RunTime:0.001000s ]
INFO: [ app_begin ] --END-- [ RunTime:0.001000s ]
NOTIC: [8192] mysql_connect(): The mysql extension is deprecated and will be removed in the future: use mysqli or PDO instead D:\Aroot\myphp_www\PHPTutorial\WWW\famaotang\Tp\Library\Think\Session\Driver\Db.class.php 第 95 行.
INFO: [ action_begin ] --START--
SQL: SHOW COLUMNS FROM `fw_denyip` [ RunTime:0.0090s ]
SQL: SELECT * FROM `fw_denyip`  [ RunTime:0.0010s ]
INFO: Run Home\Behaviors\DenyipsBehavior [ RunTime:0.026002s ]
INFO: [ action_begin ] --END-- [ RunTime:0.026002s ]
SQL: SHOW COLUMNS FROM `fw_orders` [ RunTime:0.0090s ]
SQL: SELECT * FROM `fw_orders` WHERE `od_unitcode` = 3183 AND `od_id` = 93 AND `od_rcdlid` = 0 LIMIT 1   [ RunTime:0.0020s ]
SQL: SHOW COLUMNS FROM `fw_orderdetail` [ RunTime:0.0080s ]
SQL: SHOW COLUMNS FROM `fw_product` [ RunTime:0.0090s ]
SQL: SHOW COLUMNS FROM `fw_shipment` [ RunTime:0.0080s ]
SQL: SHOW COLUMNS FROM `fw_dealer` [ RunTime:0.0080s ]
SQL: SELECT * FROM `fw_orderdetail` WHERE `oddt_unitcode` = 3183 AND `oddt_odid` = 93 ORDER BY oddt_id DESC LIMIT 100   [ RunTime:0.0020s ]
SQL: SELECT * FROM `fw_product` WHERE `pro_id` = 1 AND `pro_unitcode` = '3183' LIMIT 1   [ RunTime:0.0010s ]
SQL: SELECT SUM(ship_proqty) AS tp_sum FROM `fw_shipment` WHERE `ship_pro` = 1 AND `ship_unitcode` = '3183' AND `ship_odid` = 93 AND `ship_oddtid` = 103 AND `ship_dealer` = 44 LIMIT 1   [ RunTime:0.0010s ]

[ 2018-10-25T20:13:26+08:00 ] ::1 /famaotang/Mp/Orders/odfinishship
INFO: [ app_begin ] --START--
INFO: Run Behavior\ReadHtmlCacheBehavior [ RunTime:0.001000s ]
INFO: [ app_begin ] --END-- [ RunTime:0.001000s ]
NOTIC: [8192] mysql_connect(): The mysql extension is deprecated and will be removed in the future: use mysqli or PDO instead D:\Aroot\myphp_www\PHPTutorial\WWW\famaotang\Tp\Library\Think\Session\Driver\Db.class.php 第 95 行.
INFO: [ action_begin ] --START--
SQL: SHOW COLUMNS FROM `fw_denyip` [ RunTime:0.0090s ]
SQL: SELECT * FROM `fw_denyip`  [ RunTime:0.0010s ]
INFO: Run Home\Behaviors\DenyipsBehavior [ RunTime:0.027001s ]
INFO: [ action_begin ] --END-- [ RunTime:0.027001s ]
SQL: SHOW COLUMNS FROM `fw_orders` [ RunTime:0.0090s ]
SQL: SELECT * FROM `fw_orders` WHERE `od_unitcode` = 3183 AND `od_id` = 94 AND `od_rcdlid` = 0 LIMIT 1   [ RunTime:0.0020s ]
SQL: SHOW COLUMNS FROM `fw_orderdetail` [ RunTime:0.0090s ]
SQL: SHOW COLUMNS FROM `fw_product` [ RunTime:0.0090s ]
SQL: SHOW COLUMNS FROM `fw_shipment` [ RunTime:0.0080s ]
SQL: SHOW COLUMNS FROM `fw_dealer` [ RunTime:0.0100s ]
SQL: SELECT * FROM `fw_orderdetail` WHERE `oddt_unitcode` = 3183 AND `oddt_odid` = 94 ORDER BY oddt_id DESC LIMIT 100   [ RunTime:0.0010s ]
SQL: SELECT * FROM `fw_product` WHERE `pro_id` = 1 AND `pro_unitcode` = '3183' LIMIT 1   [ RunTime:0.0010s ]
SQL: SELECT SUM(ship_proqty) AS tp_sum FROM `fw_shipment` WHERE `ship_pro` = 1 AND `ship_unitcode` = '3183' AND `ship_odid` = 94 AND `ship_oddtid` = 105 AND `ship_dealer` = 44 LIMIT 1   [ RunTime:0.0000s ]

[ 2018-10-25T20:35:36+08:00 ] ::1 /famaotang/Mp/Orders/odfinishship
INFO: [ app_begin ] --START--
INFO: Run Behavior\ReadHtmlCacheBehavior [ RunTime:0.001000s ]
INFO: [ app_begin ] --END-- [ RunTime:0.001000s ]
NOTIC: [8192] mysql_connect(): The mysql extension is deprecated and will be removed in the future: use mysqli or PDO instead D:\Aroot\myphp_www\PHPTutorial\WWW\famaotang\Tp\Library\Think\Session\Driver\Db.class.php 第 95 行.
INFO: [ action_begin ] --START--
SQL: SHOW COLUMNS FROM `fw_denyip` [ RunTime:0.0080s ]
SQL: SELECT * FROM `fw_denyip`  [ RunTime:0.0010s ]
INFO: Run Home\Behaviors\DenyipsBehavior [ RunTime:0.025001s ]
INFO: [ action_begin ] --END-- [ RunTime:0.025001s ]
SQL: SHOW COLUMNS FROM `fw_orders` [ RunTime:0.0080s ]
SQL: SELECT * FROM `fw_orders` WHERE `od_unitcode` = 3183 AND `od_id` = 95 AND `od_rcdlid` = 0 LIMIT 1   [ RunTime:0.0010s ]
SQL: SHOW COLUMNS FROM `fw_orderdetail` [ RunTime:0.0080s ]
SQL: SHOW COLUMNS FROM `fw_product` [ RunTime:0.0080s ]
SQL: SHOW COLUMNS FROM `fw_shipment` [ RunTime:0.0090s ]
SQL: SHOW COLUMNS FROM `fw_dealer` [ RunTime:0.0080s ]
SQL: SELECT * FROM `fw_orderdetail` WHERE `oddt_unitcode` = 3183 AND `oddt_odid` = 95 ORDER BY oddt_id DESC LIMIT 100   [ RunTime:0.0010s ]
SQL: SELECT * FROM `fw_product` WHERE `pro_id` = 1 AND `pro_unitcode` = '3183' LIMIT 1   [ RunTime:0.0010s ]
SQL: SELECT SUM(ship_proqty) AS tp_sum FROM `fw_shipment` WHERE `ship_pro` = 1 AND `ship_unitcode` = '3183' AND `ship_odid` = 95 AND `ship_oddtid` = 107 AND `ship_dealer` = 1 LIMIT 1   [ RunTime:0.0010s ]

[ 2018-10-25T20:37:58+08:00 ] ::1 /famaotang/Mp/Orders/odfinishship
INFO: [ app_begin ] --START--
INFO: Run Behavior\ReadHtmlCacheBehavior [ RunTime:0.000000s ]
INFO: [ app_begin ] --END-- [ RunTime:0.001000s ]
NOTIC: [8192] mysql_connect(): The mysql extension is deprecated and will be removed in the future: use mysqli or PDO instead D:\Aroot\myphp_www\PHPTutorial\WWW\famaotang\Tp\Library\Think\Session\Driver\Db.class.php 第 95 行.
INFO: [ action_begin ] --START--
SQL: SHOW COLUMNS FROM `fw_denyip` [ RunTime:0.0200s ]
SQL: SELECT * FROM `fw_denyip`  [ RunTime:0.0020s ]
INFO: Run Home\Behaviors\DenyipsBehavior [ RunTime:0.039003s ]
INFO: [ action_begin ] --END-- [ RunTime:0.039003s ]
SQL: SHOW COLUMNS FROM `fw_orders` [ RunTime:0.0090s ]
SQL: SELECT * FROM `fw_orders` WHERE `od_unitcode` = 3183 AND `od_id` = 96 AND `od_rcdlid` = 0 LIMIT 1   [ RunTime:0.0010s ]
SQL: SHOW COLUMNS FROM `fw_orderdetail` [ RunTime:0.0090s ]
SQL: SHOW COLUMNS FROM `fw_product` [ RunTime:0.0080s ]
SQL: SHOW COLUMNS FROM `fw_shipment` [ RunTime:0.0090s ]
SQL: SHOW COLUMNS FROM `fw_dealer` [ RunTime:0.0090s ]
SQL: SELECT * FROM `fw_orderdetail` WHERE `oddt_unitcode` = 3183 AND `oddt_odid` = 96 ORDER BY oddt_id DESC LIMIT 100   [ RunTime:0.0010s ]
SQL: SELECT * FROM `fw_product` WHERE `pro_id` = 1 AND `pro_unitcode` = '3183' LIMIT 1   [ RunTime:0.0010s ]
SQL: SELECT SUM(ship_proqty) AS tp_sum FROM `fw_shipment` WHERE `ship_pro` = 1 AND `ship_unitcode` = '3183' AND `ship_odid` = 96 AND `ship_oddtid` = 109 AND `ship_dealer` = 43 LIMIT 1   [ RunTime:0.0020s ]

[ 2018-10-25T20:55:41+08:00 ] ::1 /famaotang/Mp/Orders/odfinishship
INFO: [ app_begin ] --START--
INFO: Run Behavior\ReadHtmlCacheBehavior [ RunTime:0.001000s ]
INFO: [ app_begin ] --END-- [ RunTime:0.001000s ]
NOTIC: [8192] mysql_connect(): The mysql extension is deprecated and will be removed in the future: use mysqli or PDO instead D:\Aroot\myphp_www\PHPTutorial\WWW\famaotang\Tp\Library\Think\Session\Driver\Db.class.php 第 95 行.
INFO: [ action_begin ] --START--
SQL: SHOW COLUMNS FROM `fw_denyip` [ RunTime:0.0090s ]
SQL: SELECT * FROM `fw_denyip`  [ RunTime:0.0010s ]
INFO: Run Home\Behaviors\DenyipsBehavior [ RunTime:0.017001s ]
INFO: [ action_begin ] --END-- [ RunTime:0.017001s ]
SQL: SHOW COLUMNS FROM `fw_orders` [ RunTime:0.0090s ]
SQL: SELECT * FROM `fw_orders` WHERE `od_unitcode` = 3183 AND `od_id` = 97 AND `od_rcdlid` = 0 LIMIT 1   [ RunTime:0.0010s ]
SQL: SHOW COLUMNS FROM `fw_orderdetail` [ RunTime:0.0090s ]
SQL: SHOW COLUMNS FROM `fw_product` [ RunTime:0.0080s ]
SQL: SHOW COLUMNS FROM `fw_shipment` [ RunTime:0.0090s ]
SQL: SHOW COLUMNS FROM `fw_dealer` [ RunTime:0.0090s ]
SQL: SELECT * FROM `fw_orderdetail` WHERE `oddt_unitcode` = 3183 AND `oddt_odid` = 97 ORDER BY oddt_id DESC LIMIT 100   [ RunTime:0.0010s ]
SQL: SELECT * FROM `fw_product` WHERE `pro_id` = 1 AND `pro_unitcode` = '3183' LIMIT 1   [ RunTime:0.0010s ]
SQL: SELECT SUM(ship_proqty) AS tp_sum FROM `fw_shipment` WHERE `ship_pro` = 1 AND `ship_unitcode` = '3183' AND `ship_odid` = 97 AND `ship_oddtid` = 111 AND `ship_dealer` = 43 LIMIT 1   [ RunTime:0.0010s ]

